#
# A fatal error has been detected by the Java Runtime Environment:
#
#  EXCEPTION_ACCESS_VIOLATION (0xc0000005) at pc=0x0000000180004465, pid=1948, tid=1364
#
# JRE version: Java(TM) SE Runtime Environment (9.0+11) (build 9.0.1+11)
# Java VM: Java HotSpot(TM) 64-Bit Server VM (9.0.1+11, mixed mode, tiered, compressed oops, g1 gc, windows-amd64)
# Problematic frame:
# C  0x0000000180004465
#
# No core dump will be written. Minidumps are not enabled by default on client versions of Windows
#
# If you would like to submit a bug report, please visit:
#   http://bugreport.java.com/bugreport/crash.jsp
# The crash happened outside the Java Virtual Machine in native code.
# See problematic frame for where to report the bug.
#

---------------  S U M M A R Y ------------

Command Line: -javaagent:C:\Program Files\JetBrains\IntelliJ IDEA Community Edition 2017.3.4\lib\idea_rt.jar=56963:C:\Program Files\JetBrains\IntelliJ IDEA Community Edition 2017.3.4\bin -Dfile.encoding=UTF-8 Program.MainClass

Host: Intel(R) Core(TM) i7-5500U CPU @ 2.40GHz, 4 cores, 7G,  Windows 10 , 64 bit Build 16299 (10.0.16299.15)
Time: Thu Feb 08 02:09:29 2018 SE Asia Standard Time elapsed time: 24 seconds (0d 0h 0m 24s)

---------------  T H R E A D  ---------------

Current thread (0x000001c0eb3f7000):  JavaThread "JavaFX Application Thread" [_thread_in_native, id=1364, stack(0x0000009633800000,0x0000009633900000)]

Stack: [0x0000009633800000,0x0000009633900000],  sp=0x00000096338fa690,  free space=1001k
Native frames: (J=compiled Java code, j=interpreted, Vv=VM code, C=native code)
C  0x0000000180004465
C  0x000001c0d3ed921c

Java frames: (J=compiled Java code, j=interpreted, Vv=VM code)
j  gnu.io.RXTXPort.nativeDrain(Z)Z+0
j  gnu.io.RXTXPort$SerialOutputStream.flush()V+92
j  Program.Controller.sendEvent(Ljavafx/event/ActionEvent;)V+28
v  ~StubRoutines::call_stub
j  jdk.internal.reflect.NativeMethodAccessorImpl.invoke0(Ljava/lang/reflect/Method;Ljava/lang/Object;[Ljava/lang/Object;)Ljava/lang/Object;+0 java.base@9.0.1
j  jdk.internal.reflect.NativeMethodAccessorImpl.invoke(Ljava/lang/Object;[Ljava/lang/Object;)Ljava/lang/Object;+100 java.base@9.0.1
J 1132 c1 jdk.internal.reflect.DelegatingMethodAccessorImpl.invoke(Ljava/lang/Object;[Ljava/lang/Object;)Ljava/lang/Object; java.base@9.0.1 (10 bytes) @ 0x000001c0d465c2bc [0x000001c0d465c1c0+0x00000000000000fc]
J 1131 c1 java.lang.reflect.Method.invoke(Ljava/lang/Object;[Ljava/lang/Object;)Ljava/lang/Object; java.base@9.0.1 (65 bytes) @ 0x000001c0d465bd24 [0x000001c0d465b900+0x0000000000000424]
j  com.sun.javafx.reflect.Trampoline.invoke(Ljava/lang/reflect/Method;Ljava/lang/Object;[Ljava/lang/Object;)Ljava/lang/Object;+7
j  jdk.internal.reflect.GeneratedMethodAccessor2.invoke(Ljava/lang/Object;[Ljava/lang/Object;)Ljava/lang/Object;+40
J 1132 c1 jdk.internal.reflect.DelegatingMethodAccessorImpl.invoke(Ljava/lang/Object;[Ljava/lang/Object;)Ljava/lang/Object; java.base@9.0.1 (10 bytes) @ 0x000001c0d465c2bc [0x000001c0d465c1c0+0x00000000000000fc]
J 1131 c1 java.lang.reflect.Method.invoke(Ljava/lang/Object;[Ljava/lang/Object;)Ljava/lang/Object; java.base@9.0.1 (65 bytes) @ 0x000001c0d465bd24 [0x000001c0d465b900+0x0000000000000424]
j  com.sun.javafx.reflect.MethodUtil.invoke(Ljava/lang/reflect/Method;Ljava/lang/Object;[Ljava/lang/Object;)Ljava/lang/Object;+20 javafx.base@9.0.1
j  com.sun.javafx.fxml.MethodHelper.invoke(Ljava/lang/reflect/Method;Ljava/lang/Object;[Ljava/lang/Object;)Ljava/lang/Object;+142 javafx.fxml@9.0.1
j  javafx.fxml.FXMLLoader$MethodHandler.invoke([Ljava/lang/Object;)V+19 javafx.fxml@9.0.1
j  javafx.fxml.FXMLLoader$ControllerMethodEventHandler.handle(Ljavafx/event/Event;)V+12 javafx.fxml@9.0.1
J 2384 c1 com.sun.javafx.event.CompositeEventHandler.dispatchBubblingEvent(Ljavafx/event/Event;)V javafx.base@9.0.1 (57 bytes) @ 0x000001c0d48e053c [0x000001c0d48e0180+0x00000000000003bc]
J 2040 c1 com.sun.javafx.event.EventHandlerManager.dispatchBubblingEvent(Ljavafx/event/Event;)Ljavafx/event/Event; javafx.base@9.0.1 (23 bytes) @ 0x000001c0d483154c [0x000001c0d4830ec0+0x000000000000068c]
J 1995 c1 com.sun.javafx.event.CompositeEventDispatcher.dispatchBubblingEvent(Ljavafx/event/Event;)Ljavafx/event/Event; javafx.base@9.0.1 (35 bytes) @ 0x000001c0d4824494 [0x000001c0d48242e0+0x00000000000001b4]
J 1993 c1 com.sun.javafx.event.BasicEventDispatcher.dispatchEvent(Ljavafx/event/Event;Ljavafx/event/EventDispatchChain;)Ljavafx/event/Event; javafx.base@9.0.1 (44 bytes) @ 0x000001c0d4824eac [0x000001c0d4824b80+0x000000000000032c]
J 1960 c1 com.sun.javafx.event.EventDispatchChainImpl.dispatchEvent(Ljavafx/event/Event;)Ljavafx/event/Event; javafx.base@9.0.1 (101 bytes) @ 0x000001c0d4812c8c [0x000001c0d4812ae0+0x00000000000001ac]
J 1993 c1 com.sun.javafx.event.BasicEventDispatcher.dispatchEvent(Ljavafx/event/Event;Ljavafx/event/EventDispatchChain;)Ljavafx/event/Event; javafx.base@9.0.1 (44 bytes) @ 0x000001c0d4824dc4 [0x000001c0d4824b80+0x0000000000000244]
J 1960 c1 com.sun.javafx.event.EventDispatchChainImpl.dispatchEvent(Ljavafx/event/Event;)Ljavafx/event/Event; javafx.base@9.0.1 (101 bytes) @ 0x000001c0d4812c8c [0x000001c0d4812ae0+0x00000000000001ac]
J 1993 c1 com.sun.javafx.event.BasicEventDispatcher.dispatchEvent(Ljavafx/event/Event;Ljavafx/event/EventDispatchChain;)Ljavafx/event/Event; javafx.base@9.0.1 (44 bytes) @ 0x000001c0d4824dc4 [0x000001c0d4824b80+0x0000000000000244]
J 1960 c1 com.sun.javafx.event.EventDispatchChainImpl.dispatchEvent(Ljavafx/event/Event;)Ljavafx/event/Event; javafx.base@9.0.1 (101 bytes) @ 0x000001c0d4812c8c [0x000001c0d4812ae0+0x00000000000001ac]
J 2426 c1 com.sun.javafx.event.EventUtil.fireEvent(Ljavafx/event/EventTarget;Ljavafx/event/Event;)Ljavafx/event/Event; javafx.base@9.0.1 (81 bytes) @ 0x000001c0d48f3c54 [0x000001c0d48f2e20+0x0000000000000e34]
J 2425 c1 javafx.event.Event.fireEvent(Ljavafx/event/EventTarget;Ljavafx/event/Event;)V javafx.base@9.0.1 (35 bytes) @ 0x000001c0d48f2744 [0x000001c0d48f2680+0x00000000000000c4]
j  javafx.scene.Node.fireEvent(Ljavafx/event/Event;)V+86 javafx.graphics@9.0.1
j  javafx.scene.control.Button.fire()V+15 javafx.controls@9.0.1
j  com.sun.javafx.scene.control.behavior.ButtonBehavior.mouseReleased(Ljavafx/scene/input/MouseEvent;)V+27 javafx.controls@9.0.1
j  com.sun.javafx.scene.control.behavior.ButtonBehavior$$Lambda$487.handle(Ljavafx/event/Event;)V+8 javafx.controls@9.0.1
j  com.sun.javafx.scene.control.inputmap.InputMap.handle(Ljavafx/event/Event;)V+61 javafx.controls@9.0.1
j  com.sun.javafx.scene.control.inputmap.InputMap$$Lambda$188.handle(Ljavafx/event/Event;)V+5 javafx.controls@9.0.1
J 2635 c1 com.sun.javafx.event.CompositeEventHandler$NormalEventHandlerRecord.handleBubblingEvent(Ljavafx/event/Event;)V javafx.base@9.0.1 (11 bytes) @ 0x000001c0d496933c [0x000001c0d4969240+0x00000000000000fc]
J 2384 c1 com.sun.javafx.event.CompositeEventHandler.dispatchBubblingEvent(Ljavafx/event/Event;)V javafx.base@9.0.1 (57 bytes) @ 0x000001c0d48e03bc [0x000001c0d48e0180+0x000000000000023c]
J 2040 c1 com.sun.javafx.event.EventHandlerManager.dispatchBubblingEvent(Ljavafx/event/Event;)Ljavafx/event/Event; javafx.base@9.0.1 (23 bytes) @ 0x000001c0d483154c [0x000001c0d4830ec0+0x000000000000068c]
J 1995 c1 com.sun.javafx.event.CompositeEventDispatcher.dispatchBubblingEvent(Ljavafx/event/Event;)Ljavafx/event/Event; javafx.base@9.0.1 (35 bytes) @ 0x000001c0d4824494 [0x000001c0d48242e0+0x00000000000001b4]
J 1993 c1 com.sun.javafx.event.BasicEventDispatcher.dispatchEvent(Ljavafx/event/Event;Ljavafx/event/EventDispatchChain;)Ljavafx/event/Event; javafx.base@9.0.1 (44 bytes) @ 0x000001c0d4824eac [0x000001c0d4824b80+0x000000000000032c]
J 1960 c1 com.sun.javafx.event.EventDispatchChainImpl.dispatchEvent(Ljavafx/event/Event;)Ljavafx/event/Event; javafx.base@9.0.1 (101 bytes) @ 0x000001c0d4812c8c [0x000001c0d4812ae0+0x00000000000001ac]
J 1993 c1 com.sun.javafx.event.BasicEventDispatcher.dispatchEvent(Ljavafx/event/Event;Ljavafx/event/EventDispatchChain;)Ljavafx/event/Event; javafx.base@9.0.1 (44 bytes) @ 0x000001c0d4824dc4 [0x000001c0d4824b80+0x0000000000000244]
J 1960 c1 com.sun.javafx.event.EventDispatchChainImpl.dispatchEvent(Ljavafx/event/Event;)Ljavafx/event/Event; javafx.base@9.0.1 (101 bytes) @ 0x000001c0d4812c8c [0x000001c0d4812ae0+0x00000000000001ac]
J 1993 c1 com.sun.javafx.event.BasicEventDispatcher.dispatchEvent(Ljavafx/event/Event;Ljavafx/event/EventDispatchChain;)Ljavafx/event/Event; javafx.base@9.0.1 (44 bytes) @ 0x000001c0d4824dc4 [0x000001c0d4824b80+0x0000000000000244]
J 1960 c1 com.sun.javafx.event.EventDispatchChainImpl.dispatchEvent(Ljavafx/event/Event;)Ljavafx/event/Event; javafx.base@9.0.1 (101 bytes) @ 0x000001c0d4812c8c [0x000001c0d4812ae0+0x00000000000001ac]
J 2426 c1 com.sun.javafx.event.EventUtil.fireEvent(Ljavafx/event/EventTarget;Ljavafx/event/Event;)Ljavafx/event/Event; javafx.base@9.0.1 (81 bytes) @ 0x000001c0d48f37c4 [0x000001c0d48f2e20+0x00000000000009a4]
J 2537 c1 javafx.scene.Scene$MouseHandler.process(Ljavafx/scene/input/MouseEvent;Z)V javafx.graphics@9.0.1 (735 bytes) @ 0x000001c0d492e134 [0x000001c0d492b8a0+0x0000000000002894]
J 2918 c1 javafx.scene.Scene$ScenePeerListener.mouseEvent(Ljavafx/event/EventType;DDDDLjavafx/scene/input/MouseButton;ZZZZZZZZZ)V javafx.graphics@9.0.1 (50 bytes) @ 0x000001c0d4a17c8c [0x000001c0d4a179e0+0x00000000000002ac]
J 2916 c1 com.sun.javafx.tk.quantum.GlassViewEventHandler$MouseEventNotification.run()Ljava/lang/Void; javafx.graphics@9.0.1 (635 bytes) @ 0x000001c0d4a166fc [0x000001c0d4a15580+0x000000000000117c]
J 2915 c1 com.sun.javafx.tk.quantum.GlassViewEventHandler$MouseEventNotification.run()Ljava/lang/Object; javafx.graphics@9.0.1 (5 bytes) @ 0x000001c0d4a150c4 [0x000001c0d4a15040+0x0000000000000084]
v  ~StubRoutines::call_stub
J 2271  java.security.AccessController.doPrivileged(Ljava/security/PrivilegedAction;Ljava/security/AccessControlContext;)Ljava/lang/Object; java.base@9.0.1 (0 bytes) @ 0x000001c0dba82246 [0x000001c0dba821e0+0x0000000000000066]
J 2913 c1 com.sun.javafx.tk.quantum.GlassViewEventHandler$$Lambda$596.get()Ljava/lang/Object; javafx.graphics@9.0.1 (8 bytes) @ 0x000001c0d4a141bc [0x000001c0d4a14000+0x00000000000001bc]
J 2520 c1 com.sun.javafx.tk.quantum.QuantumToolkit.runWithoutRenderLock(Ljava/util/function/Supplier;)Ljava/lang/Object; javafx.graphics@9.0.1 (49 bytes) @ 0x000001c0d491f45c [0x000001c0d491ef40+0x000000000000051c]
J 2588 c1 com.sun.javafx.tk.quantum.GlassViewEventHandler.handleMouseEvent(Lcom/sun/glass/ui/View;JIIIIIIIZZ)V javafx.graphics@9.0.1 (108 bytes) @ 0x000001c0d495501c [0x000001c0d4954c20+0x00000000000003fc]
J 2586 c1 com.sun.glass.ui.View.notifyMouse(IIIIIIIZZ)V javafx.graphics@9.0.1 (221 bytes) @ 0x000001c0d49538cc [0x000001c0d49528c0+0x000000000000100c]
v  ~StubRoutines::call_stub
j  com.sun.glass.ui.win.WinApplication._runLoop(Ljava/lang/Runnable;)V+0 javafx.graphics@9.0.1
j  com.sun.glass.ui.win.WinApplication.lambda$runLoop$3(ILjava/lang/Runnable;)V+8 javafx.graphics@9.0.1
j  com.sun.glass.ui.win.WinApplication$$Lambda$49.run()V+12 javafx.graphics@9.0.1
j  java.lang.Thread.run()V+11 java.base@9.0.1
v  ~StubRoutines::call_stub

siginfo: EXCEPTION_ACCESS_VIOLATION (0xc0000005), reading address 0x00000000349fec0c


Register to memory mapping:

RIP=0x0000000180004465 is an unknown value
RAX=0x000000000000001c is an unknown value
RBX=0x000001c0eb3f7218 is an unknown value
RCX=0x00000096338fadac is pointing into the stack for thread: 0x000001c0eb3f7000
RDX=0x0000000000000000 is an unknown value
RSP=0x00000096338fa690 is pointing into the stack for thread: 0x000001c0eb3f7000
RBP=0x0000000000000001 is an unknown value
RSI=0x0000000000000000 is an unknown value
RDI=0x0000000000000001 is an unknown value
R8 =0x00000096338fa350 is pointing into the stack for thread: 0x000001c0eb3f7000
R9 =0x0000000180000000 is an unknown value
R10=0x0000000000000000 is an unknown value
R11=0x0000000000000200 is an unknown value
R12=0x00000000349fec00 is an unknown value
R13=0x0000000000000000 is an unknown value
R14=0x00000096338faec0 is pointing into the stack for thread: 0x000001c0eb3f7000
R15=0x000001c0eb3f7000 is a thread


Registers:
RAX=0x000000000000001c, RBX=0x000001c0eb3f7218, RCX=0x00000096338fadac, RDX=0x0000000000000000
RSP=0x00000096338fa690, RBP=0x0000000000000001, RSI=0x0000000000000000, RDI=0x0000000000000001
R8 =0x00000096338fa350, R9 =0x0000000180000000, R10=0x0000000000000000, R11=0x0000000000000200
R12=0x00000000349fec00, R13=0x0000000000000000, R14=0x00000096338faec0, R15=0x000001c0eb3f7000
RIP=0x0000000180004465, EFLAGS=0x0000000000010206

Top of Stack: (sp=0x00000096338fa690)
0x00000096338fa690:   000001c0eb3f7218 000000018001c4c0
0x00000096338fa6a0:   0000000000000000 0000000000000001
0x00000096338fa6b0:   000001c0d3ec0d10 0000000088403588
0x00000096338fa6c0:   00000096338faec0 000001c0eb3f7000
0x00000096338fa6d0:   000001c0ea9ab818 00000096338facc0
0x00000096338fa6e0:   0000000000000b47 0000000071bec080
0x00000096338fa6f0:   00000096338fa9af 000001c0ea9ab857
0x00000096338fa700:   000001c0eb3f7000 00000000d4a9f818
0x00000096338fa710:   000001c000000b47 0000ffff00001fad
0x00000096338fa720:   0000000000000000 0000000000000000
0x00000096338fa730:   0000000100000b47 0000000000000000
0x00000096338fa740:   0000000000000003 0000000071beab4c
0x00000096338fa750:   000001c0ea9a5f08 0000000000000000
0x00000096338fa760:   000001c0eb661190 0000000000000000
0x00000096338fa770:   0000000000000001 00000000718da999
0x00000096338fa780:   0000000000000001 0000000000000000 

Instructions: (pc=0x0000000180004465)
0x0000000180004445:   1b 48 8b d7 48 8b cb 41 ff 93 b8 00 00 00 45 84
0x0000000180004455:   ed 0f 85 97 00 00 00 4d 85 e4 0f 84 8e 00 00 00
0x0000000180004465:   41 83 7c 24 0c 00 0f 84 82 00 00 00 4c 8d 44 24
0x0000000180004475:   30 48 8d 4c 24 38 4d 8b cc 48 8b d3 e8 8a f4 ff 



---------------  P R O C E S S  ---------------

Java Threads: ( => current thread )
  0x000001c0f2de7800 JavaThread "Thread-3" [_thread_in_native, id=1632, stack(0x0000009634900000,0x0000009634a00000)]
  0x000001c0f2de8800 JavaThread "Prism Font Disposer" daemon [_thread_blocked, id=11928, stack(0x0000009634200000,0x0000009634300000)]
  0x000001c0eb3f9800 JavaThread "Java2D Disposer" daemon [_thread_blocked, id=9964, stack(0x0000009633e00000,0x0000009633f00000)]
  0x000001c0eb3f8800 JavaThread "Thread-2" daemon [_thread_in_native, id=3020, stack(0x0000009633c00000,0x0000009633d00000)]
  0x000001c0eb3f8000 JavaThread "JavaFX-Launcher" [_thread_blocked, id=5284, stack(0x0000009633d00000,0x0000009633e00000)]
=>0x000001c0eb3f7000 JavaThread "JavaFX Application Thread" [_thread_in_native, id=1364, stack(0x0000009633800000,0x0000009633900000)]
  0x000001c0eb3f6800 JavaThread "InvokeLaterDispatcher" daemon [_thread_blocked, id=4768, stack(0x0000009633700000,0x0000009633800000)]
  0x000001c0eb3fa000 JavaThread "QuantumRenderer-0" daemon [_thread_blocked, id=7796, stack(0x0000009633500000,0x0000009633600000)]
  0x000001c0eb3fb000 JavaThread "Service Thread" daemon [_thread_blocked, id=12016, stack(0x0000009633300000,0x0000009633400000)]
  0x000001c0eb3fc000 JavaThread "Monitor Ctrl-Break" daemon [_thread_in_native, id=14096, stack(0x0000009633200000,0x0000009633300000)]
  0x000001c0eb3f5800 JavaThread "Common-Cleaner" daemon [_thread_blocked, id=8992, stack(0x0000009633100000,0x0000009633200000)]
  0x000001c0eb380800 JavaThread "Sweeper thread" daemon [_thread_blocked, id=1424, stack(0x0000009633000000,0x0000009633100000)]
  0x000001c0eb365800 JavaThread "C1 CompilerThread2" daemon [_thread_blocked, id=4648, stack(0x0000009632f00000,0x0000009633000000)]
  0x000001c0eb355800 JavaThread "C2 CompilerThread1" daemon [_thread_blocked, id=8160, stack(0x0000009632e00000,0x0000009632f00000)]
  0x000001c0eb353000 JavaThread "C2 CompilerThread0" daemon [_thread_blocked, id=12872, stack(0x0000009632d00000,0x0000009632e00000)]
  0x000001c0eb34f800 JavaThread "Attach Listener" daemon [_thread_blocked, id=1792, stack(0x0000009632c00000,0x0000009632d00000)]
  0x000001c0eb34b800 JavaThread "Signal Dispatcher" daemon [_thread_blocked, id=2396, stack(0x0000009632b00000,0x0000009632c00000)]
  0x000001c0eb300800 JavaThread "Finalizer" daemon [_thread_blocked, id=8180, stack(0x0000009632a00000,0x0000009632b00000)]
  0x000001c0eb2f6800 JavaThread "Reference Handler" daemon [_thread_blocked, id=8944, stack(0x0000009632900000,0x0000009632a00000)]
  0x000001c0c7fb1000 JavaThread "main" [_thread_blocked, id=11608, stack(0x0000009631c00000,0x0000009631d00000)]

Other Threads:
  0x000001c0eb2f0800 VMThread "VM Thread" [stack: 0x0000009632800000,0x0000009632900000] [id=7576]
  0x000001c0eb697800 WatcherThread [stack: 0x0000009633400000,0x0000009633500000] [id=3040]
  0x000001c0c7fc7000 GCTaskThread "GC Thread#0" [stack: 0x0000009631d00000,0x0000009631e00000] [id=10076]
  0x000001c0c7fc8800 GCTaskThread "GC Thread#1" [stack: 0x0000009631e00000,0x0000009631f00000] [id=12708]
  0x000001c0c7fca800 GCTaskThread "GC Thread#2" [stack: 0x0000009631f00000,0x0000009632000000] [id=13580]
  0x000001c0c7fcd800 GCTaskThread "GC Thread#3" [stack: 0x0000009632000000,0x0000009632100000] [id=1896]
  0x000001c0c8042000 ConcurrentGCThread "G1 Main Marker" [stack: 0x0000009632600000,0x0000009632700000] [id=1412]
  0x000001c0c8044800 ConcurrentGCThread "G1 Marker#0" [stack: 0x0000009632700000,0x0000009632800000] [id=6000]
  0x000001c0c7fd4800 ConcurrentGCThread "G1 Refine#0" [stack: 0x0000009632400000,0x0000009632500000] [id=10000]
  0x000001c0c7fd3000 ConcurrentGCThread "G1 Refine#1" [stack: 0x0000009632300000,0x0000009632400000] [id=7768]
  0x000001c0c7fd1800 ConcurrentGCThread "G1 Refine#2" [stack: 0x0000009632200000,0x0000009632300000] [id=10704]
  0x000001c0c7fd0800 ConcurrentGCThread "G1 Refine#3" [stack: 0x0000009632100000,0x0000009632200000] [id=13688]
  0x000001c0c7fd5800 ConcurrentGCThread "G1 Young RemSet Sampling" [stack: 0x0000009632500000,0x0000009632600000] [id=2352]

Threads with active compile tasks:

VM state:not at safepoint (normal execution)

VM Mutex/Monitor currently owned by a thread: None

Heap address: 0x0000000081400000, size: 2028 MB, Compressed Oops mode: 32-bit
Narrow klass base: 0x0000000000000000, Narrow klass shift: 3
Compressed class space size: 1073741824 Address: 0x0000000100000000

Heap:
 garbage-first heap   total 131072K, used 24112K [0x0000000081400000, 0x0000000081500400, 0x0000000100000000)
  region size 1024K, 21 young (21504K), 5 survivors (5120K)
 Metaspace       used 24167K, capacity 27216K, committed 27312K, reserved 1073152K
  class space    used 3228K, capacity 3724K, committed 3760K, reserved 1048576K
Heap Regions: E=young(eden), S=young(survivor), O=old, HS=humongous(starts), HC=humongous(continues), CS=collection set, F=free, A=archive, TS=gc time stamp, AC=allocation context, TAMS=top-at-mark-start (previous, next)
|   0|0x0000000081400000, 0x00000000814a6200, 0x0000000081500000| 64%| O|  |TS  0|AC  0|TAMS 0x00000000814a6200, 0x00000000814a6200|
|   1|0x0000000081500000, 0x0000000081600000, 0x0000000081600000|100%|HS|  |TS  0|AC  0|TAMS 0x0000000081500000, 0x0000000081500000|
|   2|0x0000000081600000, 0x0000000081700000, 0x0000000081700000|100%|HS|  |TS  0|AC  0|TAMS 0x0000000081600000, 0x0000000081600000|
|   3|0x0000000081700000, 0x0000000081800000, 0x0000000081800000|100%|HC|  |TS  0|AC  0|TAMS 0x0000000081700000, 0x0000000081700000|
|   4|0x0000000081800000, 0x0000000081800000, 0x0000000081900000|  0%| F|  |TS  0|AC  0|TAMS 0x0000000081800000, 0x0000000081800000|
|   5|0x0000000081900000, 0x0000000081900000, 0x0000000081a00000|  0%| F|  |TS  0|AC  0|TAMS 0x0000000081900000, 0x0000000081900000|
|   6|0x0000000081a00000, 0x0000000081a00000, 0x0000000081b00000|  0%| F|  |TS  0|AC  0|TAMS 0x0000000081a00000, 0x0000000081a00000|
|   7|0x0000000081b00000, 0x0000000081b00000, 0x0000000081c00000|  0%| F|  |TS  0|AC  0|TAMS 0x0000000081b00000, 0x0000000081b00000|
|   8|0x0000000081c00000, 0x0000000081c00000, 0x0000000081d00000|  0%| F|  |TS  0|AC  0|TAMS 0x0000000081c00000, 0x0000000081c00000|
|   9|0x0000000081d00000, 0x0000000081d00000, 0x0000000081e00000|  0%| F|  |TS  0|AC  0|TAMS 0x0000000081d00000, 0x0000000081d00000|
|  10|0x0000000081e00000, 0x0000000081e00000, 0x0000000081f00000|  0%| F|  |TS  0|AC  0|TAMS 0x0000000081e00000, 0x0000000081e00000|
|  11|0x0000000081f00000, 0x0000000081f00000, 0x0000000082000000|  0%| F|  |TS  0|AC  0|TAMS 0x0000000081f00000, 0x0000000081f00000|
|  12|0x0000000082000000, 0x0000000082000000, 0x0000000082100000|  0%| F|  |TS  0|AC  0|TAMS 0x0000000082000000, 0x0000000082000000|
|  13|0x0000000082100000, 0x0000000082100000, 0x0000000082200000|  0%| F|  |TS  0|AC  0|TAMS 0x0000000082100000, 0x0000000082100000|
|  14|0x0000000082200000, 0x0000000082200000, 0x0000000082300000|  0%| F|  |TS  0|AC  0|TAMS 0x0000000082200000, 0x0000000082200000|
|  15|0x0000000082300000, 0x0000000082300000, 0x0000000082400000|  0%| F|  |TS  0|AC  0|TAMS 0x0000000082300000, 0x0000000082300000|
|  16|0x0000000082400000, 0x0000000082400000, 0x0000000082500000|  0%| F|  |TS  0|AC  0|TAMS 0x0000000082400000, 0x0000000082400000|
|  17|0x0000000082500000, 0x0000000082500000, 0x0000000082600000|  0%| F|  |TS  0|AC  0|TAMS 0x0000000082500000, 0x0000000082500000|
|  18|0x0000000082600000, 0x0000000082600000, 0x0000000082700000|  0%| F|  |TS  0|AC  0|TAMS 0x0000000082600000, 0x0000000082600000|
|  19|0x0000000082700000, 0x0000000082700000, 0x0000000082800000|  0%| F|  |TS  0|AC  0|TAMS 0x0000000082700000, 0x0000000082700000|
|  20|0x0000000082800000, 0x0000000082800000, 0x0000000082900000|  0%| F|  |TS  0|AC  0|TAMS 0x0000000082800000, 0x0000000082800000|
|  21|0x0000000082900000, 0x0000000082900000, 0x0000000082a00000|  0%| F|  |TS  0|AC  0|TAMS 0x0000000082900000, 0x0000000082900000|
|  22|0x0000000082a00000, 0x0000000082a00000, 0x0000000082b00000|  0%| F|  |TS  0|AC  0|TAMS 0x0000000082a00000, 0x0000000082a00000|
|  23|0x0000000082b00000, 0x0000000082b00000, 0x0000000082c00000|  0%| F|  |TS  0|AC  0|TAMS 0x0000000082b00000, 0x0000000082b00000|
|  24|0x0000000082c00000, 0x0000000082c00000, 0x0000000082d00000|  0%| F|  |TS  0|AC  0|TAMS 0x0000000082c00000, 0x0000000082c00000|
|  25|0x0000000082d00000, 0x0000000082d00000, 0x0000000082e00000|  0%| F|  |TS  0|AC  0|TAMS 0x0000000082d00000, 0x0000000082d00000|
|  26|0x0000000082e00000, 0x0000000082e00000, 0x0000000082f00000|  0%| F|  |TS  0|AC  0|TAMS 0x0000000082e00000, 0x0000000082e00000|
|  27|0x0000000082f00000, 0x0000000082f00000, 0x0000000083000000|  0%| F|  |TS  0|AC  0|TAMS 0x0000000082f00000, 0x0000000082f00000|
|  28|0x0000000083000000, 0x0000000083000000, 0x0000000083100000|  0%| F|  |TS  0|AC  0|TAMS 0x0000000083000000, 0x0000000083000000|
|  29|0x0000000083100000, 0x0000000083100000, 0x0000000083200000|  0%| F|  |TS  0|AC  0|TAMS 0x0000000083100000, 0x0000000083100000|
|  30|0x0000000083200000, 0x0000000083200000, 0x0000000083300000|  0%| F|  |TS  0|AC  0|TAMS 0x0000000083200000, 0x0000000083200000|
|  31|0x0000000083300000, 0x0000000083300000, 0x0000000083400000|  0%| F|  |TS  0|AC  0|TAMS 0x0000000083300000, 0x0000000083300000|
|  32|0x0000000083400000, 0x0000000083400000, 0x0000000083500000|  0%| F|  |TS  0|AC  0|TAMS 0x0000000083400000, 0x0000000083400000|
|  33|0x0000000083500000, 0x0000000083500000, 0x0000000083600000|  0%| F|  |TS  0|AC  0|TAMS 0x0000000083500000, 0x0000000083500000|
|  34|0x0000000083600000, 0x0000000083600000, 0x0000000083700000|  0%| F|  |TS  0|AC  0|TAMS 0x0000000083600000, 0x0000000083600000|
|  35|0x0000000083700000, 0x0000000083700000, 0x0000000083800000|  0%| F|  |TS  0|AC  0|TAMS 0x0000000083700000, 0x0000000083700000|
|  36|0x0000000083800000, 0x0000000083800000, 0x0000000083900000|  0%| F|  |TS  0|AC  0|TAMS 0x0000000083800000, 0x0000000083800000|
|  37|0x0000000083900000, 0x0000000083900000, 0x0000000083a00000|  0%| F|  |TS  0|AC  0|TAMS 0x0000000083900000, 0x0000000083900000|
|  38|0x0000000083a00000, 0x0000000083a00000, 0x0000000083b00000|  0%| F|  |TS  0|AC  0|TAMS 0x0000000083a00000, 0x0000000083a00000|
|  39|0x0000000083b00000, 0x0000000083b00000, 0x0000000083c00000|  0%| F|  |TS  0|AC  0|TAMS 0x0000000083b00000, 0x0000000083b00000|
|  40|0x0000000083c00000, 0x0000000083c00000, 0x0000000083d00000|  0%| F|  |TS  0|AC  0|TAMS 0x0000000083c00000, 0x0000000083c00000|
|  41|0x0000000083d00000, 0x0000000083d00000, 0x0000000083e00000|  0%| F|  |TS  0|AC  0|TAMS 0x0000000083d00000, 0x0000000083d00000|
|  42|0x0000000083e00000, 0x0000000083e00000, 0x0000000083f00000|  0%| F|  |TS  0|AC  0|TAMS 0x0000000083e00000, 0x0000000083e00000|
|  43|0x0000000083f00000, 0x0000000083f00000, 0x0000000084000000|  0%| F|  |TS  0|AC  0|TAMS 0x0000000083f00000, 0x0000000083f00000|
|  44|0x0000000084000000, 0x0000000084000000, 0x0000000084100000|  0%| F|  |TS  0|AC  0|TAMS 0x0000000084000000, 0x0000000084000000|
|  45|0x0000000084100000, 0x0000000084100000, 0x0000000084200000|  0%| F|  |TS  0|AC  0|TAMS 0x0000000084100000, 0x0000000084100000|
|  46|0x0000000084200000, 0x0000000084200000, 0x0000000084300000|  0%| F|  |TS  0|AC  0|TAMS 0x0000000084200000, 0x0000000084200000|
|  47|0x0000000084300000, 0x0000000084300000, 0x0000000084400000|  0%| F|  |TS  0|AC  0|TAMS 0x0000000084300000, 0x0000000084300000|
|  48|0x0000000084400000, 0x0000000084400000, 0x0000000084500000|  0%| F|  |TS  0|AC  0|TAMS 0x0000000084400000, 0x0000000084400000|
|  49|0x0000000084500000, 0x0000000084500000, 0x0000000084600000|  0%| F|  |TS  0|AC  0|TAMS 0x0000000084500000, 0x0000000084500000|
|  50|0x0000000084600000, 0x0000000084600000, 0x0000000084700000|  0%| F|  |TS  0|AC  0|TAMS 0x0000000084600000, 0x0000000084600000|
|  51|0x0000000084700000, 0x0000000084700000, 0x0000000084800000|  0%| F|  |TS  0|AC  0|TAMS 0x0000000084700000, 0x0000000084700000|
|  52|0x0000000084800000, 0x0000000084800000, 0x0000000084900000|  0%| F|  |TS  0|AC  0|TAMS 0x0000000084800000, 0x0000000084800000|
|  53|0x0000000084900000, 0x0000000084900000, 0x0000000084a00000|  0%| F|  |TS  0|AC  0|TAMS 0x0000000084900000, 0x0000000084900000|
|  54|0x0000000084a00000, 0x0000000084a00000, 0x0000000084b00000|  0%| F|  |TS  0|AC  0|TAMS 0x0000000084a00000, 0x0000000084a00000|
|  55|0x0000000084b00000, 0x0000000084b00000, 0x0000000084c00000|  0%| F|  |TS  0|AC  0|TAMS 0x0000000084b00000, 0x0000000084b00000|
|  56|0x0000000084c00000, 0x0000000084c00000, 0x0000000084d00000|  0%| F|  |TS  0|AC  0|TAMS 0x0000000084c00000, 0x0000000084c00000|
|  57|0x0000000084d00000, 0x0000000084d00000, 0x0000000084e00000|  0%| F|  |TS  0|AC  0|TAMS 0x0000000084d00000, 0x0000000084d00000|
|  58|0x0000000084e00000, 0x0000000084e00000, 0x0000000084f00000|  0%| F|  |TS  0|AC  0|TAMS 0x0000000084e00000, 0x0000000084e00000|
|  59|0x0000000084f00000, 0x0000000084f00000, 0x0000000085000000|  0%| F|  |TS  0|AC  0|TAMS 0x0000000084f00000, 0x0000000084f00000|
|  60|0x0000000085000000, 0x0000000085000000, 0x0000000085100000|  0%| F|  |TS  0|AC  0|TAMS 0x0000000085000000, 0x0000000085000000|
|  61|0x0000000085100000, 0x0000000085100000, 0x0000000085200000|  0%| F|  |TS  0|AC  0|TAMS 0x0000000085100000, 0x0000000085100000|
|  62|0x0000000085200000, 0x0000000085200000, 0x0000000085300000|  0%| F|  |TS  0|AC  0|TAMS 0x0000000085200000, 0x0000000085200000|
|  63|0x0000000085300000, 0x0000000085300000, 0x0000000085400000|  0%| F|  |TS  0|AC  0|TAMS 0x0000000085300000, 0x0000000085300000|
|  64|0x0000000085400000, 0x0000000085400000, 0x0000000085500000|  0%| F|  |TS  0|AC  0|TAMS 0x0000000085400000, 0x0000000085400000|
|  65|0x0000000085500000, 0x0000000085500000, 0x0000000085600000|  0%| F|  |TS  0|AC  0|TAMS 0x0000000085500000, 0x0000000085500000|
|  66|0x0000000085600000, 0x0000000085600000, 0x0000000085700000|  0%| F|  |TS  0|AC  0|TAMS 0x0000000085600000, 0x0000000085600000|
|  67|0x0000000085700000, 0x0000000085700000, 0x0000000085800000|  0%| F|  |TS  0|AC  0|TAMS 0x0000000085700000, 0x0000000085700000|
|  68|0x0000000085800000, 0x0000000085800000, 0x0000000085900000|  0%| F|  |TS  0|AC  0|TAMS 0x0000000085800000, 0x0000000085800000|
|  69|0x0000000085900000, 0x0000000085900000, 0x0000000085a00000|  0%| F|  |TS  0|AC  0|TAMS 0x0000000085900000, 0x0000000085900000|
|  70|0x0000000085a00000, 0x0000000085a00000, 0x0000000085b00000|  0%| F|  |TS  0|AC  0|TAMS 0x0000000085a00000, 0x0000000085a00000|
|  71|0x0000000085b00000, 0x0000000085b00000, 0x0000000085c00000|  0%| F|  |TS  0|AC  0|TAMS 0x0000000085b00000, 0x0000000085b00000|
|  72|0x0000000085c00000, 0x0000000085c00000, 0x0000000085d00000|  0%| F|  |TS  0|AC  0|TAMS 0x0000000085c00000, 0x0000000085c00000|
|  73|0x0000000085d00000, 0x0000000085d00000, 0x0000000085e00000|  0%| F|  |TS  0|AC  0|TAMS 0x0000000085d00000, 0x0000000085d00000|
|  74|0x0000000085e00000, 0x0000000085e00000, 0x0000000085f00000|  0%| F|  |TS  0|AC  0|TAMS 0x0000000085e00000, 0x0000000085e00000|
|  75|0x0000000085f00000, 0x0000000085f00000, 0x0000000086000000|  0%| F|  |TS  0|AC  0|TAMS 0x0000000085f00000, 0x0000000085f00000|
|  76|0x0000000086000000, 0x0000000086000000, 0x0000000086100000|  0%| F|  |TS  0|AC  0|TAMS 0x0000000086000000, 0x0000000086000000|
|  77|0x0000000086100000, 0x0000000086100000, 0x0000000086200000|  0%| F|  |TS  0|AC  0|TAMS 0x0000000086100000, 0x0000000086100000|
|  78|0x0000000086200000, 0x0000000086200000, 0x0000000086300000|  0%| F|  |TS  0|AC  0|TAMS 0x0000000086200000, 0x0000000086200000|
|  79|0x0000000086300000, 0x0000000086300000, 0x0000000086400000|  0%| F|  |TS  0|AC  0|TAMS 0x0000000086300000, 0x0000000086300000|
|  80|0x0000000086400000, 0x0000000086400000, 0x0000000086500000|  0%| F|  |TS  0|AC  0|TAMS 0x0000000086400000, 0x0000000086400000|
|  81|0x0000000086500000, 0x0000000086500000, 0x0000000086600000|  0%| F|  |TS  0|AC  0|TAMS 0x0000000086500000, 0x0000000086500000|
|  82|0x0000000086600000, 0x0000000086600000, 0x0000000086700000|  0%| F|  |TS  0|AC  0|TAMS 0x0000000086600000, 0x0000000086600000|
|  83|0x0000000086700000, 0x0000000086700000, 0x0000000086800000|  0%| F|  |TS  0|AC  0|TAMS 0x0000000086700000, 0x0000000086700000|
|  84|0x0000000086800000, 0x0000000086800000, 0x0000000086900000|  0%| F|  |TS  0|AC  0|TAMS 0x0000000086800000, 0x0000000086800000|
|  85|0x0000000086900000, 0x0000000086900000, 0x0000000086a00000|  0%| F|  |TS  0|AC  0|TAMS 0x0000000086900000, 0x0000000086900000|
|  86|0x0000000086a00000, 0x0000000086a00000, 0x0000000086b00000|  0%| F|  |TS  0|AC  0|TAMS 0x0000000086a00000, 0x0000000086a00000|
|  87|0x0000000086b00000, 0x0000000086b00000, 0x0000000086c00000|  0%| F|  |TS  0|AC  0|TAMS 0x0000000086b00000, 0x0000000086b00000|
|  88|0x0000000086c00000, 0x0000000086c00000, 0x0000000086d00000|  0%| F|  |TS  0|AC  0|TAMS 0x0000000086c00000, 0x0000000086c00000|
|  89|0x0000000086d00000, 0x0000000086d00000, 0x0000000086e00000|  0%| F|  |TS  0|AC  0|TAMS 0x0000000086d00000, 0x0000000086d00000|
|  90|0x0000000086e00000, 0x0000000086e00000, 0x0000000086f00000|  0%| F|  |TS  0|AC  0|TAMS 0x0000000086e00000, 0x0000000086e00000|
|  91|0x0000000086f00000, 0x0000000086f00000, 0x0000000087000000|  0%| F|  |TS  0|AC  0|TAMS 0x0000000086f00000, 0x0000000086f00000|
|  92|0x0000000087000000, 0x0000000087000000, 0x0000000087100000|  0%| F|  |TS  0|AC  0|TAMS 0x0000000087000000, 0x0000000087000000|
|  93|0x0000000087100000, 0x0000000087100000, 0x0000000087200000|  0%| F|  |TS  0|AC  0|TAMS 0x0000000087100000, 0x0000000087100000|
|  94|0x0000000087200000, 0x0000000087200000, 0x0000000087300000|  0%| F|  |TS  0|AC  0|TAMS 0x0000000087200000, 0x0000000087200000|
|  95|0x0000000087300000, 0x0000000087300000, 0x0000000087400000|  0%| F|  |TS  0|AC  0|TAMS 0x0000000087300000, 0x0000000087300000|
|  96|0x0000000087400000, 0x0000000087400000, 0x0000000087500000|  0%| F|  |TS  0|AC  0|TAMS 0x0000000087400000, 0x0000000087400000|
|  97|0x0000000087500000, 0x0000000087500000, 0x0000000087600000|  0%| F|  |TS  0|AC  0|TAMS 0x0000000087500000, 0x0000000087500000|
|  98|0x0000000087600000, 0x0000000087600000, 0x0000000087700000|  0%| F|  |TS  0|AC  0|TAMS 0x0000000087600000, 0x0000000087600000|
|  99|0x0000000087700000, 0x0000000087700000, 0x0000000087800000|  0%| F|  |TS  0|AC  0|TAMS 0x0000000087700000, 0x0000000087700000|
| 100|0x0000000087800000, 0x0000000087800000, 0x0000000087900000|  0%| F|  |TS  0|AC  0|TAMS 0x0000000087800000, 0x0000000087800000|
| 101|0x0000000087900000, 0x0000000087900000, 0x0000000087a00000|  0%| F|  |TS  0|AC  0|TAMS 0x0000000087900000, 0x0000000087900000|
| 102|0x0000000087a00000, 0x0000000087a00000, 0x0000000087b00000|  0%| F|  |TS  0|AC  0|TAMS 0x0000000087a00000, 0x0000000087a00000|
| 103|0x0000000087b00000, 0x0000000087be5e48, 0x0000000087c00000| 89%| S|CS|TS  0|AC  0|TAMS 0x0000000087b00000, 0x0000000087b00000|
| 104|0x0000000087c00000, 0x0000000087d00000, 0x0000000087d00000|100%| S|CS|TS  0|AC  0|TAMS 0x0000000087c00000, 0x0000000087c00000|
| 105|0x0000000087d00000, 0x0000000087e00000, 0x0000000087e00000|100%| S|CS|TS  0|AC  0|TAMS 0x0000000087d00000, 0x0000000087d00000|
| 106|0x0000000087e00000, 0x0000000087f00000, 0x0000000087f00000|100%| S|CS|TS  0|AC  0|TAMS 0x0000000087e00000, 0x0000000087e00000|
| 107|0x0000000087f00000, 0x0000000088000000, 0x0000000088000000|100%| S|CS|TS  0|AC  0|TAMS 0x0000000087f00000, 0x0000000087f00000|
| 108|0x0000000088000000, 0x0000000088000000, 0x0000000088100000|  0%| F|  |TS  0|AC  0|TAMS 0x0000000088000000, 0x0000000088000000|
| 109|0x0000000088100000, 0x0000000088100000, 0x0000000088200000|  0%| F|  |TS  0|AC  0|TAMS 0x0000000088100000, 0x0000000088100000|
| 110|0x0000000088200000, 0x0000000088200000, 0x0000000088300000|  0%| F|  |TS  0|AC  0|TAMS 0x0000000088200000, 0x0000000088200000|
| 111|0x0000000088300000, 0x0000000088300000, 0x0000000088400000|  0%| F|  |TS  0|AC  0|TAMS 0x0000000088300000, 0x0000000088300000|
| 112|0x0000000088400000, 0x000000008844f698, 0x0000000088500000| 31%| E|  |TS  0|AC  0|TAMS 0x0000000088400000, 0x0000000088400000|
| 113|0x0000000088500000, 0x0000000088600000, 0x0000000088600000|100%| E|CS|TS  0|AC  0|TAMS 0x0000000088500000, 0x0000000088500000|
| 114|0x0000000088600000, 0x0000000088700000, 0x0000000088700000|100%| E|CS|TS  0|AC  0|TAMS 0x0000000088600000, 0x0000000088600000|
| 115|0x0000000088700000, 0x0000000088800000, 0x0000000088800000|100%| E|CS|TS  0|AC  0|TAMS 0x0000000088700000, 0x0000000088700000|
| 116|0x0000000088800000, 0x0000000088900000, 0x0000000088900000|100%| E|CS|TS  0|AC  0|TAMS 0x0000000088800000, 0x0000000088800000|
| 117|0x0000000088900000, 0x0000000088a00000, 0x0000000088a00000|100%| E|CS|TS  0|AC  0|TAMS 0x0000000088900000, 0x0000000088900000|
| 118|0x0000000088a00000, 0x0000000088b00000, 0x0000000088b00000|100%| E|CS|TS  0|AC  0|TAMS 0x0000000088a00000, 0x0000000088a00000|
| 119|0x0000000088b00000, 0x0000000088c00000, 0x0000000088c00000|100%| E|CS|TS  0|AC  0|TAMS 0x0000000088b00000, 0x0000000088b00000|
| 120|0x0000000088c00000, 0x0000000088d00000, 0x0000000088d00000|100%| E|CS|TS  0|AC  0|TAMS 0x0000000088c00000, 0x0000000088c00000|
| 121|0x0000000088d00000, 0x0000000088e00000, 0x0000000088e00000|100%| E|CS|TS  0|AC  0|TAMS 0x0000000088d00000, 0x0000000088d00000|
| 122|0x0000000088e00000, 0x0000000088f00000, 0x0000000088f00000|100%| E|CS|TS  0|AC  0|TAMS 0x0000000088e00000, 0x0000000088e00000|
| 123|0x0000000088f00000, 0x0000000089000000, 0x0000000089000000|100%| E|CS|TS  0|AC  0|TAMS 0x0000000088f00000, 0x0000000088f00000|
| 124|0x0000000089000000, 0x0000000089100000, 0x0000000089100000|100%| E|CS|TS  0|AC  0|TAMS 0x0000000089000000, 0x0000000089000000|
| 125|0x0000000089100000, 0x0000000089200000, 0x0000000089200000|100%| E|CS|TS  0|AC  0|TAMS 0x0000000089100000, 0x0000000089100000|
| 126|0x0000000089200000, 0x0000000089300000, 0x0000000089300000|100%| E|CS|TS  0|AC  0|TAMS 0x0000000089200000, 0x0000000089200000|
| 127|0x0000000089300000, 0x0000000089400000, 0x0000000089400000|100%| E|CS|TS  0|AC  0|TAMS 0x0000000089300000, 0x0000000089300000|

Card table byte_map: [0x000001c0e3ce0000,0x000001c0e40e0000] byte_map_base: 0x000001c0e38d6000

Marking Bits (Prev, Next): (CMBitMap*) 0x000001c0c8041408, (CMBitMap*) 0x000001c0c80413d0
 Prev Bits: [0x000001c0e6490000, 0x000001c0e8440000)
 Next Bits: [0x000001c0e44e0000, 0x000001c0e6490000)

Polling page: 0x000001c0c5e00000

CodeHeap 'non-profiled nmethods': size=120064Kb used=1473Kb max_used=1473Kb free=118591Kb
 bounds [0x000001c0db980000, 0x000001c0dbbf0000, 0x000001c0e2ec0000]
CodeHeap 'profiled nmethods': size=120000Kb used=6526Kb max_used=6526Kb free=113474Kb
 bounds [0x000001c0d4450000, 0x000001c0d4ab0000, 0x000001c0db980000]
CodeHeap 'non-nmethods': size=5696Kb used=1467Kb max_used=1510Kb free=4228Kb
 bounds [0x000001c0d3ec0000, 0x000001c0d4130000, 0x000001c0d4450000]
 total_blobs=4467 nmethods=3169 adapters=657
 compilation: enabled

Compilation events (10 events):
Event: 24.286 Thread 0x000001c0eb365800 nmethod 3167 0x000001c0d4aac810 code [0x000001c0d4aac9c0, 0x000001c0d4aacc58]
Event: 24.286 Thread 0x000001c0eb365800 3168       3       javafx.scene.Scene::access$2302 (6 bytes)
Event: 24.286 Thread 0x000001c0eb365800 nmethod 3168 0x000001c0d4aacd90 code [0x000001c0d4aacf40, 0x000001c0d4aad098]
Event: 24.288 Thread 0x000001c0eb365800 3169       3       com.sun.javafx.geom.transform.AffineBase::invert (605 bytes)
Event: 24.292 Thread 0x000001c0eb365800 nmethod 3169 0x000001c0d4aad110 code [0x000001c0d4aad4e0, 0x000001c0d4aae590]
Event: 24.292 Thread 0x000001c0eb365800 3170       3       com.sun.javafx.geom.Path2D::getPathIterator (23 bytes)
Event: 24.294 Thread 0x000001c0eb365800 nmethod 3170 0x000001c0d4aaea10 code [0x000001c0d4aaec00, 0x000001c0d4aaf0b0]
Event: 24.294 Thread 0x000001c0eb365800 3171       3       com.sun.javafx.geom.Path2D$TxIterator::<init> (19 bytes)
Event: 24.294 Thread 0x000001c0eb365800 nmethod 3171 0x000001c0d4aaf210 code [0x000001c0d4aaf3e0, 0x000001c0d4aaf718]
Event: 24.300 Thread 0x000001c0eb355800 nmethod 3165 0x000001c0dbaef710 code [0x000001c0dbaef960, 0x000001c0dbaf0198]

GC Heap History (4 events):
Event: 2.132 GC heap before
{Heap before GC invocations=0 (full 0):
 garbage-first heap   total 131072K, used 14336K [0x0000000081400000, 0x0000000081500400, 0x0000000100000000)
  region size 1024K, 14 young (14336K), 0 survivors (0K)
 Metaspace       used 10995K, capacity 11622K, committed 11904K, reserved 1060864K
  class space    used 1147K, capacity 1303K, committed 1408K, reserved 1048576K
}
Event: 2.143 GC heap after
{Heap after GC invocations=1 (full 0):
 garbage-first heap   total 131072K, used 2712K [0x0000000081400000, 0x0000000081500400, 0x0000000100000000)
  region size 1024K, 2 young (2048K), 2 survivors (2048K)
 Metaspace       used 10995K, capacity 11622K, committed 11904K, reserved 1060864K
  class space    used 1147K, capacity 1303K, committed 1408K, reserved 1048576K
}
Event: 3.714 GC heap before
{Heap before GC invocations=1 (full 0):
 garbage-first heap   total 131072K, used 20120K [0x0000000081400000, 0x0000000081500400, 0x0000000100000000)
  region size 1024K, 20 young (20480K), 2 survivors (2048K)
 Metaspace       used 19254K, capacity 21218K, committed 21296K, reserved 1067008K
  class space    used 2523K, capacity 2836K, committed 2864K, reserved 1048576K
}
Event: 3.726 GC heap after
{Heap after GC invocations=2 (full 0):
 garbage-first heap   total 131072K, used 5680K [0x0000000081400000, 0x0000000081500400, 0x0000000100000000)
  region size 1024K, 5 young (5120K), 5 survivors (5120K)
 Metaspace       used 19254K, capacity 21218K, committed 21296K, reserved 1067008K
  class space    used 2523K, capacity 2836K, committed 2864K, reserved 1048576K
}

Deoptimization events (10 events):
Event: 5.858 Thread 0x000001c0eb3f7000 Uncommon trap: reason=unstable_if action=reinterpret pc=0x000001c0dba5b674 method=javafx.scene.Node.updateLocalToParentTransform()V @ 4 c2
Event: 5.911 Thread 0x000001c0eb3f7000 Uncommon trap: reason=unstable_if action=reinterpret pc=0x000001c0dba20450 method=com.sun.javafx.css.BitSet.add(Ljava/lang/Object;)Z @ 91 c2
Event: 7.966 Thread 0x000001c0eb3f7000 Uncommon trap: reason=unstable_if action=reinterpret pc=0x000001c0db9b1cc4 method=java.lang.AbstractStringBuilder.append(Ljava/lang/String;)Ljava/lang/AbstractStringBuilder; @ 1 c2
Event: 8.886 Thread 0x000001c0eb3f7000 Uncommon trap: reason=unstable_if action=reinterpret pc=0x000001c0dba8e9ac method=javafx.scene.CssStyleHelper.lookup(Ljavafx/css/Styleable;Ljavafx/css/CssMetaData;Lcom/sun/javafx/css/StyleMap;Ljava/util/Set;Ljavafx/css/Styleable;Lcom/sun/javafx/css/Calcul
Event: 8.991 Thread 0x000001c0eb3f7000 Uncommon trap: reason=array_check action=maybe_recompile pc=0x000001c0dbac6dc4 method=javafx.css.SimpleSelector.applies(Ljavafx/css/Styleable;[Ljava/util/Set;I)Z @ 37 c2
Event: 8.991 Thread 0x000001c0eb3f7000 Uncommon trap: reason=array_check action=maybe_recompile pc=0x000001c0dbac6dc4 method=javafx.css.SimpleSelector.applies(Ljavafx/css/Styleable;[Ljava/util/Set;I)Z @ 37 c2
Event: 8.993 Thread 0x000001c0eb3f7000 Uncommon trap: reason=array_check action=maybe_recompile pc=0x000001c0dbac6dc4 method=javafx.css.SimpleSelector.applies(Ljavafx/css/Styleable;[Ljava/util/Set;I)Z @ 37 c2
Event: 8.993 Thread 0x000001c0eb3f7000 Uncommon trap: reason=array_check action=maybe_recompile pc=0x000001c0dbac6dc4 method=javafx.css.SimpleSelector.applies(Ljavafx/css/Styleable;[Ljava/util/Set;I)Z @ 37 c2
Event: 19.463 Thread 0x000001c0eb3f7000 Uncommon trap: reason=unstable_if action=reinterpret pc=0x000001c0db9fcf20 method=java.util.concurrent.ConcurrentHashMap.putVal(Ljava/lang/Object;Ljava/lang/Object;Z)Ljava/lang/Object; @ 231 c2
Event: 24.399 Thread 0x000001c0eb3f7000 Uncommon trap: reason=unstable_if action=reinterpret pc=0x000001c0dbab5484 method=java.lang.ThreadLocal$ThreadLocalMap.getEntry(Ljava/lang/ThreadLocal;)Ljava/lang/ThreadLocal$ThreadLocalMap$Entry; @ 21 c2

Classes redefined (0 events):
No events

Internal exceptions (10 events):
Event: 7.343 Thread 0x000001c0eb3f7000 Exception <a 'java/lang/NoSuchMethodError'{0x000000008893a310}: method resolution failed> (0x000000008893a310) thrown at [t:/workspace/hotspot/src/share/vm/prims/methodHandles.cpp, line 1256]
Event: 7.345 Thread 0x000001c0eb3f7000 Exception <a 'java/lang/NoSuchMethodError'{0x0000000088940cd0}: method resolution failed> (0x0000000088940cd0) thrown at [t:/workspace/hotspot/src/share/vm/prims/methodHandles.cpp, line 1256]
Event: 7.346 Thread 0x000001c0eb3f7000 Exception <a 'java/lang/NoSuchMethodError'{0x0000000088948560}: java.lang.invoke.DirectMethodHandle$Holder.invokeStatic(Ljava/lang/Object;Ljava/lang/Object;Ljava/lang/Object;IIIII)Ljava/lang/Object;> (0x0000000088948560) thrown at [t:/workspace/hotspot/sr
Event: 7.347 Thread 0x000001c0eb3f7000 Exception <a 'java/lang/NoSuchMethodError'{0x000000008894bee8}: method resolution failed> (0x000000008894bee8) thrown at [t:/workspace/hotspot/src/share/vm/prims/methodHandles.cpp, line 1256]
Event: 7.966 Thread 0x000001c0eb3f7000 Implicit null exception at 0x000001c0db9b17f4 to 0x000001c0db9b1cad
Event: 7.967 Thread 0x000001c0eb3f7000 Exception <a 'java/io/FileNotFoundException'{0x00000000888371c0}> (0x00000000888371c0) thrown at [t:/workspace/hotspot/src/share/vm/prims/jni.cpp, line 604]
Event: 7.974 Thread 0x000001c0eb3f7000 Exception <a 'java/io/FileNotFoundException'{0x0000000088849078}> (0x0000000088849078) thrown at [t:/workspace/hotspot/src/share/vm/prims/jni.cpp, line 604]
Event: 7.977 Thread 0x000001c0eb3f7000 Exception <a 'java/io/FileNotFoundException'{0x0000000088859208}> (0x0000000088859208) thrown at [t:/workspace/hotspot/src/share/vm/prims/jni.cpp, line 604]
Event: 7.984 Thread 0x000001c0eb3f7000 Exception <a 'java/io/FileNotFoundException'{0x000000008886ac40}> (0x000000008886ac40) thrown at [t:/workspace/hotspot/src/share/vm/prims/jni.cpp, line 604]
Event: 24.399 Thread 0x000001c0eb3f7000 Implicit null exception at 0x000001c0dbab5378 to 0x000001c0dbab5465

Events (10 events):
Event: 19.482 loading class java/text/BreakIterator$BreakIteratorCache done
Event: 19.623 loading class com/sun/prism/impl/ps/CachingShapeRepState$CacheEntry
Event: 19.623 loading class com/sun/prism/impl/ps/CachingShapeRepState$CacheEntry done
Event: 19.623 loading class com/sun/prism/impl/ps/CachingShapeRepState$CacheEntry
Event: 19.623 loading class com/sun/prism/impl/ps/CachingShapeRepState$CacheEntry done
Event: 20.417 loading class com/sun/javafx/tk/quantum/GlassViewEventHandler
Event: 20.417 loading class com/sun/javafx/tk/quantum/GlassViewEventHandler done
Event: 24.399 Thread 0x000001c0eb3f7000 Uncommon trap: trap_request=0xffffff5d fr.pc=0x000001c0dbab5484 relative=0x0000000000000164
Event: 24.399 Thread 0x000001c0eb3f7000 DEOPT PACKING pc=0x000001c0dbab5484 sp=0x00000096338fad10
Event: 24.399 Thread 0x000001c0eb3f7000 DEOPT UNPACKING pc=0x000001c0d3f0df29 sp=0x00000096338fabf0 mode 2


Dynamic libraries:
0x00007ff61cf70000 - 0x00007ff61cfae000 	C:\Program Files\Java\jdk-9.0.1\bin\java.exe
0x00007ffa4d010000 - 0x00007ffa4d1f0000 	C:\WINDOWS\SYSTEM32\ntdll.dll
0x00007ffa4ce30000 - 0x00007ffa4cede000 	C:\WINDOWS\System32\KERNEL32.DLL
0x00007ffa49f00000 - 0x00007ffa4a166000 	C:\WINDOWS\System32\KERNELBASE.dll
0x00007ffa4c1c0000 - 0x00007ffa4c261000 	C:\WINDOWS\System32\ADVAPI32.dll
0x00007ffa4c2e0000 - 0x00007ffa4c37d000 	C:\WINDOWS\System32\msvcrt.dll
0x00007ffa4c8f0000 - 0x00007ffa4c94b000 	C:\WINDOWS\System32\sechost.dll
0x00007ffa4bf00000 - 0x00007ffa4c01f000 	C:\WINDOWS\System32\RPCRT4.dll
0x00007ffa4c760000 - 0x00007ffa4c8ef000 	C:\WINDOWS\System32\USER32.dll
0x00007ffa49e10000 - 0x00007ffa49e30000 	C:\WINDOWS\System32\win32u.dll
0x00007ffa4a720000 - 0x00007ffa4a748000 	C:\WINDOWS\System32\GDI32.dll
0x00007ffa4a170000 - 0x00007ffa4a303000 	C:\WINDOWS\System32\gdi32full.dll
0x00007ffa49d70000 - 0x00007ffa49e0b000 	C:\WINDOWS\System32\msvcp_win.dll
0x00007ffa49b60000 - 0x00007ffa49c56000 	C:\WINDOWS\System32\ucrtbase.dll
0x00007ffa383b0000 - 0x00007ffa38619000 	C:\WINDOWS\WinSxS\amd64_microsoft.windows.common-controls_6595b64144ccf1df_6.0.16299.192_none_15c8cdae9364c23b\COMCTL32.dll
0x00007ffa4c380000 - 0x00007ffa4c688000 	C:\WINDOWS\System32\combase.dll
0x00007ffa49e80000 - 0x00007ffa49ef2000 	C:\WINDOWS\System32\bcryptPrimitives.dll
0x00007ffa3d810000 - 0x00007ffa3d81a000 	C:\WINDOWS\SYSTEM32\VERSION.dll
0x00007ffa4bd60000 - 0x00007ffa4bd8d000 	C:\WINDOWS\System32\IMM32.DLL
0x00007ffa36210000 - 0x00007ffa362ff000 	C:\Program Files\Java\jdk-9.0.1\bin\msvcr120.dll
0x00007ffa27940000 - 0x00007ffa279e6000 	C:\Program Files\Java\jdk-9.0.1\bin\msvcp120.dll
0x00000000715b0000 - 0x0000000071fd4000 	C:\Program Files\Java\jdk-9.0.1\bin\server\jvm.dll
0x00007ffa4ce10000 - 0x00007ffa4ce18000 	C:\WINDOWS\System32\PSAPI.DLL
0x00007ffa45270000 - 0x00007ffa45279000 	C:\WINDOWS\SYSTEM32\WSOCK32.dll
0x00007ffa4c270000 - 0x00007ffa4c2dc000 	C:\WINDOWS\System32\WS2_32.dll
0x00007ffa474e0000 - 0x00007ffa47503000 	C:\WINDOWS\SYSTEM32\WINMM.dll
0x00007ffa474b0000 - 0x00007ffa474da000 	C:\WINDOWS\SYSTEM32\WINMMBASE.dll
0x00007ffa49e30000 - 0x00007ffa49e7a000 	C:\WINDOWS\System32\cfgmgr32.dll
0x00007ffa45fe0000 - 0x00007ffa45fef000 	C:\Program Files\Java\jdk-9.0.1\bin\verify.dll
0x00007ffa3e760000 - 0x00007ffa3e787000 	C:\Program Files\Java\jdk-9.0.1\bin\java.dll
0x00007ffa396b0000 - 0x00007ffa396da000 	C:\Program Files\Java\jdk-9.0.1\bin\instrument.dll
0x00007ffa3e6a0000 - 0x00007ffa3e6b6000 	C:\Program Files\Java\jdk-9.0.1\bin\zip.dll
0x00007ffa438d0000 - 0x00007ffa438da000 	C:\Program Files\Java\jdk-9.0.1\bin\jimage.dll
0x00007ffa4a920000 - 0x00007ffa4bd56000 	C:\WINDOWS\System32\SHELL32.dll
0x00007ffa4a670000 - 0x00007ffa4a716000 	C:\WINDOWS\System32\shcore.dll
0x00007ffa49410000 - 0x00007ffa49b57000 	C:\WINDOWS\System32\windows.storage.dll
0x00007ffa4cee0000 - 0x00007ffa4cf31000 	C:\WINDOWS\System32\shlwapi.dll
0x00007ffa493a0000 - 0x00007ffa493b1000 	C:\WINDOWS\System32\kernel.appcore.dll
0x00007ffa493c0000 - 0x00007ffa4940c000 	C:\WINDOWS\System32\powrprof.dll
0x00007ffa49360000 - 0x00007ffa4937b000 	C:\WINDOWS\System32\profapi.dll
0x00007ffa3e650000 - 0x00007ffa3e66a000 	C:\Program Files\Java\jdk-9.0.1\bin\net.dll
0x00007ffa435d0000 - 0x00007ffa436ae000 	C:\WINDOWS\SYSTEM32\WINHTTP.dll
0x00007ffa48bf0000 - 0x00007ffa48c56000 	C:\WINDOWS\system32\mswsock.dll
0x00007ffa396e0000 - 0x00007ffa396f1000 	C:\Program Files\Java\jdk-9.0.1\bin\nio.dll
0x00007ffa3cab0000 - 0x00007ffa3caca000 	C:\Program Files\JetBrains\IntelliJ IDEA Community Edition 2017.3.4\bin\breakgen64.dll
0x000001c0ec120000 - 0x000001c0ec123000 	C:\Program Files\Java\jdk-9.0.1\bin\api-ms-win-core-console-l1-1-0.dll
0x000001c0ec130000 - 0x000001c0ec133000 	C:\Program Files\Java\jdk-9.0.1\bin\api-ms-win-core-datetime-l1-1-0.dll
0x000001c0ec140000 - 0x000001c0ec143000 	C:\Program Files\Java\jdk-9.0.1\bin\api-ms-win-core-debug-l1-1-0.dll
0x000001c0ec150000 - 0x000001c0ec153000 	C:\Program Files\Java\jdk-9.0.1\bin\api-ms-win-core-errorhandling-l1-1-0.dll
0x000001c0ec160000 - 0x000001c0ec164000 	C:\Program Files\Java\jdk-9.0.1\bin\api-ms-win-core-file-l1-1-0.dll
0x000001c0ec170000 - 0x000001c0ec173000 	C:\Program Files\Java\jdk-9.0.1\bin\api-ms-win-core-file-l1-2-0.dll
0x000001c0ec180000 - 0x000001c0ec183000 	C:\Program Files\Java\jdk-9.0.1\bin\api-ms-win-core-file-l2-1-0.dll
0x000001c0ec190000 - 0x000001c0ec193000 	C:\Program Files\Java\jdk-9.0.1\bin\api-ms-win-core-handle-l1-1-0.dll
0x000001c0ec1a0000 - 0x000001c0ec1a3000 	C:\Program Files\Java\jdk-9.0.1\bin\api-ms-win-core-heap-l1-1-0.dll
0x000001c0ec1b0000 - 0x000001c0ec1b3000 	C:\Program Files\Java\jdk-9.0.1\bin\api-ms-win-core-interlocked-l1-1-0.dll
0x000001c0ec1c0000 - 0x000001c0ec1c3000 	C:\Program Files\Java\jdk-9.0.1\bin\api-ms-win-core-libraryloader-l1-1-0.dll
0x000001c0ec1d0000 - 0x000001c0ec1d3000 	C:\Program Files\Java\jdk-9.0.1\bin\api-ms-win-core-localization-l1-2-0.dll
0x000001c0ec1e0000 - 0x000001c0ec1e3000 	C:\Program Files\Java\jdk-9.0.1\bin\api-ms-win-core-memory-l1-1-0.dll
0x000001c0ec1f0000 - 0x000001c0ec1f3000 	C:\Program Files\Java\jdk-9.0.1\bin\api-ms-win-core-namedpipe-l1-1-0.dll
0x000001c0ec200000 - 0x000001c0ec203000 	C:\Program Files\Java\jdk-9.0.1\bin\api-ms-win-core-processenvironment-l1-1-0.dll
0x000001c0ec210000 - 0x000001c0ec213000 	C:\Program Files\Java\jdk-9.0.1\bin\api-ms-win-core-processthreads-l1-1-0.dll
0x000001c0ec220000 - 0x000001c0ec223000 	C:\Program Files\Java\jdk-9.0.1\bin\api-ms-win-core-processthreads-l1-1-1.dll
0x000001c0ec230000 - 0x000001c0ec233000 	C:\Program Files\Java\jdk-9.0.1\bin\api-ms-win-core-profile-l1-1-0.dll
0x000001c0ec240000 - 0x000001c0ec243000 	C:\Program Files\Java\jdk-9.0.1\bin\api-ms-win-core-rtlsupport-l1-1-0.dll
0x000001c0ec250000 - 0x000001c0ec253000 	C:\Program Files\Java\jdk-9.0.1\bin\api-ms-win-core-string-l1-1-0.dll
0x000001c0ec260000 - 0x000001c0ec263000 	C:\Program Files\Java\jdk-9.0.1\bin\api-ms-win-core-synch-l1-1-0.dll
0x000001c0ec270000 - 0x000001c0ec273000 	C:\Program Files\Java\jdk-9.0.1\bin\api-ms-win-core-synch-l1-2-0.dll
0x000001c0ec280000 - 0x000001c0ec283000 	C:\Program Files\Java\jdk-9.0.1\bin\api-ms-win-core-sysinfo-l1-1-0.dll
0x000001c0ec290000 - 0x000001c0ec293000 	C:\Program Files\Java\jdk-9.0.1\bin\api-ms-win-core-timezone-l1-1-0.dll
0x000001c0ec2a0000 - 0x000001c0ec2a3000 	C:\Program Files\Java\jdk-9.0.1\bin\api-ms-win-core-util-l1-1-0.dll
0x000001c0ec2b0000 - 0x000001c0ec2b3000 	C:\Program Files\Java\jdk-9.0.1\bin\api-ms-win-crt-conio-l1-1-0.dll
0x000001c0ec2c0000 - 0x000001c0ec2c4000 	C:\Program Files\Java\jdk-9.0.1\bin\api-ms-win-crt-convert-l1-1-0.dll
0x000001c0ec2d0000 - 0x000001c0ec2d3000 	C:\Program Files\Java\jdk-9.0.1\bin\api-ms-win-crt-environment-l1-1-0.dll
0x000001c0ec2e0000 - 0x000001c0ec2e3000 	C:\Program Files\Java\jdk-9.0.1\bin\api-ms-win-crt-filesystem-l1-1-0.dll
0x000001c0ec2f0000 - 0x000001c0ec2f3000 	C:\Program Files\Java\jdk-9.0.1\bin\api-ms-win-crt-heap-l1-1-0.dll
0x000001c0ec300000 - 0x000001c0ec303000 	C:\Program Files\Java\jdk-9.0.1\bin\api-ms-win-crt-locale-l1-1-0.dll
0x000001c0ec310000 - 0x000001c0ec315000 	C:\Program Files\Java\jdk-9.0.1\bin\api-ms-win-crt-math-l1-1-0.dll
0x000001c0ec320000 - 0x000001c0ec325000 	C:\Program Files\Java\jdk-9.0.1\bin\api-ms-win-crt-multibyte-l1-1-0.dll
0x000001c0ec330000 - 0x000001c0ec340000 	C:\Program Files\Java\jdk-9.0.1\bin\api-ms-win-crt-private-l1-1-0.dll
0x000001c0ec340000 - 0x000001c0ec343000 	C:\Program Files\Java\jdk-9.0.1\bin\api-ms-win-crt-process-l1-1-0.dll
0x000001c0ec350000 - 0x000001c0ec354000 	C:\Program Files\Java\jdk-9.0.1\bin\api-ms-win-crt-runtime-l1-1-0.dll
0x000001c0ec360000 - 0x000001c0ec364000 	C:\Program Files\Java\jdk-9.0.1\bin\api-ms-win-crt-stdio-l1-1-0.dll
0x000001c0ec370000 - 0x000001c0ec374000 	C:\Program Files\Java\jdk-9.0.1\bin\api-ms-win-crt-string-l1-1-0.dll
0x000001c0ec380000 - 0x000001c0ec383000 	C:\Program Files\Java\jdk-9.0.1\bin\api-ms-win-crt-time-l1-1-0.dll
0x000001c0ec390000 - 0x000001c0ec393000 	C:\Program Files\Java\jdk-9.0.1\bin\api-ms-win-crt-utility-l1-1-0.dll
0x00007ffa2bc10000 - 0x00007ffa2bd06000 	C:\Program Files\Java\jdk-9.0.1\bin\ucrtbase.dll
0x00007ffa39010000 - 0x00007ffa39026000 	C:\Program Files\Java\jdk-9.0.1\bin\vcruntime140.dll
0x00007ffa31c30000 - 0x00007ffa31ccc000 	C:\Program Files\Java\jdk-9.0.1\bin\msvcp140.dll
0x00007ffa36310000 - 0x00007ffa36361000 	C:\Program Files\Java\jdk-9.0.1\bin\concrt140.dll
0x00007ffa33e70000 - 0x00007ffa33e93000 	C:\Program Files\Java\jdk-9.0.1\bin\prism_d3d.dll
0x00007ffa21230000 - 0x00007ffa213c5000 	C:\WINDOWS\system32\d3d9.dll
0x00007ffa47c80000 - 0x00007ffa47caa000 	C:\WINDOWS\SYSTEM32\dwmapi.dll
0x00007ffa47b20000 - 0x00007ffa47bb5000 	C:\WINDOWS\system32\uxtheme.dll
0x00007ffa0b010000 - 0x00007ffa0d54d000 	C:\WINDOWS\SYSTEM32\igdumdim64.dll
0x00007ffa4c690000 - 0x00007ffa4c755000 	C:\WINDOWS\System32\OLEAUT32.dll
0x00007ffa4a7d0000 - 0x00007ffa4a919000 	C:\WINDOWS\System32\ole32.dll
0x00007ffa4c9b0000 - 0x00007ffa4cdfe000 	C:\WINDOWS\System32\SETUPAPI.dll
0x00007ffa334c0000 - 0x00007ffa3350a000 	C:\Program Files\Java\jdk-9.0.1\bin\glass.dll
0x00007ffa4a4e0000 - 0x00007ffa4a5ea000 	C:\WINDOWS\System32\COMDLG32.dll
0x00007ffa4bd90000 - 0x00007ffa4bef7000 	C:\WINDOWS\System32\MSCTF.dll
0x00007ffa24920000 - 0x00007ffa2494c000 	C:\PROGRA~2\RAPTRI~1\Raptr\ltc_help64-119906.dll
0x00007ffa49c60000 - 0x00007ffa49cb8000 	C:\WINDOWS\System32\WINTRUST.dll
0x00007ffa49380000 - 0x00007ffa49392000 	C:\WINDOWS\System32\MSASN1.dll
0x00007ffa4a310000 - 0x00007ffa4a4de000 	C:\WINDOWS\System32\CRYPT32.dll
0x00007ffa36e50000 - 0x00007ffa3788f000 	C:\WINDOWS\SYSTEM32\igdusc64.dll
0x00007ffa285e0000 - 0x00007ffa285f9000 	C:\Program Files (x86)\Smadav\SmadHook64.dll
0x00007ffa33730000 - 0x00007ffa33744000 	C:\Program Files\Java\jdk-9.0.1\bin\javafx_font.dll
0x00007ffa21680000 - 0x00007ffa21819000 	C:\Program Files\Java\jdk-9.0.1\bin\awt.dll
0x00007ffa46e10000 - 0x00007ffa473c8000 	C:\WINDOWS\SYSTEM32\d2d1.dll
0x00007ffa47910000 - 0x00007ffa47998000 	C:\WINDOWS\SYSTEM32\apphelp.dll
0x00007ffa280d0000 - 0x00007ffa2816d000 	C:\Program Files\Java\jdk-9.0.1\bin\fontmanager.dll
0x00007ffa36b40000 - 0x00007ffa36e4f000 	C:\WINDOWS\SYSTEM32\dwrite.dll
0x00007ffa4cf40000 - 0x00007ffa4cfde000 	C:\WINDOWS\System32\clbcatq.dll
0x00007ffa42630000 - 0x00007ffa427db000 	C:\WINDOWS\SYSTEM32\WindowsCodecs.dll
0x00007ffa36930000 - 0x00007ffa3697f000 	C:\WINDOWS\system32\dataexchange.dll
0x00007ffa46a10000 - 0x00007ffa46cf1000 	C:\WINDOWS\system32\d3d11.dll
0x00007ffa46870000 - 0x00007ffa469b2000 	C:\WINDOWS\system32\dcomp.dll
0x00007ffa48180000 - 0x00007ffa4822f000 	C:\WINDOWS\system32\dxgi.dll
0x00007ffa47cb0000 - 0x00007ffa47e2b000 	C:\WINDOWS\system32\twinapi.appcore.dll
0x00007ffa47c60000 - 0x00007ffa47c80000 	C:\WINDOWS\system32\RMCLIENT.dll
0x00007ffa48ec0000 - 0x00007ffa48ee5000 	C:\WINDOWS\system32\bcrypt.dll
0x00007ffa31bf0000 - 0x00007ffa31c24000 	C:\Program Files\Common Files\Microsoft Shared\Ink\rtscom.dll
0x00007ffa45960000 - 0x00007ffa459f8000 	C:\WINDOWS\System32\TextInputFramework.dll
0x00007ffa40640000 - 0x00007ffa4092e000 	C:\WINDOWS\System32\CoreUIComponents.dll
0x00007ffa46d30000 - 0x00007ffa46e0c000 	C:\WINDOWS\System32\CoreMessaging.dll
0x00007ffa484d0000 - 0x00007ffa48501000 	C:\WINDOWS\SYSTEM32\ntmarta.dll
0x00007ffa460f0000 - 0x00007ffa46226000 	C:\WINDOWS\SYSTEM32\wintypes.dll
0x00007ffa334a0000 - 0x00007ffa334b2000 	C:\Program Files\Java\jdk-9.0.1\bin\prism_common.dll

VM Arguments:
jvm_args: -javaagent:C:\Program Files\JetBrains\IntelliJ IDEA Community Edition 2017.3.4\lib\idea_rt.jar=56963:C:\Program Files\JetBrains\IntelliJ IDEA Community Edition 2017.3.4\bin -Dfile.encoding=UTF-8 
java_command: Program.MainClass
java_class_path (initial): C:\Program Files\Java\jdk-9.0.1;E:\Documents\Java Projects\GCS Serial Port\out\production\Serial Port;E:\Documents\Java Projects\GCS Serial Port\library\jssc-2.8.0.jar;E:\Documents\Java Projects\GCS Serial Port\library\RXTXcomm.jar;E:\Documents\Java Projects\GCS Serial Port\library\rxtx-2.1.7.jar
Launcher Type: SUN_STANDARD

Logging:
Log output configuration:
#0: stdout all=warning uptime,level,tags
#1: stderr all=off uptime,level,tags

Environment Variables:
PATH=C:\ProgramData\Oracle\Java\javapath;C:\WINDOWS\system32;C:\WINDOWS;C:\WINDOWS\System32\Wbem;C:\WINDOWS\System32\WindowsPowerShell\v1.0\;C:\Program Files\Microsoft SQL Server\130\Tools\Binn\;C:\Program Files\Git\cmd;C:\Program Files\PuTTY\;C:\Program Files\Java\jdk-9.0.1\bin;C:\Users\User\AppData\Local\Microsoft\WindowsApps;
USERNAME=Aldian Putra
OS=Windows_NT
PROCESSOR_IDENTIFIER=Intel64 Family 6 Model 61 Stepping 4, GenuineIntel



---------------  S Y S T E M  ---------------

OS: Windows 10 , 64 bit Build 16299 (10.0.16299.15)

CPU:total 4 (initial active 4) (2 cores per cpu, 2 threads per core) family 6 model 61 stepping 4, cmov, cx8, fxsr, mmx, sse, sse2, sse3, ssse3, sse4.1, sse4.2, popcnt, avx, avx2, aes, clmul, erms, 3dnowpref, lzcnt, ht, tsc, tscinvbit, bmi1, bmi2, adx, fma

Memory: 4k page, physical 8305600k(3160352k free), swap 10695224k(2192616k free)

vm_info: Java HotSpot(TM) 64-Bit Server VM (9.0.1+11) for windows-amd64 JRE (9.0.1+11), built on Sep 28 2017 04:54:03 by "mach5one" with MS VC++ 12.0 (VS2013)

END.
