#
# A fatal error has been detected by the Java Runtime Environment:
#
#  EXCEPTION_ACCESS_VIOLATION (0xc0000005) at pc=0x0000000180005b00, pid=10200, tid=4788
#
# JRE version: Java(TM) SE Runtime Environment (9.0+11) (build 9.0.1+11)
# Java VM: Java HotSpot(TM) 64-Bit Server VM (9.0.1+11, mixed mode, tiered, compressed oops, g1 gc, windows-amd64)
# Problematic frame:
# C  0x0000000180005b00
#
# No core dump will be written. Minidumps are not enabled by default on client versions of Windows
#
# If you would like to submit a bug report, please visit:
#   http://bugreport.java.com/bugreport/crash.jsp
# The crash happened outside the Java Virtual Machine in native code.
# See problematic frame for where to report the bug.
#

---------------  S U M M A R Y ------------

Command Line: -javaagent:C:\Program Files\JetBrains\IntelliJ IDEA Community Edition 2017.3.4\lib\idea_rt.jar=56958:C:\Program Files\JetBrains\IntelliJ IDEA Community Edition 2017.3.4\bin -Dfile.encoding=UTF-8 Program.MainClass

Host: Intel(R) Core(TM) i7-5500U CPU @ 2.40GHz, 4 cores, 7G,  Windows 10 , 64 bit Build 16299 (10.0.16299.15)
Time: Thu Feb 08 02:08:57 2018 SE Asia Standard Time elapsed time: 34 seconds (0d 0h 0m 34s)

---------------  T H R E A D  ---------------

Current thread (0x000002bb8a55d800):  JavaThread "Thread-3" [_thread_in_native, id=4788, stack(0x000000d10ea00000,0x000000d10eb00000)]

Stack: [0x000000d10ea00000,0x000000d10eb00000],  sp=0x000000d10eafdf60,  free space=1015k
Native frames: (J=compiled Java code, j=interpreted, Vv=VM code, C=native code)
C  0x0000000180005b00
C  0x0000000180006211
C  0x000002bbeb55921c

Java frames: (J=compiled Java code, j=interpreted, Vv=VM code)
j  gnu.io.RXTXPort.readArray([BII)I+0
j  gnu.io.RXTXPort$SerialInputStream.read([BII)I+212
j  sun.nio.cs.StreamDecoder.readBytes()I+135 java.base@9.0.1
j  sun.nio.cs.StreamDecoder.implRead([CII)I+112 java.base@9.0.1
j  sun.nio.cs.StreamDecoder.read([CII)I+180 java.base@9.0.1
j  java.io.InputStreamReader.read([CII)I+7 java.base@9.0.1
j  java.io.BufferedReader.fill()V+145 java.base@9.0.1
j  java.io.BufferedReader.readLine(Z)Ljava/lang/String;+44 java.base@9.0.1
j  java.io.BufferedReader.readLine()Ljava/lang/String;+2 java.base@9.0.1
j  Program.Controller$1.serialEvent(Lgnu/io/SerialPortEvent;)V+15
j  gnu.io.RXTXPort.sendEvent(IZ)Z+382
v  ~StubRoutines::call_stub
j  gnu.io.RXTXPort.eventLoop()V+0
j  gnu.io.RXTXPort$MonitorThread.run()V+12
v  ~StubRoutines::call_stub

siginfo: EXCEPTION_ACCESS_VIOLATION (0xc0000005), reading address 0x000000000eafed58


Register to memory mapping:

RIP=0x0000000180005b00 is an unknown value
RAX=0x0000000000000001 is an unknown value
RBX=0x0000000000000000 is an unknown value
RCX=0x000000018001d4d5 is an unknown value
RDX=0xfffffffffffff665 is an unknown value
RSP=0x000000d10eafdf60 is pointing into the stack for thread: 0x000002bb8a55d800
RBP=
[error occurred during error reporting (printing register info), id 0xc0000005]

Registers:
RAX=0x0000000000000001, RBX=0x0000000000000000, RCX=0x000000018001d4d5, RDX=0xfffffffffffff665
RSP=0x000000d10eafdf60, RBP=0x00000000ffffffff, RSI=0x0000000000000000, RDI=0x000002bb8a55da18
R8 =0x0000000000000002, R9 =0xfffffffffffff63c, R10=0x000000000000003c, R11=0x8101010101010100
R12=0x000000000eafed50, R13=0x0000000000000006, R14=0x000000d10eafe150, R15=0x0000000000000000
RIP=0x0000000180005b00, EFLAGS=0x0000000000010202

Top of Stack: (sp=0x000000d10eafdf60)
0x000000d10eafdf60:   0000000000000000 0000000000000000
0x000000d10eafdf70:   000000d10eafe158 0000000000000000
0x000000d10eafdf80:   0000000000000000 000000d10eafe150
0x000000d10eafdf90:   000002bb88031b28 0000000000000001
0x000000d10eafdfa0:   000002bb8a55da18 0000000000000006
0x000000d10eafdfb0:   ffffffffffffffff 0000000180006211
0x000000d10eafdfc0:   000002bb88b66150 0000000000000006
0x000000d10eafdfd0:   0000000000000001 000002bb88b66150
0x000000d10eafdfe0:   0000000000000006 00000000ffffffff
0x000000d10eafdff0:   000000d10eafe158 000002bb88031b30
0x000000d10eafe000:   000002bb8a55d800 000002bb88f18480
0x000000d10eafe010:   000002bb883e5af0 00000000718e8bf0
0x000000d10eafe020:   000000d10eafe9c8 0000000071af3f76
0x000000d10eafe030:   0000000000000000 0000a00421796949
0x000000d10eafe040:   000002bb88031b30 000002bb88031b28
0x000000d10eafe050:   000002bb8a55d800 000000d10eafe158 

Instructions: (pc=0x0000000180005b00)
0x0000000180005ae0:   15 23 7a 01 00 48 8d 48 60 e8 3a 5d 00 00 4c 8b
0x0000000180005af0:   e5 8b ac 24 88 00 00 00 44 8b ac 24 80 00 00 00
0x0000000180005b00:   45 8b 74 24 08 41 89 5c 24 08 41 8b fd 85 ed 78
0x0000000180005b10:   09 ff 15 e9 14 01 00 44 8b f8 45 85 ed 7e 4a 90 



---------------  P R O C E S S  ---------------

Java Threads: ( => current thread )
=>0x000002bb8a55d800 JavaThread "Thread-3" [_thread_in_native, id=4788, stack(0x000000d10ea00000,0x000000d10eb00000)]
  0x000002bb8a55d000 JavaThread "Prism Font Disposer" daemon [_thread_blocked, id=76, stack(0x000000d10e200000,0x000000d10e300000)]
  0x000002bb83613000 JavaThread "Java2D Disposer" daemon [_thread_blocked, id=10892, stack(0x000000d10de00000,0x000000d10df00000)]
  0x000002bb835c4800 JavaThread "JavaFX-Launcher" [_thread_blocked, id=10520, stack(0x000000d10dd00000,0x000000d10de00000)]
  0x000002bb835b8000 JavaThread "Thread-1" daemon [_thread_in_native, id=5852, stack(0x000000d10dc00000,0x000000d10dd00000)]
  0x000002bb8314e000 JavaThread "JavaFX Application Thread" [_thread_in_native, id=3972, stack(0x000000d10d800000,0x000000d10d900000)]
  0x000002bb831d2800 JavaThread "InvokeLaterDispatcher" daemon [_thread_blocked, id=12400, stack(0x000000d10d700000,0x000000d10d800000)]
  0x000002bb82f03800 JavaThread "QuantumRenderer-0" daemon [_thread_blocked, id=5864, stack(0x000000d10d600000,0x000000d10d700000)]
  0x000002bb82c18800 JavaThread "Service Thread" daemon [_thread_blocked, id=11372, stack(0x000000d10d400000,0x000000d10d500000)]
  0x000002bb82c18000 JavaThread "Monitor Ctrl-Break" daemon [_thread_in_native, id=9324, stack(0x000000d10d300000,0x000000d10d400000)]
  0x000002bb829ca000 JavaThread "Common-Cleaner" daemon [_thread_blocked, id=7476, stack(0x000000d10d200000,0x000000d10d300000)]
  0x000002bb829a4800 JavaThread "Sweeper thread" daemon [_thread_blocked, id=6228, stack(0x000000d10d100000,0x000000d10d200000)]
  0x000002bb8292b800 JavaThread "C1 CompilerThread2" daemon [_thread_blocked, id=12328, stack(0x000000d10d000000,0x000000d10d100000)]
  0x000002bb8292a800 JavaThread "C2 CompilerThread1" daemon [_thread_blocked, id=1196, stack(0x000000d10cf00000,0x000000d10d000000)]
  0x000002bb8292a000 JavaThread "C2 CompilerThread0" daemon [_thread_blocked, id=14316, stack(0x000000d10ce00000,0x000000d10cf00000)]
  0x000002bb82929000 JavaThread "Attach Listener" daemon [_thread_blocked, id=5732, stack(0x000000d10cd00000,0x000000d10ce00000)]
  0x000002bb82923800 JavaThread "Signal Dispatcher" daemon [_thread_blocked, id=12588, stack(0x000000d10cc00000,0x000000d10cd00000)]
  0x000002bb82903800 JavaThread "Finalizer" daemon [_thread_blocked, id=4452, stack(0x000000d10cb00000,0x000000d10cc00000)]
  0x000002bb82916000 JavaThread "Reference Handler" daemon [_thread_blocked, id=9368, stack(0x000000d10ca00000,0x000000d10cb00000)]
  0x000002bbdf460000 JavaThread "main" [_thread_blocked, id=2376, stack(0x000000d10bd00000,0x000000d10be00000)]

Other Threads:
  0x000002bbfff8e800 VMThread "VM Thread" [stack: 0x000000d10c900000,0x000000d10ca00000] [id=8760]
  0x000002bb82c41800 WatcherThread [stack: 0x000000d10d500000,0x000000d10d600000] [id=6588]
  0x000002bbdf476800 GCTaskThread "GC Thread#0" [stack: 0x000000d10be00000,0x000000d10bf00000] [id=8096]
  0x000002bbdf478800 GCTaskThread "GC Thread#1" [stack: 0x000000d10bf00000,0x000000d10c000000] [id=6592]
  0x000002bbdf47a000 GCTaskThread "GC Thread#2" [stack: 0x000000d10c000000,0x000000d10c100000] [id=13708]
  0x000002bbdf47b800 GCTaskThread "GC Thread#3" [stack: 0x000000d10c100000,0x000000d10c200000] [id=7508]
  0x000002bbdf4fe800 ConcurrentGCThread "G1 Main Marker" [stack: 0x000000d10c700000,0x000000d10c800000] [id=2836]
  0x000002bbdf4ff000 ConcurrentGCThread "G1 Marker#0" [stack: 0x000000d10c800000,0x000000d10c900000] [id=8368]
  0x000002bbdf491000 ConcurrentGCThread "G1 Refine#0" [stack: 0x000000d10c500000,0x000000d10c600000] [id=12576]
  0x000002bbdf490000 ConcurrentGCThread "G1 Refine#1" [stack: 0x000000d10c400000,0x000000d10c500000] [id=11432]
  0x000002bbdf48e000 ConcurrentGCThread "G1 Refine#2" [stack: 0x000000d10c300000,0x000000d10c400000] [id=7064]
  0x000002bbdf48b800 ConcurrentGCThread "G1 Refine#3" [stack: 0x000000d10c200000,0x000000d10c300000] [id=2564]
  0x000002bbdf491800 ConcurrentGCThread "G1 Young RemSet Sampling" [stack: 0x000000d10c600000,0x000000d10c700000] [id=6972]

Threads with active compile tasks:

VM state:not at safepoint (normal execution)

VM Mutex/Monitor currently owned by a thread: None

Heap address: 0x0000000081400000, size: 2028 MB, Compressed Oops mode: 32-bit
Narrow klass base: 0x0000000000000000, Narrow klass shift: 3
Compressed class space size: 1073741824 Address: 0x0000000100000000

Heap:
 garbage-first heap   total 131072K, used 22909K [0x0000000081400000, 0x0000000081500400, 0x0000000100000000)
  region size 1024K, 20 young (20480K), 5 survivors (5120K)
 Metaspace       used 23657K, capacity 26632K, committed 26800K, reserved 1073152K
  class space    used 3185K, capacity 3644K, committed 3760K, reserved 1048576K
Heap Regions: E=young(eden), S=young(survivor), O=old, HS=humongous(starts), HC=humongous(continues), CS=collection set, F=free, A=archive, TS=gc time stamp, AC=allocation context, TAMS=top-at-mark-start (previous, next)
|   0|0x0000000081400000, 0x000000008147ac00, 0x0000000081500000| 47%| O|  |TS  0|AC  0|TAMS 0x000000008147ac00, 0x000000008147ac00|
|   1|0x0000000081500000, 0x0000000081600000, 0x0000000081600000|100%|HS|  |TS  0|AC  0|TAMS 0x0000000081500000, 0x0000000081500000|
|   2|0x0000000081600000, 0x0000000081700000, 0x0000000081700000|100%|HS|  |TS  0|AC  0|TAMS 0x0000000081600000, 0x0000000081600000|
|   3|0x0000000081700000, 0x0000000081800000, 0x0000000081800000|100%|HC|  |TS  0|AC  0|TAMS 0x0000000081700000, 0x0000000081700000|
|   4|0x0000000081800000, 0x0000000081800000, 0x0000000081900000|  0%| F|  |TS  0|AC  0|TAMS 0x0000000081800000, 0x0000000081800000|
|   5|0x0000000081900000, 0x0000000081900000, 0x0000000081a00000|  0%| F|  |TS  0|AC  0|TAMS 0x0000000081900000, 0x0000000081900000|
|   6|0x0000000081a00000, 0x0000000081a00000, 0x0000000081b00000|  0%| F|  |TS  0|AC  0|TAMS 0x0000000081a00000, 0x0000000081a00000|
|   7|0x0000000081b00000, 0x0000000081b00000, 0x0000000081c00000|  0%| F|  |TS  0|AC  0|TAMS 0x0000000081b00000, 0x0000000081b00000|
|   8|0x0000000081c00000, 0x0000000081c00000, 0x0000000081d00000|  0%| F|  |TS  0|AC  0|TAMS 0x0000000081c00000, 0x0000000081c00000|
|   9|0x0000000081d00000, 0x0000000081d00000, 0x0000000081e00000|  0%| F|  |TS  0|AC  0|TAMS 0x0000000081d00000, 0x0000000081d00000|
|  10|0x0000000081e00000, 0x0000000081e00000, 0x0000000081f00000|  0%| F|  |TS  0|AC  0|TAMS 0x0000000081e00000, 0x0000000081e00000|
|  11|0x0000000081f00000, 0x0000000081f00000, 0x0000000082000000|  0%| F|  |TS  0|AC  0|TAMS 0x0000000081f00000, 0x0000000081f00000|
|  12|0x0000000082000000, 0x0000000082000000, 0x0000000082100000|  0%| F|  |TS  0|AC  0|TAMS 0x0000000082000000, 0x0000000082000000|
|  13|0x0000000082100000, 0x0000000082100000, 0x0000000082200000|  0%| F|  |TS  0|AC  0|TAMS 0x0000000082100000, 0x0000000082100000|
|  14|0x0000000082200000, 0x0000000082200000, 0x0000000082300000|  0%| F|  |TS  0|AC  0|TAMS 0x0000000082200000, 0x0000000082200000|
|  15|0x0000000082300000, 0x0000000082300000, 0x0000000082400000|  0%| F|  |TS  0|AC  0|TAMS 0x0000000082300000, 0x0000000082300000|
|  16|0x0000000082400000, 0x0000000082400000, 0x0000000082500000|  0%| F|  |TS  0|AC  0|TAMS 0x0000000082400000, 0x0000000082400000|
|  17|0x0000000082500000, 0x0000000082500000, 0x0000000082600000|  0%| F|  |TS  0|AC  0|TAMS 0x0000000082500000, 0x0000000082500000|
|  18|0x0000000082600000, 0x0000000082600000, 0x0000000082700000|  0%| F|  |TS  0|AC  0|TAMS 0x0000000082600000, 0x0000000082600000|
|  19|0x0000000082700000, 0x0000000082700000, 0x0000000082800000|  0%| F|  |TS  0|AC  0|TAMS 0x0000000082700000, 0x0000000082700000|
|  20|0x0000000082800000, 0x0000000082800000, 0x0000000082900000|  0%| F|  |TS  0|AC  0|TAMS 0x0000000082800000, 0x0000000082800000|
|  21|0x0000000082900000, 0x0000000082900000, 0x0000000082a00000|  0%| F|  |TS  0|AC  0|TAMS 0x0000000082900000, 0x0000000082900000|
|  22|0x0000000082a00000, 0x0000000082a00000, 0x0000000082b00000|  0%| F|  |TS  0|AC  0|TAMS 0x0000000082a00000, 0x0000000082a00000|
|  23|0x0000000082b00000, 0x0000000082b00000, 0x0000000082c00000|  0%| F|  |TS  0|AC  0|TAMS 0x0000000082b00000, 0x0000000082b00000|
|  24|0x0000000082c00000, 0x0000000082c00000, 0x0000000082d00000|  0%| F|  |TS  0|AC  0|TAMS 0x0000000082c00000, 0x0000000082c00000|
|  25|0x0000000082d00000, 0x0000000082d00000, 0x0000000082e00000|  0%| F|  |TS  0|AC  0|TAMS 0x0000000082d00000, 0x0000000082d00000|
|  26|0x0000000082e00000, 0x0000000082e00000, 0x0000000082f00000|  0%| F|  |TS  0|AC  0|TAMS 0x0000000082e00000, 0x0000000082e00000|
|  27|0x0000000082f00000, 0x0000000082f00000, 0x0000000083000000|  0%| F|  |TS  0|AC  0|TAMS 0x0000000082f00000, 0x0000000082f00000|
|  28|0x0000000083000000, 0x0000000083000000, 0x0000000083100000|  0%| F|  |TS  0|AC  0|TAMS 0x0000000083000000, 0x0000000083000000|
|  29|0x0000000083100000, 0x0000000083100000, 0x0000000083200000|  0%| F|  |TS  0|AC  0|TAMS 0x0000000083100000, 0x0000000083100000|
|  30|0x0000000083200000, 0x0000000083200000, 0x0000000083300000|  0%| F|  |TS  0|AC  0|TAMS 0x0000000083200000, 0x0000000083200000|
|  31|0x0000000083300000, 0x0000000083300000, 0x0000000083400000|  0%| F|  |TS  0|AC  0|TAMS 0x0000000083300000, 0x0000000083300000|
|  32|0x0000000083400000, 0x0000000083400000, 0x0000000083500000|  0%| F|  |TS  0|AC  0|TAMS 0x0000000083400000, 0x0000000083400000|
|  33|0x0000000083500000, 0x0000000083500000, 0x0000000083600000|  0%| F|  |TS  0|AC  0|TAMS 0x0000000083500000, 0x0000000083500000|
|  34|0x0000000083600000, 0x0000000083600000, 0x0000000083700000|  0%| F|  |TS  0|AC  0|TAMS 0x0000000083600000, 0x0000000083600000|
|  35|0x0000000083700000, 0x0000000083700000, 0x0000000083800000|  0%| F|  |TS  0|AC  0|TAMS 0x0000000083700000, 0x0000000083700000|
|  36|0x0000000083800000, 0x0000000083800000, 0x0000000083900000|  0%| F|  |TS  0|AC  0|TAMS 0x0000000083800000, 0x0000000083800000|
|  37|0x0000000083900000, 0x0000000083900000, 0x0000000083a00000|  0%| F|  |TS  0|AC  0|TAMS 0x0000000083900000, 0x0000000083900000|
|  38|0x0000000083a00000, 0x0000000083a00000, 0x0000000083b00000|  0%| F|  |TS  0|AC  0|TAMS 0x0000000083a00000, 0x0000000083a00000|
|  39|0x0000000083b00000, 0x0000000083b00000, 0x0000000083c00000|  0%| F|  |TS  0|AC  0|TAMS 0x0000000083b00000, 0x0000000083b00000|
|  40|0x0000000083c00000, 0x0000000083c00000, 0x0000000083d00000|  0%| F|  |TS  0|AC  0|TAMS 0x0000000083c00000, 0x0000000083c00000|
|  41|0x0000000083d00000, 0x0000000083d00000, 0x0000000083e00000|  0%| F|  |TS  0|AC  0|TAMS 0x0000000083d00000, 0x0000000083d00000|
|  42|0x0000000083e00000, 0x0000000083e00000, 0x0000000083f00000|  0%| F|  |TS  0|AC  0|TAMS 0x0000000083e00000, 0x0000000083e00000|
|  43|0x0000000083f00000, 0x0000000083f00000, 0x0000000084000000|  0%| F|  |TS  0|AC  0|TAMS 0x0000000083f00000, 0x0000000083f00000|
|  44|0x0000000084000000, 0x0000000084000000, 0x0000000084100000|  0%| F|  |TS  0|AC  0|TAMS 0x0000000084000000, 0x0000000084000000|
|  45|0x0000000084100000, 0x0000000084100000, 0x0000000084200000|  0%| F|  |TS  0|AC  0|TAMS 0x0000000084100000, 0x0000000084100000|
|  46|0x0000000084200000, 0x0000000084200000, 0x0000000084300000|  0%| F|  |TS  0|AC  0|TAMS 0x0000000084200000, 0x0000000084200000|
|  47|0x0000000084300000, 0x0000000084300000, 0x0000000084400000|  0%| F|  |TS  0|AC  0|TAMS 0x0000000084300000, 0x0000000084300000|
|  48|0x0000000084400000, 0x0000000084400000, 0x0000000084500000|  0%| F|  |TS  0|AC  0|TAMS 0x0000000084400000, 0x0000000084400000|
|  49|0x0000000084500000, 0x0000000084500000, 0x0000000084600000|  0%| F|  |TS  0|AC  0|TAMS 0x0000000084500000, 0x0000000084500000|
|  50|0x0000000084600000, 0x0000000084600000, 0x0000000084700000|  0%| F|  |TS  0|AC  0|TAMS 0x0000000084600000, 0x0000000084600000|
|  51|0x0000000084700000, 0x0000000084700000, 0x0000000084800000|  0%| F|  |TS  0|AC  0|TAMS 0x0000000084700000, 0x0000000084700000|
|  52|0x0000000084800000, 0x0000000084800000, 0x0000000084900000|  0%| F|  |TS  0|AC  0|TAMS 0x0000000084800000, 0x0000000084800000|
|  53|0x0000000084900000, 0x0000000084900000, 0x0000000084a00000|  0%| F|  |TS  0|AC  0|TAMS 0x0000000084900000, 0x0000000084900000|
|  54|0x0000000084a00000, 0x0000000084a00000, 0x0000000084b00000|  0%| F|  |TS  0|AC  0|TAMS 0x0000000084a00000, 0x0000000084a00000|
|  55|0x0000000084b00000, 0x0000000084b00000, 0x0000000084c00000|  0%| F|  |TS  0|AC  0|TAMS 0x0000000084b00000, 0x0000000084b00000|
|  56|0x0000000084c00000, 0x0000000084c00000, 0x0000000084d00000|  0%| F|  |TS  0|AC  0|TAMS 0x0000000084c00000, 0x0000000084c00000|
|  57|0x0000000084d00000, 0x0000000084d00000, 0x0000000084e00000|  0%| F|  |TS  0|AC  0|TAMS 0x0000000084d00000, 0x0000000084d00000|
|  58|0x0000000084e00000, 0x0000000084e00000, 0x0000000084f00000|  0%| F|  |TS  0|AC  0|TAMS 0x0000000084e00000, 0x0000000084e00000|
|  59|0x0000000084f00000, 0x0000000084f00000, 0x0000000085000000|  0%| F|  |TS  0|AC  0|TAMS 0x0000000084f00000, 0x0000000084f00000|
|  60|0x0000000085000000, 0x0000000085000000, 0x0000000085100000|  0%| F|  |TS  0|AC  0|TAMS 0x0000000085000000, 0x0000000085000000|
|  61|0x0000000085100000, 0x0000000085100000, 0x0000000085200000|  0%| F|  |TS  0|AC  0|TAMS 0x0000000085100000, 0x0000000085100000|
|  62|0x0000000085200000, 0x0000000085200000, 0x0000000085300000|  0%| F|  |TS  0|AC  0|TAMS 0x0000000085200000, 0x0000000085200000|
|  63|0x0000000085300000, 0x0000000085300000, 0x0000000085400000|  0%| F|  |TS  0|AC  0|TAMS 0x0000000085300000, 0x0000000085300000|
|  64|0x0000000085400000, 0x0000000085400000, 0x0000000085500000|  0%| F|  |TS  0|AC  0|TAMS 0x0000000085400000, 0x0000000085400000|
|  65|0x0000000085500000, 0x0000000085500000, 0x0000000085600000|  0%| F|  |TS  0|AC  0|TAMS 0x0000000085500000, 0x0000000085500000|
|  66|0x0000000085600000, 0x0000000085600000, 0x0000000085700000|  0%| F|  |TS  0|AC  0|TAMS 0x0000000085600000, 0x0000000085600000|
|  67|0x0000000085700000, 0x0000000085700000, 0x0000000085800000|  0%| F|  |TS  0|AC  0|TAMS 0x0000000085700000, 0x0000000085700000|
|  68|0x0000000085800000, 0x0000000085800000, 0x0000000085900000|  0%| F|  |TS  0|AC  0|TAMS 0x0000000085800000, 0x0000000085800000|
|  69|0x0000000085900000, 0x0000000085900000, 0x0000000085a00000|  0%| F|  |TS  0|AC  0|TAMS 0x0000000085900000, 0x0000000085900000|
|  70|0x0000000085a00000, 0x0000000085a00000, 0x0000000085b00000|  0%| F|  |TS  0|AC  0|TAMS 0x0000000085a00000, 0x0000000085a00000|
|  71|0x0000000085b00000, 0x0000000085b00000, 0x0000000085c00000|  0%| F|  |TS  0|AC  0|TAMS 0x0000000085b00000, 0x0000000085b00000|
|  72|0x0000000085c00000, 0x0000000085c00000, 0x0000000085d00000|  0%| F|  |TS  0|AC  0|TAMS 0x0000000085c00000, 0x0000000085c00000|
|  73|0x0000000085d00000, 0x0000000085d00000, 0x0000000085e00000|  0%| F|  |TS  0|AC  0|TAMS 0x0000000085d00000, 0x0000000085d00000|
|  74|0x0000000085e00000, 0x0000000085e00000, 0x0000000085f00000|  0%| F|  |TS  0|AC  0|TAMS 0x0000000085e00000, 0x0000000085e00000|
|  75|0x0000000085f00000, 0x0000000085f00000, 0x0000000086000000|  0%| F|  |TS  0|AC  0|TAMS 0x0000000085f00000, 0x0000000085f00000|
|  76|0x0000000086000000, 0x0000000086000000, 0x0000000086100000|  0%| F|  |TS  0|AC  0|TAMS 0x0000000086000000, 0x0000000086000000|
|  77|0x0000000086100000, 0x0000000086100000, 0x0000000086200000|  0%| F|  |TS  0|AC  0|TAMS 0x0000000086100000, 0x0000000086100000|
|  78|0x0000000086200000, 0x0000000086200000, 0x0000000086300000|  0%| F|  |TS  0|AC  0|TAMS 0x0000000086200000, 0x0000000086200000|
|  79|0x0000000086300000, 0x0000000086300000, 0x0000000086400000|  0%| F|  |TS  0|AC  0|TAMS 0x0000000086300000, 0x0000000086300000|
|  80|0x0000000086400000, 0x0000000086400000, 0x0000000086500000|  0%| F|  |TS  0|AC  0|TAMS 0x0000000086400000, 0x0000000086400000|
|  81|0x0000000086500000, 0x0000000086500000, 0x0000000086600000|  0%| F|  |TS  0|AC  0|TAMS 0x0000000086500000, 0x0000000086500000|
|  82|0x0000000086600000, 0x0000000086600000, 0x0000000086700000|  0%| F|  |TS  0|AC  0|TAMS 0x0000000086600000, 0x0000000086600000|
|  83|0x0000000086700000, 0x0000000086700000, 0x0000000086800000|  0%| F|  |TS  0|AC  0|TAMS 0x0000000086700000, 0x0000000086700000|
|  84|0x0000000086800000, 0x0000000086800000, 0x0000000086900000|  0%| F|  |TS  0|AC  0|TAMS 0x0000000086800000, 0x0000000086800000|
|  85|0x0000000086900000, 0x0000000086900000, 0x0000000086a00000|  0%| F|  |TS  0|AC  0|TAMS 0x0000000086900000, 0x0000000086900000|
|  86|0x0000000086a00000, 0x0000000086a00000, 0x0000000086b00000|  0%| F|  |TS  0|AC  0|TAMS 0x0000000086a00000, 0x0000000086a00000|
|  87|0x0000000086b00000, 0x0000000086b00000, 0x0000000086c00000|  0%| F|  |TS  0|AC  0|TAMS 0x0000000086b00000, 0x0000000086b00000|
|  88|0x0000000086c00000, 0x0000000086c00000, 0x0000000086d00000|  0%| F|  |TS  0|AC  0|TAMS 0x0000000086c00000, 0x0000000086c00000|
|  89|0x0000000086d00000, 0x0000000086d00000, 0x0000000086e00000|  0%| F|  |TS  0|AC  0|TAMS 0x0000000086d00000, 0x0000000086d00000|
|  90|0x0000000086e00000, 0x0000000086e00000, 0x0000000086f00000|  0%| F|  |TS  0|AC  0|TAMS 0x0000000086e00000, 0x0000000086e00000|
|  91|0x0000000086f00000, 0x0000000086f00000, 0x0000000087000000|  0%| F|  |TS  0|AC  0|TAMS 0x0000000086f00000, 0x0000000086f00000|
|  92|0x0000000087000000, 0x0000000087000000, 0x0000000087100000|  0%| F|  |TS  0|AC  0|TAMS 0x0000000087000000, 0x0000000087000000|
|  93|0x0000000087100000, 0x0000000087100000, 0x0000000087200000|  0%| F|  |TS  0|AC  0|TAMS 0x0000000087100000, 0x0000000087100000|
|  94|0x0000000087200000, 0x0000000087200000, 0x0000000087300000|  0%| F|  |TS  0|AC  0|TAMS 0x0000000087200000, 0x0000000087200000|
|  95|0x0000000087300000, 0x0000000087300000, 0x0000000087400000|  0%| F|  |TS  0|AC  0|TAMS 0x0000000087300000, 0x0000000087300000|
|  96|0x0000000087400000, 0x0000000087400000, 0x0000000087500000|  0%| F|  |TS  0|AC  0|TAMS 0x0000000087400000, 0x0000000087400000|
|  97|0x0000000087500000, 0x0000000087500000, 0x0000000087600000|  0%| F|  |TS  0|AC  0|TAMS 0x0000000087500000, 0x0000000087500000|
|  98|0x0000000087600000, 0x0000000087600000, 0x0000000087700000|  0%| F|  |TS  0|AC  0|TAMS 0x0000000087600000, 0x0000000087600000|
|  99|0x0000000087700000, 0x0000000087700000, 0x0000000087800000|  0%| F|  |TS  0|AC  0|TAMS 0x0000000087700000, 0x0000000087700000|
| 100|0x0000000087800000, 0x0000000087800000, 0x0000000087900000|  0%| F|  |TS  0|AC  0|TAMS 0x0000000087800000, 0x0000000087800000|
| 101|0x0000000087900000, 0x0000000087900000, 0x0000000087a00000|  0%| F|  |TS  0|AC  0|TAMS 0x0000000087900000, 0x0000000087900000|
| 102|0x0000000087a00000, 0x0000000087a00000, 0x0000000087b00000|  0%| F|  |TS  0|AC  0|TAMS 0x0000000087a00000, 0x0000000087a00000|
| 103|0x0000000087b00000, 0x0000000087be4a98, 0x0000000087c00000| 89%| S|CS|TS  0|AC  0|TAMS 0x0000000087b00000, 0x0000000087b00000|
| 104|0x0000000087c00000, 0x0000000087d00000, 0x0000000087d00000|100%| S|CS|TS  0|AC  0|TAMS 0x0000000087c00000, 0x0000000087c00000|
| 105|0x0000000087d00000, 0x0000000087e00000, 0x0000000087e00000|100%| S|CS|TS  0|AC  0|TAMS 0x0000000087d00000, 0x0000000087d00000|
| 106|0x0000000087e00000, 0x0000000087f00000, 0x0000000087f00000|100%| S|CS|TS  0|AC  0|TAMS 0x0000000087e00000, 0x0000000087e00000|
| 107|0x0000000087f00000, 0x0000000088000000, 0x0000000088000000|100%| S|CS|TS  0|AC  0|TAMS 0x0000000087f00000, 0x0000000087f00000|
| 108|0x0000000088000000, 0x0000000088000000, 0x0000000088100000|  0%| F|  |TS  0|AC  0|TAMS 0x0000000088000000, 0x0000000088000000|
| 109|0x0000000088100000, 0x0000000088100000, 0x0000000088200000|  0%| F|  |TS  0|AC  0|TAMS 0x0000000088100000, 0x0000000088100000|
| 110|0x0000000088200000, 0x0000000088200000, 0x0000000088300000|  0%| F|  |TS  0|AC  0|TAMS 0x0000000088200000, 0x0000000088200000|
| 111|0x0000000088300000, 0x0000000088300000, 0x0000000088400000|  0%| F|  |TS  0|AC  0|TAMS 0x0000000088300000, 0x0000000088300000|
| 112|0x0000000088400000, 0x0000000088400000, 0x0000000088500000|  0%| F|  |TS  0|AC  0|TAMS 0x0000000088400000, 0x0000000088400000|
| 113|0x0000000088500000, 0x000000008854f6f0, 0x0000000088600000| 31%| E|  |TS  0|AC  0|TAMS 0x0000000088500000, 0x0000000088500000|
| 114|0x0000000088600000, 0x0000000088700000, 0x0000000088700000|100%| E|CS|TS  0|AC  0|TAMS 0x0000000088600000, 0x0000000088600000|
| 115|0x0000000088700000, 0x0000000088800000, 0x0000000088800000|100%| E|CS|TS  0|AC  0|TAMS 0x0000000088700000, 0x0000000088700000|
| 116|0x0000000088800000, 0x0000000088900000, 0x0000000088900000|100%| E|CS|TS  0|AC  0|TAMS 0x0000000088800000, 0x0000000088800000|
| 117|0x0000000088900000, 0x0000000088a00000, 0x0000000088a00000|100%| E|CS|TS  0|AC  0|TAMS 0x0000000088900000, 0x0000000088900000|
| 118|0x0000000088a00000, 0x0000000088b00000, 0x0000000088b00000|100%| E|CS|TS  0|AC  0|TAMS 0x0000000088a00000, 0x0000000088a00000|
| 119|0x0000000088b00000, 0x0000000088c00000, 0x0000000088c00000|100%| E|CS|TS  0|AC  0|TAMS 0x0000000088b00000, 0x0000000088b00000|
| 120|0x0000000088c00000, 0x0000000088d00000, 0x0000000088d00000|100%| E|CS|TS  0|AC  0|TAMS 0x0000000088c00000, 0x0000000088c00000|
| 121|0x0000000088d00000, 0x0000000088e00000, 0x0000000088e00000|100%| E|CS|TS  0|AC  0|TAMS 0x0000000088d00000, 0x0000000088d00000|
| 122|0x0000000088e00000, 0x0000000088f00000, 0x0000000088f00000|100%| E|CS|TS  0|AC  0|TAMS 0x0000000088e00000, 0x0000000088e00000|
| 123|0x0000000088f00000, 0x0000000089000000, 0x0000000089000000|100%| E|CS|TS  0|AC  0|TAMS 0x0000000088f00000, 0x0000000088f00000|
| 124|0x0000000089000000, 0x0000000089100000, 0x0000000089100000|100%| E|CS|TS  0|AC  0|TAMS 0x0000000089000000, 0x0000000089000000|
| 125|0x0000000089100000, 0x0000000089200000, 0x0000000089200000|100%| E|CS|TS  0|AC  0|TAMS 0x0000000089100000, 0x0000000089100000|
| 126|0x0000000089200000, 0x0000000089300000, 0x0000000089300000|100%| E|CS|TS  0|AC  0|TAMS 0x0000000089200000, 0x0000000089200000|
| 127|0x0000000089300000, 0x0000000089400000, 0x0000000089400000|100%| E|CS|TS  0|AC  0|TAMS 0x0000000089300000, 0x0000000089300000|

Card table byte_map: [0x000002bbfb270000,0x000002bbfb670000] byte_map_base: 0x000002bbfae66000

Marking Bits (Prev, Next): (CMBitMap*) 0x000002bbdf4fda88, (CMBitMap*) 0x000002bbdf4fda50
 Prev Bits: [0x000002bbfda20000, 0x000002bbff9d0000)
 Next Bits: [0x000002bbfba70000, 0x000002bbfda20000)

Polling page: 0x000002bbdd340000

CodeHeap 'non-profiled nmethods': size=120064Kb used=1416Kb max_used=1416Kb free=118647Kb
 bounds [0x000002bbf3000000, 0x000002bbf3270000, 0x000002bbfa540000]
CodeHeap 'profiled nmethods': size=120000Kb used=5950Kb max_used=5950Kb free=114049Kb
 bounds [0x000002bbebad0000, 0x000002bbec0a0000, 0x000002bbf3000000]
CodeHeap 'non-nmethods': size=5696Kb used=1465Kb max_used=1519Kb free=4231Kb
 bounds [0x000002bbeb540000, 0x000002bbeb7b0000, 0x000002bbebad0000]
 total_blobs=4208 nmethods=2950 adapters=654
 compilation: enabled

Compilation events (10 events):
Event: 33.468 Thread 0x000002bb8292b800 2947       3       com.sun.javafx.tk.quantum.GlassViewEventHandler$$Lambda$610/500259809::<init> (10 bytes)
Event: 33.468 Thread 0x000002bb8292b800 nmethod 2947 0x000002bbec09df10 code [0x000002bbec09e0c0, 0x000002bbec09e2d8]
Event: 33.468 Thread 0x000002bb8292b800 2948       3       com.sun.javafx.tk.quantum.GlassViewEventHandler$$Lambda$610/500259809::get (8 bytes)
Event: 33.469 Thread 0x000002bb8292b800 nmethod 2948 0x000002bbec09e390 code [0x000002bbec09e580, 0x000002bbec09ea60]
Event: 33.469 Thread 0x000002bb8292b800 2949       3       com.sun.javafx.tk.quantum.GlassViewEventHandler::lambda$handleMouseEvent$2 (18 bytes)
Event: 33.470 Thread 0x000002bb8292b800 nmethod 2949 0x000002bbec09ec10 code [0x000002bbec09ee00, 0x000002bbec09f260]
Event: 33.470 Thread 0x000002bb8292b800 2950       3       java.util.EnumMap::values (26 bytes)
Event: 33.471 Thread 0x000002bb8292b800 nmethod 2950 0x000002bbec09f410 code [0x000002bbec09f5e0, 0x000002bbec09fa18]
Event: 34.210 Thread 0x000002bb8292a800 2951       4       com.sun.javafx.geom.transform.Identity::transform (20 bytes)
Event: 34.212 Thread 0x000002bb8292a800 nmethod 2951 0x000002bbf3162010 code [0x000002bbf31621a0, 0x000002bbf3162258]

GC Heap History (4 events):
Event: 2.860 GC heap before
{Heap before GC invocations=0 (full 0):
 garbage-first heap   total 131072K, used 14336K [0x0000000081400000, 0x0000000081500400, 0x0000000100000000)
  region size 1024K, 14 young (14336K), 0 survivors (0K)
 Metaspace       used 11009K, capacity 11622K, committed 11904K, reserved 1060864K
  class space    used 1148K, capacity 1303K, committed 1408K, reserved 1048576K
}
Event: 2.872 GC heap after
{Heap after GC invocations=1 (full 0):
 garbage-first heap   total 131072K, used 2539K [0x0000000081400000, 0x0000000081500400, 0x0000000100000000)
  region size 1024K, 2 young (2048K), 2 survivors (2048K)
 Metaspace       used 11009K, capacity 11622K, committed 11904K, reserved 1060864K
  class space    used 1148K, capacity 1303K, committed 1408K, reserved 1048576K
}
Event: 4.695 GC heap before
{Heap before GC invocations=1 (full 0):
 garbage-first heap   total 131072K, used 19947K [0x0000000081400000, 0x0000000081500400, 0x0000000100000000)
  region size 1024K, 20 young (20480K), 2 survivors (2048K)
 Metaspace       used 19252K, capacity 21214K, committed 21296K, reserved 1067008K
  class space    used 2532K, capacity 2836K, committed 2864K, reserved 1048576K
}
Event: 4.708 GC heap after
{Heap after GC invocations=2 (full 0):
 garbage-first heap   total 131072K, used 5501K [0x0000000081400000, 0x0000000081500400, 0x0000000100000000)
  region size 1024K, 5 young (5120K), 5 survivors (5120K)
 Metaspace       used 19252K, capacity 21214K, committed 21296K, reserved 1067008K
  class space    used 2532K, capacity 2836K, committed 2864K, reserved 1048576K
}

Deoptimization events (10 events):
Event: 4.246 Thread 0x000002bb8314e000 Uncommon trap: reason=class_check action=maybe_recompile pc=0x000002bbf3017654 method=java.lang.String.equals(Ljava/lang/Object;)Z @ 8 c2
Event: 5.147 Thread 0x000002bb8314e000 Uncommon trap: reason=unstable_if action=reinterpret pc=0x000002bbf30b6cd8 method=javafx.css.SimpleSelector.stateMatches(Ljavafx/css/Styleable;Ljava/util/Set;)Z @ 1 c2
Event: 5.221 Thread 0x000002bb82f03800 Uncommon trap: reason=intrinsic_or_type_checked_inlining action=make_not_entrant pc=0x000002bbf305c45c method=java.util.Arrays.copyOf([Ljava/lang/Object;ILjava/lang/Class;)[Ljava/lang/Object; @ 35 c2
Event: 16.317 Thread 0x000002bb8314e000 Uncommon trap: reason=unstable_if action=reinterpret pc=0x000002bbf3052120 method=jdk.internal.org.objectweb.asm.Type.getArgumentsAndReturnSizes(Ljava/lang/String;)I @ 47 c2
Event: 16.401 Thread 0x000002bb8314e000 Uncommon trap: reason=unstable_if action=reinterpret pc=0x000002bbf302e3c4 method=java.lang.AbstractStringBuilder.append(Ljava/lang/String;)Ljava/lang/AbstractStringBuilder; @ 1 c2
Event: 18.012 Thread 0x000002bb8314e000 Uncommon trap: reason=unstable_if action=reinterpret pc=0x000002bbf30aa950 method=com.sun.javafx.css.BitSet.add(Ljava/lang/Object;)Z @ 91 c2
Event: 18.129 Thread 0x000002bb8314e000 Uncommon trap: reason=array_check action=maybe_recompile pc=0x000002bbf311c1a0 method=javafx.css.SimpleSelector.applies(Ljavafx/css/Styleable;[Ljava/util/Set;I)Z @ 37 c2
Event: 18.129 Thread 0x000002bb8314e000 Uncommon trap: reason=array_check action=maybe_recompile pc=0x000002bbf311c1a0 method=javafx.css.SimpleSelector.applies(Ljavafx/css/Styleable;[Ljava/util/Set;I)Z @ 37 c2
Event: 18.130 Thread 0x000002bb8314e000 Uncommon trap: reason=array_check action=maybe_recompile pc=0x000002bbf311c1a0 method=javafx.css.SimpleSelector.applies(Ljavafx/css/Styleable;[Ljava/util/Set;I)Z @ 37 c2
Event: 18.130 Thread 0x000002bb8314e000 Uncommon trap: reason=array_check action=maybe_recompile pc=0x000002bbf311c1a0 method=javafx.css.SimpleSelector.applies(Ljavafx/css/Styleable;[Ljava/util/Set;I)Z @ 37 c2

Classes redefined (0 events):
No events

Internal exceptions (10 events):
Event: 16.318 Thread 0x000002bb8314e000 Exception <a 'java/lang/NoSuchMethodError'{0x0000000088be87c8}: java.lang.invoke.DirectMethodHandle$Holder.invokeStaticInit(Ljava/lang/Object;Ljava/lang/Object;Ljava/lang/Object;)J> (0x0000000088be87c8) thrown at [t:/workspace/hotspot/src/share/vm/interpr
Event: 16.326 Thread 0x000002bb8314e000 Exception <a 'java/lang/NoSuchMethodError'{0x0000000088bfb2f8}: method resolution failed> (0x0000000088bfb2f8) thrown at [t:/workspace/hotspot/src/share/vm/prims/methodHandles.cpp, line 1256]
Event: 16.331 Thread 0x000002bb8314e000 Exception <a 'java/lang/NoSuchMethodError'{0x0000000088a018c0}: java.lang.invoke.DirectMethodHandle$Holder.invokeStatic(Ljava/lang/Object;Ljava/lang/Object;J)Ljava/lang/Object;> (0x0000000088a018c0) thrown at [t:/workspace/hotspot/src/share/vm/interpreter
Event: 16.332 Thread 0x000002bb8314e000 Exception <a 'java/lang/NoSuchMethodError'{0x0000000088a04eb8}: method resolution failed> (0x0000000088a04eb8) thrown at [t:/workspace/hotspot/src/share/vm/prims/methodHandles.cpp, line 1256]
Event: 16.401 Thread 0x000002bb8314e000 Implicit null exception at 0x000002bbf302def4 to 0x000002bbf302e3ad
Event: 16.402 Thread 0x000002bb8314e000 Exception <a 'java/io/FileNotFoundException'{0x0000000088a4d558}> (0x0000000088a4d558) thrown at [t:/workspace/hotspot/src/share/vm/prims/jni.cpp, line 604]
Event: 16.413 Thread 0x000002bb8314e000 Exception <a 'java/io/FileNotFoundException'{0x0000000088a5f650}> (0x0000000088a5f650) thrown at [t:/workspace/hotspot/src/share/vm/prims/jni.cpp, line 604]
Event: 16.418 Thread 0x000002bb8314e000 Exception <a 'java/io/FileNotFoundException'{0x0000000088a6f588}> (0x0000000088a6f588) thrown at [t:/workspace/hotspot/src/share/vm/prims/jni.cpp, line 604]
Event: 16.426 Thread 0x000002bb8314e000 Exception <a 'java/io/FileNotFoundException'{0x0000000088a80fc0}> (0x0000000088a80fc0) thrown at [t:/workspace/hotspot/src/share/vm/prims/jni.cpp, line 604]
Event: 18.168 Thread 0x000002bb82f03800 Exception <a 'java/lang/NoSuchMethodError'{0x0000000088ba9ed8}: java.lang.invoke.DirectMethodHandle$Holder.invokeStaticInit(Ljava/lang/Object;I)Ljava/lang/Object;> (0x0000000088ba9ed8) thrown at [t:/workspace/hotspot/src/share/vm/interpreter/linkResolver.

Events (10 events):
Event: 23.180 loading class Program/Controller$1
Event: 23.180 loading class Program/Controller$1 done
Event: 34.355 loading class gnu/io/SerialPortEvent
Event: 34.355 loading class gnu/io/SerialPortEvent done
Event: 34.357 Executing VM operation: RevokeBias
Event: 34.357 Executing VM operation: RevokeBias done
Event: 34.357 Executing VM operation: RevokeBias
Event: 34.357 Executing VM operation: RevokeBias done
Event: 34.357 Executing VM operation: RevokeBias
Event: 34.357 Executing VM operation: RevokeBias done


Dynamic libraries:
0x00007ff61cf70000 - 0x00007ff61cfae000 	C:\Program Files\Java\jdk-9.0.1\bin\java.exe
0x00007ffa4d010000 - 0x00007ffa4d1f0000 	C:\WINDOWS\SYSTEM32\ntdll.dll
0x00007ffa4ce30000 - 0x00007ffa4cede000 	C:\WINDOWS\System32\KERNEL32.DLL
0x00007ffa49f00000 - 0x00007ffa4a166000 	C:\WINDOWS\System32\KERNELBASE.dll
0x00007ffa4c1c0000 - 0x00007ffa4c261000 	C:\WINDOWS\System32\ADVAPI32.dll
0x00007ffa4c2e0000 - 0x00007ffa4c37d000 	C:\WINDOWS\System32\msvcrt.dll
0x00007ffa4c8f0000 - 0x00007ffa4c94b000 	C:\WINDOWS\System32\sechost.dll
0x00007ffa4bf00000 - 0x00007ffa4c01f000 	C:\WINDOWS\System32\RPCRT4.dll
0x00007ffa4c760000 - 0x00007ffa4c8ef000 	C:\WINDOWS\System32\USER32.dll
0x00007ffa49e10000 - 0x00007ffa49e30000 	C:\WINDOWS\System32\win32u.dll
0x00007ffa4a720000 - 0x00007ffa4a748000 	C:\WINDOWS\System32\GDI32.dll
0x00007ffa4a170000 - 0x00007ffa4a303000 	C:\WINDOWS\System32\gdi32full.dll
0x00007ffa49d70000 - 0x00007ffa49e0b000 	C:\WINDOWS\System32\msvcp_win.dll
0x00007ffa49b60000 - 0x00007ffa49c56000 	C:\WINDOWS\System32\ucrtbase.dll
0x00007ffa383b0000 - 0x00007ffa38619000 	C:\WINDOWS\WinSxS\amd64_microsoft.windows.common-controls_6595b64144ccf1df_6.0.16299.192_none_15c8cdae9364c23b\COMCTL32.dll
0x00007ffa4c380000 - 0x00007ffa4c688000 	C:\WINDOWS\System32\combase.dll
0x00007ffa3d810000 - 0x00007ffa3d81a000 	C:\WINDOWS\SYSTEM32\VERSION.dll
0x00007ffa49e80000 - 0x00007ffa49ef2000 	C:\WINDOWS\System32\bcryptPrimitives.dll
0x00007ffa4bd60000 - 0x00007ffa4bd8d000 	C:\WINDOWS\System32\IMM32.DLL
0x00007ffa36210000 - 0x00007ffa362ff000 	C:\Program Files\Java\jdk-9.0.1\bin\msvcr120.dll
0x00007ffa27940000 - 0x00007ffa279e6000 	C:\Program Files\Java\jdk-9.0.1\bin\msvcp120.dll
0x00000000715b0000 - 0x0000000071fd4000 	C:\Program Files\Java\jdk-9.0.1\bin\server\jvm.dll
0x00007ffa4ce10000 - 0x00007ffa4ce18000 	C:\WINDOWS\System32\PSAPI.DLL
0x00007ffa45270000 - 0x00007ffa45279000 	C:\WINDOWS\SYSTEM32\WSOCK32.dll
0x00007ffa4c270000 - 0x00007ffa4c2dc000 	C:\WINDOWS\System32\WS2_32.dll
0x00007ffa474e0000 - 0x00007ffa47503000 	C:\WINDOWS\SYSTEM32\WINMM.dll
0x00007ffa474b0000 - 0x00007ffa474da000 	C:\WINDOWS\SYSTEM32\winmmbase.dll
0x00007ffa49e30000 - 0x00007ffa49e7a000 	C:\WINDOWS\System32\cfgmgr32.dll
0x00007ffa45fe0000 - 0x00007ffa45fef000 	C:\Program Files\Java\jdk-9.0.1\bin\verify.dll
0x00007ffa3e760000 - 0x00007ffa3e787000 	C:\Program Files\Java\jdk-9.0.1\bin\java.dll
0x00007ffa396b0000 - 0x00007ffa396da000 	C:\Program Files\Java\jdk-9.0.1\bin\instrument.dll
0x00007ffa3e6a0000 - 0x00007ffa3e6b6000 	C:\Program Files\Java\jdk-9.0.1\bin\zip.dll
0x00007ffa438d0000 - 0x00007ffa438da000 	C:\Program Files\Java\jdk-9.0.1\bin\jimage.dll
0x00007ffa4a920000 - 0x00007ffa4bd56000 	C:\WINDOWS\System32\SHELL32.dll
0x00007ffa4a670000 - 0x00007ffa4a716000 	C:\WINDOWS\System32\shcore.dll
0x00007ffa49410000 - 0x00007ffa49b57000 	C:\WINDOWS\System32\windows.storage.dll
0x00007ffa4cee0000 - 0x00007ffa4cf31000 	C:\WINDOWS\System32\shlwapi.dll
0x00007ffa493a0000 - 0x00007ffa493b1000 	C:\WINDOWS\System32\kernel.appcore.dll
0x00007ffa493c0000 - 0x00007ffa4940c000 	C:\WINDOWS\System32\powrprof.dll
0x00007ffa49360000 - 0x00007ffa4937b000 	C:\WINDOWS\System32\profapi.dll
0x00007ffa3e650000 - 0x00007ffa3e66a000 	C:\Program Files\Java\jdk-9.0.1\bin\net.dll
0x00007ffa435d0000 - 0x00007ffa436ae000 	C:\WINDOWS\SYSTEM32\WINHTTP.dll
0x00007ffa48bf0000 - 0x00007ffa48c56000 	C:\WINDOWS\system32\mswsock.dll
0x00007ffa396e0000 - 0x00007ffa396f1000 	C:\Program Files\Java\jdk-9.0.1\bin\nio.dll
0x00007ffa3cab0000 - 0x00007ffa3caca000 	C:\Program Files\JetBrains\IntelliJ IDEA Community Edition 2017.3.4\bin\breakgen64.dll
0x000002bbdf720000 - 0x000002bbdf723000 	C:\Program Files\Java\jdk-9.0.1\bin\api-ms-win-core-console-l1-1-0.dll
0x000002bbdf730000 - 0x000002bbdf733000 	C:\Program Files\Java\jdk-9.0.1\bin\api-ms-win-core-datetime-l1-1-0.dll
0x000002bbfff90000 - 0x000002bbfff93000 	C:\Program Files\Java\jdk-9.0.1\bin\api-ms-win-core-debug-l1-1-0.dll
0x000002bbfffa0000 - 0x000002bbfffa3000 	C:\Program Files\Java\jdk-9.0.1\bin\api-ms-win-core-errorhandling-l1-1-0.dll
0x000002bbfffb0000 - 0x000002bbfffb4000 	C:\Program Files\Java\jdk-9.0.1\bin\api-ms-win-core-file-l1-1-0.dll
0x000002bbfffc0000 - 0x000002bbfffc3000 	C:\Program Files\Java\jdk-9.0.1\bin\api-ms-win-core-file-l1-2-0.dll
0x000002bbfffd0000 - 0x000002bbfffd3000 	C:\Program Files\Java\jdk-9.0.1\bin\api-ms-win-core-file-l2-1-0.dll
0x000002bbfffe0000 - 0x000002bbfffe3000 	C:\Program Files\Java\jdk-9.0.1\bin\api-ms-win-core-handle-l1-1-0.dll
0x000002bbffff0000 - 0x000002bbffff3000 	C:\Program Files\Java\jdk-9.0.1\bin\api-ms-win-core-heap-l1-1-0.dll
0x000002bb836f0000 - 0x000002bb836f3000 	C:\Program Files\Java\jdk-9.0.1\bin\api-ms-win-core-interlocked-l1-1-0.dll
0x000002bb83700000 - 0x000002bb83703000 	C:\Program Files\Java\jdk-9.0.1\bin\api-ms-win-core-libraryloader-l1-1-0.dll
0x000002bb83710000 - 0x000002bb83713000 	C:\Program Files\Java\jdk-9.0.1\bin\api-ms-win-core-localization-l1-2-0.dll
0x000002bb83720000 - 0x000002bb83723000 	C:\Program Files\Java\jdk-9.0.1\bin\api-ms-win-core-memory-l1-1-0.dll
0x000002bb83730000 - 0x000002bb83733000 	C:\Program Files\Java\jdk-9.0.1\bin\api-ms-win-core-namedpipe-l1-1-0.dll
0x000002bb83740000 - 0x000002bb83743000 	C:\Program Files\Java\jdk-9.0.1\bin\api-ms-win-core-processenvironment-l1-1-0.dll
0x000002bb83750000 - 0x000002bb83753000 	C:\Program Files\Java\jdk-9.0.1\bin\api-ms-win-core-processthreads-l1-1-0.dll
0x000002bb83760000 - 0x000002bb83763000 	C:\Program Files\Java\jdk-9.0.1\bin\api-ms-win-core-processthreads-l1-1-1.dll
0x000002bb83770000 - 0x000002bb83773000 	C:\Program Files\Java\jdk-9.0.1\bin\api-ms-win-core-profile-l1-1-0.dll
0x000002bb83780000 - 0x000002bb83783000 	C:\Program Files\Java\jdk-9.0.1\bin\api-ms-win-core-rtlsupport-l1-1-0.dll
0x000002bb83790000 - 0x000002bb83793000 	C:\Program Files\Java\jdk-9.0.1\bin\api-ms-win-core-string-l1-1-0.dll
0x000002bb837a0000 - 0x000002bb837a3000 	C:\Program Files\Java\jdk-9.0.1\bin\api-ms-win-core-synch-l1-1-0.dll
0x000002bb837b0000 - 0x000002bb837b3000 	C:\Program Files\Java\jdk-9.0.1\bin\api-ms-win-core-synch-l1-2-0.dll
0x000002bb837c0000 - 0x000002bb837c3000 	C:\Program Files\Java\jdk-9.0.1\bin\api-ms-win-core-sysinfo-l1-1-0.dll
0x000002bb837d0000 - 0x000002bb837d3000 	C:\Program Files\Java\jdk-9.0.1\bin\api-ms-win-core-timezone-l1-1-0.dll
0x000002bb837e0000 - 0x000002bb837e3000 	C:\Program Files\Java\jdk-9.0.1\bin\api-ms-win-core-util-l1-1-0.dll
0x000002bb837f0000 - 0x000002bb837f3000 	C:\Program Files\Java\jdk-9.0.1\bin\api-ms-win-crt-conio-l1-1-0.dll
0x000002bb83800000 - 0x000002bb83804000 	C:\Program Files\Java\jdk-9.0.1\bin\api-ms-win-crt-convert-l1-1-0.dll
0x000002bb83810000 - 0x000002bb83813000 	C:\Program Files\Java\jdk-9.0.1\bin\api-ms-win-crt-environment-l1-1-0.dll
0x000002bb83820000 - 0x000002bb83823000 	C:\Program Files\Java\jdk-9.0.1\bin\api-ms-win-crt-filesystem-l1-1-0.dll
0x000002bb83830000 - 0x000002bb83833000 	C:\Program Files\Java\jdk-9.0.1\bin\api-ms-win-crt-heap-l1-1-0.dll
0x000002bb83840000 - 0x000002bb83843000 	C:\Program Files\Java\jdk-9.0.1\bin\api-ms-win-crt-locale-l1-1-0.dll
0x000002bb83850000 - 0x000002bb83855000 	C:\Program Files\Java\jdk-9.0.1\bin\api-ms-win-crt-math-l1-1-0.dll
0x000002bb83860000 - 0x000002bb83865000 	C:\Program Files\Java\jdk-9.0.1\bin\api-ms-win-crt-multibyte-l1-1-0.dll
0x000002bb83870000 - 0x000002bb83880000 	C:\Program Files\Java\jdk-9.0.1\bin\api-ms-win-crt-private-l1-1-0.dll
0x000002bb83880000 - 0x000002bb83883000 	C:\Program Files\Java\jdk-9.0.1\bin\api-ms-win-crt-process-l1-1-0.dll
0x000002bb83890000 - 0x000002bb83894000 	C:\Program Files\Java\jdk-9.0.1\bin\api-ms-win-crt-runtime-l1-1-0.dll
0x000002bb838a0000 - 0x000002bb838a4000 	C:\Program Files\Java\jdk-9.0.1\bin\api-ms-win-crt-stdio-l1-1-0.dll
0x000002bb838b0000 - 0x000002bb838b4000 	C:\Program Files\Java\jdk-9.0.1\bin\api-ms-win-crt-string-l1-1-0.dll
0x000002bb838c0000 - 0x000002bb838c3000 	C:\Program Files\Java\jdk-9.0.1\bin\api-ms-win-crt-time-l1-1-0.dll
0x000002bb838d0000 - 0x000002bb838d3000 	C:\Program Files\Java\jdk-9.0.1\bin\api-ms-win-crt-utility-l1-1-0.dll
0x00007ffa36300000 - 0x00007ffa363f6000 	C:\Program Files\Java\jdk-9.0.1\bin\ucrtbase.dll
0x00007ffa39010000 - 0x00007ffa39026000 	C:\Program Files\Java\jdk-9.0.1\bin\vcruntime140.dll
0x00007ffa31c30000 - 0x00007ffa31ccc000 	C:\Program Files\Java\jdk-9.0.1\bin\msvcp140.dll
0x00007ffa334b0000 - 0x00007ffa33501000 	C:\Program Files\Java\jdk-9.0.1\bin\concrt140.dll
0x00007ffa33e70000 - 0x00007ffa33e93000 	C:\Program Files\Java\jdk-9.0.1\bin\prism_d3d.dll
0x00007ffa21230000 - 0x00007ffa213c5000 	C:\WINDOWS\system32\d3d9.dll
0x00007ffa47c80000 - 0x00007ffa47caa000 	C:\WINDOWS\SYSTEM32\dwmapi.dll
0x00007ffa47b20000 - 0x00007ffa47bb5000 	C:\WINDOWS\system32\uxtheme.dll
0x00007ffa0b010000 - 0x00007ffa0d54d000 	C:\WINDOWS\SYSTEM32\igdumdim64.dll
0x00007ffa4c690000 - 0x00007ffa4c755000 	C:\WINDOWS\System32\OLEAUT32.dll
0x00007ffa4a7d0000 - 0x00007ffa4a919000 	C:\WINDOWS\System32\ole32.dll
0x00007ffa4c9b0000 - 0x00007ffa4cdfe000 	C:\WINDOWS\System32\SETUPAPI.dll
0x00007ffa31be0000 - 0x00007ffa31c2a000 	C:\Program Files\Java\jdk-9.0.1\bin\glass.dll
0x00007ffa4a4e0000 - 0x00007ffa4a5ea000 	C:\WINDOWS\System32\COMDLG32.dll
0x00007ffa4bd90000 - 0x00007ffa4bef7000 	C:\WINDOWS\System32\MSCTF.dll
0x00007ffa24920000 - 0x00007ffa2494c000 	C:\PROGRA~2\RAPTRI~1\Raptr\ltc_help64-119906.dll
0x00007ffa49c60000 - 0x00007ffa49cb8000 	C:\WINDOWS\System32\WINTRUST.dll
0x00007ffa49380000 - 0x00007ffa49392000 	C:\WINDOWS\System32\MSASN1.dll
0x00007ffa4a310000 - 0x00007ffa4a4de000 	C:\WINDOWS\System32\CRYPT32.dll
0x00007ffa36e50000 - 0x00007ffa3788f000 	C:\WINDOWS\SYSTEM32\igdusc64.dll
0x00007ffa285e0000 - 0x00007ffa285f9000 	C:\Program Files (x86)\Smadav\SmadHook64.dll
0x00007ffa33730000 - 0x00007ffa33744000 	C:\Program Files\Java\jdk-9.0.1\bin\javafx_font.dll
0x00007ffa21680000 - 0x00007ffa21819000 	C:\Program Files\Java\jdk-9.0.1\bin\awt.dll
0x00007ffa46e10000 - 0x00007ffa473c8000 	C:\WINDOWS\SYSTEM32\d2d1.dll
0x00007ffa47910000 - 0x00007ffa47998000 	C:\WINDOWS\SYSTEM32\apphelp.dll
0x00007ffa2bc70000 - 0x00007ffa2bd0d000 	C:\Program Files\Java\jdk-9.0.1\bin\fontmanager.dll
0x00007ffa36b40000 - 0x00007ffa36e4f000 	C:\WINDOWS\SYSTEM32\dwrite.dll
0x00007ffa4cf40000 - 0x00007ffa4cfde000 	C:\WINDOWS\System32\clbcatq.dll
0x00007ffa42630000 - 0x00007ffa427db000 	C:\WINDOWS\SYSTEM32\WindowsCodecs.dll
0x00007ffa36930000 - 0x00007ffa3697f000 	C:\WINDOWS\system32\dataexchange.dll
0x00007ffa46a10000 - 0x00007ffa46cf1000 	C:\WINDOWS\system32\d3d11.dll
0x00007ffa46870000 - 0x00007ffa469b2000 	C:\WINDOWS\system32\dcomp.dll
0x00007ffa48180000 - 0x00007ffa4822f000 	C:\WINDOWS\system32\dxgi.dll
0x00007ffa47cb0000 - 0x00007ffa47e2b000 	C:\WINDOWS\system32\twinapi.appcore.dll
0x00007ffa47c60000 - 0x00007ffa47c80000 	C:\WINDOWS\system32\RMCLIENT.dll
0x00007ffa48ec0000 - 0x00007ffa48ee5000 	C:\WINDOWS\system32\bcrypt.dll
0x00007ffa30f70000 - 0x00007ffa30fa4000 	C:\Program Files\Common Files\Microsoft Shared\Ink\rtscom.dll
0x00007ffa45960000 - 0x00007ffa459f8000 	C:\WINDOWS\System32\TextInputFramework.dll
0x00007ffa40640000 - 0x00007ffa4092e000 	C:\WINDOWS\System32\CoreUIComponents.dll
0x00007ffa46d30000 - 0x00007ffa46e0c000 	C:\WINDOWS\System32\CoreMessaging.dll
0x00007ffa484d0000 - 0x00007ffa48501000 	C:\WINDOWS\SYSTEM32\ntmarta.dll
0x00007ffa460f0000 - 0x00007ffa46226000 	C:\WINDOWS\SYSTEM32\wintypes.dll
0x00007ffa33460000 - 0x00007ffa33472000 	C:\Program Files\Java\jdk-9.0.1\bin\prism_common.dll

VM Arguments:
jvm_args: -javaagent:C:\Program Files\JetBrains\IntelliJ IDEA Community Edition 2017.3.4\lib\idea_rt.jar=56958:C:\Program Files\JetBrains\IntelliJ IDEA Community Edition 2017.3.4\bin -Dfile.encoding=UTF-8 
java_command: Program.MainClass
java_class_path (initial): C:\Program Files\Java\jdk-9.0.1;E:\Documents\Java Projects\GCS Serial Port\out\production\Serial Port;E:\Documents\Java Projects\GCS Serial Port\library\jssc-2.8.0.jar;E:\Documents\Java Projects\GCS Serial Port\library\RXTXcomm.jar;E:\Documents\Java Projects\GCS Serial Port\library\rxtx-2.1.7.jar
Launcher Type: SUN_STANDARD

Logging:
Log output configuration:
#0: stdout all=warning uptime,level,tags
#1: stderr all=off uptime,level,tags

Environment Variables:
PATH=C:\ProgramData\Oracle\Java\javapath;C:\WINDOWS\system32;C:\WINDOWS;C:\WINDOWS\System32\Wbem;C:\WINDOWS\System32\WindowsPowerShell\v1.0\;C:\Program Files\Microsoft SQL Server\130\Tools\Binn\;C:\Program Files\Git\cmd;C:\Program Files\PuTTY\;C:\Program Files\Java\jdk-9.0.1\bin;C:\Users\User\AppData\Local\Microsoft\WindowsApps;
USERNAME=Aldian Putra
OS=Windows_NT
PROCESSOR_IDENTIFIER=Intel64 Family 6 Model 61 Stepping 4, GenuineIntel



---------------  S Y S T E M  ---------------

OS: Windows 10 , 64 bit Build 16299 (10.0.16299.15)

CPU:total 4 (initial active 4) (2 cores per cpu, 2 threads per core) family 6 model 61 stepping 4, cmov, cx8, fxsr, mmx, sse, sse2, sse3, ssse3, sse4.1, sse4.2, popcnt, avx, avx2, aes, clmul, erms, 3dnowpref, lzcnt, ht, tsc, tscinvbit, bmi1, bmi2, adx, fma

Memory: 4k page, physical 8305600k(3181028k free), swap 10695224k(2199952k free)

vm_info: Java HotSpot(TM) 64-Bit Server VM (9.0.1+11) for windows-amd64 JRE (9.0.1+11), built on Sep 28 2017 04:54:03 by "mach5one" with MS VC++ 12.0 (VS2013)

END.
