#
# A fatal error has been detected by the Java Runtime Environment:
#
#  EXCEPTION_ACCESS_VIOLATION (0xc0000005) at pc=0x0000000180004465, pid=14188, tid=13064
#
# JRE version: Java(TM) SE Runtime Environment (9.0+11) (build 9.0.1+11)
# Java VM: Java HotSpot(TM) 64-Bit Server VM (9.0.1+11, mixed mode, tiered, compressed oops, g1 gc, windows-amd64)
# Problematic frame:
# C  0x0000000180004465
#
# No core dump will be written. Minidumps are not enabled by default on client versions of Windows
#
# If you would like to submit a bug report, please visit:
#   http://bugreport.java.com/bugreport/crash.jsp
# The crash happened outside the Java Virtual Machine in native code.
# See problematic frame for where to report the bug.
#

---------------  S U M M A R Y ------------

Command Line: -javaagent:C:\Program Files\JetBrains\IntelliJ IDEA Community Edition 2017.3.4\lib\idea_rt.jar=56934:C:\Program Files\JetBrains\IntelliJ IDEA Community Edition 2017.3.4\bin -Dfile.encoding=UTF-8 Program.MainClass

Host: Intel(R) Core(TM) i7-5500U CPU @ 2.40GHz, 4 cores, 7G,  Windows 10 , 64 bit Build 16299 (10.0.16299.15)
Time: Thu Feb 08 02:05:16 2018 SE Asia Standard Time elapsed time: 66 seconds (0d 0h 1m 6s)

---------------  T H R E A D  ---------------

Current thread (0x000002026a4b6000):  JavaThread "JavaFX Application Thread" [_thread_in_native, id=13064, stack(0x00000099e4700000,0x00000099e4800000)]

Stack: [0x00000099e4700000,0x00000099e4800000],  sp=0x00000099e47fa470,  free space=1001k
Native frames: (J=compiled Java code, j=interpreted, Vv=VM code, C=native code)
C  0x0000000180004465
C  0x00000202528e921c

Java frames: (J=compiled Java code, j=interpreted, Vv=VM code)
j  gnu.io.RXTXPort.nativeDrain(Z)Z+0
j  gnu.io.RXTXPort$SerialOutputStream.flush()V+92
j  Program.Controller.sendEvent(Ljavafx/event/ActionEvent;)V+28
v  ~StubRoutines::call_stub
j  jdk.internal.reflect.NativeMethodAccessorImpl.invoke0(Ljava/lang/reflect/Method;Ljava/lang/Object;[Ljava/lang/Object;)Ljava/lang/Object;+0 java.base@9.0.1
j  jdk.internal.reflect.NativeMethodAccessorImpl.invoke(Ljava/lang/Object;[Ljava/lang/Object;)Ljava/lang/Object;+100 java.base@9.0.1
J 1132 c1 jdk.internal.reflect.DelegatingMethodAccessorImpl.invoke(Ljava/lang/Object;[Ljava/lang/Object;)Ljava/lang/Object; java.base@9.0.1 (10 bytes) @ 0x000002025306a63c [0x000002025306a540+0x00000000000000fc]
J 1131 c1 java.lang.reflect.Method.invoke(Ljava/lang/Object;[Ljava/lang/Object;)Ljava/lang/Object; java.base@9.0.1 (65 bytes) @ 0x000002025306a0a4 [0x0000020253069c80+0x0000000000000424]
j  com.sun.javafx.reflect.Trampoline.invoke(Ljava/lang/reflect/Method;Ljava/lang/Object;[Ljava/lang/Object;)Ljava/lang/Object;+7
j  jdk.internal.reflect.GeneratedMethodAccessor2.invoke(Ljava/lang/Object;[Ljava/lang/Object;)Ljava/lang/Object;+40
J 1132 c1 jdk.internal.reflect.DelegatingMethodAccessorImpl.invoke(Ljava/lang/Object;[Ljava/lang/Object;)Ljava/lang/Object; java.base@9.0.1 (10 bytes) @ 0x000002025306a63c [0x000002025306a540+0x00000000000000fc]
J 1131 c1 java.lang.reflect.Method.invoke(Ljava/lang/Object;[Ljava/lang/Object;)Ljava/lang/Object; java.base@9.0.1 (65 bytes) @ 0x000002025306a0a4 [0x0000020253069c80+0x0000000000000424]
j  com.sun.javafx.reflect.MethodUtil.invoke(Ljava/lang/reflect/Method;Ljava/lang/Object;[Ljava/lang/Object;)Ljava/lang/Object;+20 javafx.base@9.0.1
j  com.sun.javafx.fxml.MethodHelper.invoke(Ljava/lang/reflect/Method;Ljava/lang/Object;[Ljava/lang/Object;)Ljava/lang/Object;+142 javafx.fxml@9.0.1
j  javafx.fxml.FXMLLoader$MethodHandler.invoke([Ljava/lang/Object;)V+19 javafx.fxml@9.0.1
j  javafx.fxml.FXMLLoader$ControllerMethodEventHandler.handle(Ljavafx/event/Event;)V+12 javafx.fxml@9.0.1
J 2532 c1 com.sun.javafx.event.CompositeEventHandler.dispatchBubblingEvent(Ljavafx/event/Event;)V javafx.base@9.0.1 (57 bytes) @ 0x000002025330b43c [0x000002025330b080+0x00000000000003bc]
J 2082 c1 com.sun.javafx.event.EventHandlerManager.dispatchBubblingEvent(Ljavafx/event/Event;)Ljavafx/event/Event; javafx.base@9.0.1 (23 bytes) @ 0x000002025324d0cc [0x000002025324ca40+0x000000000000068c]
J 2081 c1 com.sun.javafx.event.CompositeEventDispatcher.dispatchBubblingEvent(Ljavafx/event/Event;)Ljavafx/event/Event; javafx.base@9.0.1 (35 bytes) @ 0x000002025324da14 [0x000002025324d860+0x00000000000001b4]
J 1980 c1 com.sun.javafx.event.BasicEventDispatcher.dispatchEvent(Ljavafx/event/Event;Ljavafx/event/EventDispatchChain;)Ljavafx/event/Event; javafx.base@9.0.1 (44 bytes) @ 0x00000202532278ac [0x0000020253227580+0x000000000000032c]
J 2070 c1 com.sun.javafx.event.EventDispatchChainImpl.dispatchEvent(Ljavafx/event/Event;)Ljavafx/event/Event; javafx.base@9.0.1 (101 bytes) @ 0x000002025324ae0c [0x000002025324ac60+0x00000000000001ac]
J 1980 c1 com.sun.javafx.event.BasicEventDispatcher.dispatchEvent(Ljavafx/event/Event;Ljavafx/event/EventDispatchChain;)Ljavafx/event/Event; javafx.base@9.0.1 (44 bytes) @ 0x00000202532277c4 [0x0000020253227580+0x0000000000000244]
J 2070 c1 com.sun.javafx.event.EventDispatchChainImpl.dispatchEvent(Ljavafx/event/Event;)Ljavafx/event/Event; javafx.base@9.0.1 (101 bytes) @ 0x000002025324ae0c [0x000002025324ac60+0x00000000000001ac]
J 1980 c1 com.sun.javafx.event.BasicEventDispatcher.dispatchEvent(Ljavafx/event/Event;Ljavafx/event/EventDispatchChain;)Ljavafx/event/Event; javafx.base@9.0.1 (44 bytes) @ 0x00000202532277c4 [0x0000020253227580+0x0000000000000244]
J 2070 c1 com.sun.javafx.event.EventDispatchChainImpl.dispatchEvent(Ljavafx/event/Event;)Ljavafx/event/Event; javafx.base@9.0.1 (101 bytes) @ 0x000002025324ae0c [0x000002025324ac60+0x00000000000001ac]
J 2597 c1 com.sun.javafx.event.EventUtil.fireEvent(Ljavafx/event/EventTarget;Ljavafx/event/Event;)Ljavafx/event/Event; javafx.base@9.0.1 (81 bytes) @ 0x000002025332ba54 [0x000002025332ac20+0x0000000000000e34]
J 2596 c1 javafx.event.Event.fireEvent(Ljavafx/event/EventTarget;Ljavafx/event/Event;)V javafx.base@9.0.1 (35 bytes) @ 0x000002025332a544 [0x000002025332a480+0x00000000000000c4]
j  javafx.scene.Node.fireEvent(Ljavafx/event/Event;)V+86 javafx.graphics@9.0.1
j  javafx.scene.control.Button.fire()V+15 javafx.controls@9.0.1
j  com.sun.javafx.scene.control.behavior.ButtonBehavior.mouseReleased(Ljavafx/scene/input/MouseEvent;)V+27 javafx.controls@9.0.1
j  com.sun.javafx.scene.control.behavior.ButtonBehavior$$Lambda$487.handle(Ljavafx/event/Event;)V+8 javafx.controls@9.0.1
j  com.sun.javafx.scene.control.inputmap.InputMap.handle(Ljavafx/event/Event;)V+61 javafx.controls@9.0.1
j  com.sun.javafx.scene.control.inputmap.InputMap$$Lambda$188.handle(Ljavafx/event/Event;)V+5 javafx.controls@9.0.1
J 2691 c1 com.sun.javafx.event.CompositeEventHandler$NormalEventHandlerRecord.handleBubblingEvent(Ljavafx/event/Event;)V javafx.base@9.0.1 (11 bytes) @ 0x00000202533713bc [0x00000202533712c0+0x00000000000000fc]
J 2532 c1 com.sun.javafx.event.CompositeEventHandler.dispatchBubblingEvent(Ljavafx/event/Event;)V javafx.base@9.0.1 (57 bytes) @ 0x000002025330b2bc [0x000002025330b080+0x000000000000023c]
J 2082 c1 com.sun.javafx.event.EventHandlerManager.dispatchBubblingEvent(Ljavafx/event/Event;)Ljavafx/event/Event; javafx.base@9.0.1 (23 bytes) @ 0x000002025324d0cc [0x000002025324ca40+0x000000000000068c]
J 2081 c1 com.sun.javafx.event.CompositeEventDispatcher.dispatchBubblingEvent(Ljavafx/event/Event;)Ljavafx/event/Event; javafx.base@9.0.1 (35 bytes) @ 0x000002025324da14 [0x000002025324d860+0x00000000000001b4]
J 1980 c1 com.sun.javafx.event.BasicEventDispatcher.dispatchEvent(Ljavafx/event/Event;Ljavafx/event/EventDispatchChain;)Ljavafx/event/Event; javafx.base@9.0.1 (44 bytes) @ 0x00000202532278ac [0x0000020253227580+0x000000000000032c]
J 2070 c1 com.sun.javafx.event.EventDispatchChainImpl.dispatchEvent(Ljavafx/event/Event;)Ljavafx/event/Event; javafx.base@9.0.1 (101 bytes) @ 0x000002025324ae0c [0x000002025324ac60+0x00000000000001ac]
J 1980 c1 com.sun.javafx.event.BasicEventDispatcher.dispatchEvent(Ljavafx/event/Event;Ljavafx/event/EventDispatchChain;)Ljavafx/event/Event; javafx.base@9.0.1 (44 bytes) @ 0x00000202532277c4 [0x0000020253227580+0x0000000000000244]
J 2070 c1 com.sun.javafx.event.EventDispatchChainImpl.dispatchEvent(Ljavafx/event/Event;)Ljavafx/event/Event; javafx.base@9.0.1 (101 bytes) @ 0x000002025324ae0c [0x000002025324ac60+0x00000000000001ac]
J 1980 c1 com.sun.javafx.event.BasicEventDispatcher.dispatchEvent(Ljavafx/event/Event;Ljavafx/event/EventDispatchChain;)Ljavafx/event/Event; javafx.base@9.0.1 (44 bytes) @ 0x00000202532277c4 [0x0000020253227580+0x0000000000000244]
J 2070 c1 com.sun.javafx.event.EventDispatchChainImpl.dispatchEvent(Ljavafx/event/Event;)Ljavafx/event/Event; javafx.base@9.0.1 (101 bytes) @ 0x000002025324ae0c [0x000002025324ac60+0x00000000000001ac]
J 2597 c1 com.sun.javafx.event.EventUtil.fireEvent(Ljavafx/event/EventTarget;Ljavafx/event/Event;)Ljavafx/event/Event; javafx.base@9.0.1 (81 bytes) @ 0x000002025332b5c4 [0x000002025332ac20+0x00000000000009a4]
J 2667 c1 javafx.scene.Scene$MouseHandler.process(Ljavafx/scene/input/MouseEvent;Z)V javafx.graphics@9.0.1 (735 bytes) @ 0x0000020253368434 [0x0000020253365ba0+0x0000000000002894]
J 3014 c1 javafx.scene.Scene$ScenePeerListener.mouseEvent(Ljavafx/event/EventType;DDDDLjavafx/scene/input/MouseButton;ZZZZZZZZZ)V javafx.graphics@9.0.1 (50 bytes) @ 0x0000020253430a8c [0x00000202534307e0+0x00000000000002ac]
J 3011 c1 com.sun.javafx.tk.quantum.GlassViewEventHandler$MouseEventNotification.run()Ljava/lang/Void; javafx.graphics@9.0.1 (635 bytes) @ 0x000002025342f0fc [0x000002025342df80+0x000000000000117c]
J 3010 c1 com.sun.javafx.tk.quantum.GlassViewEventHandler$MouseEventNotification.run()Ljava/lang/Object; javafx.graphics@9.0.1 (5 bytes) @ 0x000002025342dac4 [0x000002025342da40+0x0000000000000084]
v  ~StubRoutines::call_stub
J 2414  java.security.AccessController.doPrivileged(Ljava/security/PrivilegedAction;Ljava/security/AccessControlContext;)Ljava/lang/Object; java.base@9.0.1 (0 bytes) @ 0x000002025a4bf1c6 [0x000002025a4bf160+0x0000000000000066]
J 2970 c1 com.sun.javafx.tk.quantum.GlassViewEventHandler$$Lambda$596.get()Ljava/lang/Object; javafx.graphics@9.0.1 (8 bytes) @ 0x000002025341d8bc [0x000002025341d700+0x00000000000001bc]
J 2649 c1 com.sun.javafx.tk.quantum.QuantumToolkit.runWithoutRenderLock(Ljava/util/function/Supplier;)Ljava/lang/Object; javafx.graphics@9.0.1 (49 bytes) @ 0x000002025335955c [0x0000020253359040+0x000000000000051c]
J 2967 c1 com.sun.javafx.tk.quantum.GlassViewEventHandler.handleMouseEvent(Lcom/sun/glass/ui/View;JIIIIIIIZZ)V javafx.graphics@9.0.1 (108 bytes) @ 0x000002025341c61c [0x000002025341c220+0x00000000000003fc]
J 2696 c1 com.sun.glass.ui.View.notifyMouse(IIIIIIIZZ)V javafx.graphics@9.0.1 (221 bytes) @ 0x00000202533759cc [0x00000202533749c0+0x000000000000100c]
v  ~StubRoutines::call_stub
j  com.sun.glass.ui.win.WinApplication._runLoop(Ljava/lang/Runnable;)V+0 javafx.graphics@9.0.1
j  com.sun.glass.ui.win.WinApplication.lambda$runLoop$3(ILjava/lang/Runnable;)V+8 javafx.graphics@9.0.1
j  com.sun.glass.ui.win.WinApplication$$Lambda$49.run()V+12 javafx.graphics@9.0.1
j  java.lang.Thread.run()V+11 java.base@9.0.1
v  ~StubRoutines::call_stub

siginfo: EXCEPTION_ACCESS_VIOLATION (0xc0000005), reading address 0xffffffffe58fef0c


Register to memory mapping:

RIP=0x0000000180004465 is an unknown value
RAX=0x000000000000001c is an unknown value
RBX=0x000002026a4b6218 is an unknown value
RCX=0x00000099e47fab8c is pointing into the stack for thread: 0x000002026a4b6000
RDX=0x0000000000000000 is an unknown value
RSP=0x00000099e47fa470 is pointing into the stack for thread: 0x000002026a4b6000
RBP=0x0000000000000001 is an unknown value
RSI=0x0000000000000000 is an unknown value
RDI=0x0000000000000001 is an unknown value
R8 =0x00000099e47fa130 is pointing into the stack for thread: 0x000002026a4b6000
R9 =0x0000000180000000 is an unknown value
R10=0x0000000000000000 is an unknown value
R11=0x0000000000000200 is an unknown value
R12=0xffffffffe58fef00 is an unknown value
R13=0x0000000000000000 is an unknown value
R14=0x00000099e47faca0 is pointing into the stack for thread: 0x000002026a4b6000
R15=0x000002026a4b6000 is a thread


Registers:
RAX=0x000000000000001c, RBX=0x000002026a4b6218, RCX=0x00000099e47fab8c, RDX=0x0000000000000000
RSP=0x00000099e47fa470, RBP=0x0000000000000001, RSI=0x0000000000000000, RDI=0x0000000000000001
R8 =0x00000099e47fa130, R9 =0x0000000180000000, R10=0x0000000000000000, R11=0x0000000000000200
R12=0xffffffffe58fef00, R13=0x0000000000000000, R14=0x00000099e47faca0, R15=0x000002026a4b6000
RIP=0x0000000180004465, EFLAGS=0x0000000000010286

Top of Stack: (sp=0x00000099e47fa470)
0x00000099e47fa470:   000002026a4b6218 000000018001c4c0
0x00000099e47fa480:   0000000000000000 0000000000000001
0x00000099e47fa490:   00000202528d0d10 000000008840eeb8
0x00000099e47fa4a0:   00000099e47faca0 000002026a4b6000
0x00000099e47fa4b0:   00000202693db418 00000099e47faaa0
0x00000099e47fa4c0:   0000000000000b47 0000000071bec080
0x00000099e47fa4d0:   00000099e47fa78f 00000202693db457
0x00000099e47fa4e0:   000002026a4b6000 0000000000000000
0x00000099e47fa4f0:   0000020200000b47 0000000000000000
0x00000099e47fa500:   0000000000000000 0000000000000000
0x00000099e47fa510:   0000000100000b47 0000000000000000
0x00000099e47fa520:   0000000000000003 0000000071beab4c
0x00000099e47fa530:   00000202693d5b08 0000000000000000
0x00000099e47fa540:   000002026a08da20 0000000000004007
0x00000099e47fa550:   0000000000000001 00000000718da999
0x00000099e47fa560:   0000000000000001 0000000000000000 

Instructions: (pc=0x0000000180004465)
0x0000000180004445:   1b 48 8b d7 48 8b cb 41 ff 93 b8 00 00 00 45 84
0x0000000180004455:   ed 0f 85 97 00 00 00 4d 85 e4 0f 84 8e 00 00 00
0x0000000180004465:   41 83 7c 24 0c 00 0f 84 82 00 00 00 4c 8d 44 24
0x0000000180004475:   30 48 8d 4c 24 38 4d 8b cc 48 8b d3 e8 8a f4 ff 



---------------  P R O C E S S  ---------------

Java Threads: ( => current thread )
  0x000002026aa81000 JavaThread "Thread-3" [_thread_in_native, id=10984, stack(0x00000099e5800000,0x00000099e5900000)]
  0x0000020270fe2800 JavaThread "Prism Font Disposer" daemon [_thread_blocked, id=4008, stack(0x00000099e5100000,0x00000099e5200000)]
  0x000002026fb84800 JavaThread "Java2D Disposer" daemon [_thread_blocked, id=6116, stack(0x00000099e4d00000,0x00000099e4e00000)]
  0x000002026a0cd000 JavaThread "JavaFX-Launcher" [_thread_blocked, id=9316, stack(0x00000099e4c00000,0x00000099e4d00000)]
  0x000002026a5dd000 JavaThread "Thread-1" daemon [_thread_in_native, id=9152, stack(0x00000099e4b00000,0x00000099e4c00000)]
=>0x000002026a4b6000 JavaThread "JavaFX Application Thread" [_thread_in_native, id=13064, stack(0x00000099e4700000,0x00000099e4800000)]
  0x000002026a3c4800 JavaThread "InvokeLaterDispatcher" daemon [_thread_blocked, id=10352, stack(0x00000099e4600000,0x00000099e4700000)]
  0x000002026a3a4000 JavaThread "QuantumRenderer-0" daemon [_thread_blocked, id=5736, stack(0x00000099e4500000,0x00000099e4600000)]
  0x000002026a096000 JavaThread "Service Thread" daemon [_thread_blocked, id=12012, stack(0x00000099e4300000,0x00000099e4400000)]
  0x000002026a08d000 JavaThread "Monitor Ctrl-Break" daemon [_thread_in_native, id=11744, stack(0x00000099e4200000,0x00000099e4300000)]
  0x0000020269e1e800 JavaThread "Common-Cleaner" daemon [_thread_blocked, id=4240, stack(0x00000099e4100000,0x00000099e4200000)]
  0x0000020269e05800 JavaThread "Sweeper thread" daemon [_thread_blocked, id=13036, stack(0x00000099e4000000,0x00000099e4100000)]
  0x0000020269df8800 JavaThread "C1 CompilerThread2" daemon [_thread_blocked, id=7848, stack(0x00000099e3f00000,0x00000099e4000000)]
  0x0000020269d8c800 JavaThread "C2 CompilerThread1" daemon [_thread_blocked, id=13732, stack(0x00000099e3e00000,0x00000099e3f00000)]
  0x0000020269d81800 JavaThread "C2 CompilerThread0" daemon [_thread_blocked, id=6460, stack(0x00000099e3d00000,0x00000099e3e00000)]
  0x0000020269d80800 JavaThread "Attach Listener" daemon [_thread_blocked, id=6736, stack(0x00000099e3c00000,0x00000099e3d00000)]
  0x0000020269d7f800 JavaThread "Signal Dispatcher" daemon [_thread_blocked, id=9364, stack(0x00000099e3b00000,0x00000099e3c00000)]
  0x0000020269d39800 JavaThread "Finalizer" daemon [_thread_blocked, id=2960, stack(0x00000099e3a00000,0x00000099e3b00000)]
  0x0000020269d38000 JavaThread "Reference Handler" daemon [_thread_blocked, id=14312, stack(0x00000099e3900000,0x00000099e3a00000)]
  0x00000202468f3000 JavaThread "main" [_thread_blocked, id=13764, stack(0x00000099e2c00000,0x00000099e2d00000)]

Other Threads:
  0x0000020269d22800 VMThread "VM Thread" [stack: 0x00000099e3800000,0x00000099e3900000] [id=7012]
  0x000002026a0ca800 WatcherThread [stack: 0x00000099e4400000,0x00000099e4500000] [id=792]
  0x0000020246907800 GCTaskThread "GC Thread#0" [stack: 0x00000099e2d00000,0x00000099e2e00000] [id=8188]
  0x0000020246909000 GCTaskThread "GC Thread#1" [stack: 0x00000099e2e00000,0x00000099e2f00000] [id=4564]
  0x000002024690b800 GCTaskThread "GC Thread#2" [stack: 0x00000099e2f00000,0x00000099e3000000] [id=2472]
  0x000002024690c800 GCTaskThread "GC Thread#3" [stack: 0x00000099e3000000,0x00000099e3100000] [id=13112]
  0x0000020246987800 ConcurrentGCThread "G1 Main Marker" [stack: 0x00000099e3600000,0x00000099e3700000] [id=1332]
  0x000002024698b000 ConcurrentGCThread "G1 Marker#0" [stack: 0x00000099e3700000,0x00000099e3800000] [id=1276]
  0x0000020246916000 ConcurrentGCThread "G1 Refine#0" [stack: 0x00000099e3400000,0x00000099e3500000] [id=13468]
  0x0000020246914800 ConcurrentGCThread "G1 Refine#1" [stack: 0x00000099e3300000,0x00000099e3400000] [id=8396]
  0x0000020246912800 ConcurrentGCThread "G1 Refine#2" [stack: 0x00000099e3200000,0x00000099e3300000] [id=5752]
  0x0000020246911000 ConcurrentGCThread "G1 Refine#3" [stack: 0x00000099e3100000,0x00000099e3200000] [id=13176]
  0x0000020246918800 ConcurrentGCThread "G1 Young RemSet Sampling" [stack: 0x00000099e3500000,0x00000099e3600000] [id=8712]

Threads with active compile tasks:

VM state:not at safepoint (normal execution)

VM Mutex/Monitor currently owned by a thread: None

Heap address: 0x0000000081400000, size: 2028 MB, Compressed Oops mode: 32-bit
Narrow klass base: 0x0000000000000000, Narrow klass shift: 3
Compressed class space size: 1073741824 Address: 0x0000000100000000

Heap:
 garbage-first heap   total 131072K, used 23914K [0x0000000081400000, 0x0000000081500400, 0x0000000100000000)
  region size 1024K, 21 young (21504K), 5 survivors (5120K)
 Metaspace       used 24139K, capacity 27188K, committed 27312K, reserved 1073152K
  class space    used 3224K, capacity 3714K, committed 3760K, reserved 1048576K
Heap Regions: E=young(eden), S=young(survivor), O=old, HS=humongous(starts), HC=humongous(continues), CS=collection set, F=free, A=archive, TS=gc time stamp, AC=allocation context, TAMS=top-at-mark-start (previous, next)
|   0|0x0000000081400000, 0x00000000814c8800, 0x0000000081500000| 78%| O|  |TS  0|AC  0|TAMS 0x00000000814c8800, 0x00000000814c8800|
|   1|0x0000000081500000, 0x0000000081600000, 0x0000000081600000|100%|HS|  |TS  0|AC  0|TAMS 0x0000000081500000, 0x0000000081500000|
|   2|0x0000000081600000, 0x0000000081700000, 0x0000000081700000|100%|HS|  |TS  0|AC  0|TAMS 0x0000000081600000, 0x0000000081600000|
|   3|0x0000000081700000, 0x0000000081800000, 0x0000000081800000|100%|HC|  |TS  0|AC  0|TAMS 0x0000000081700000, 0x0000000081700000|
|   4|0x0000000081800000, 0x0000000081800000, 0x0000000081900000|  0%| F|  |TS  0|AC  0|TAMS 0x0000000081800000, 0x0000000081800000|
|   5|0x0000000081900000, 0x0000000081900000, 0x0000000081a00000|  0%| F|  |TS  0|AC  0|TAMS 0x0000000081900000, 0x0000000081900000|
|   6|0x0000000081a00000, 0x0000000081a00000, 0x0000000081b00000|  0%| F|  |TS  0|AC  0|TAMS 0x0000000081a00000, 0x0000000081a00000|
|   7|0x0000000081b00000, 0x0000000081b00000, 0x0000000081c00000|  0%| F|  |TS  0|AC  0|TAMS 0x0000000081b00000, 0x0000000081b00000|
|   8|0x0000000081c00000, 0x0000000081c00000, 0x0000000081d00000|  0%| F|  |TS  0|AC  0|TAMS 0x0000000081c00000, 0x0000000081c00000|
|   9|0x0000000081d00000, 0x0000000081d00000, 0x0000000081e00000|  0%| F|  |TS  0|AC  0|TAMS 0x0000000081d00000, 0x0000000081d00000|
|  10|0x0000000081e00000, 0x0000000081e00000, 0x0000000081f00000|  0%| F|  |TS  0|AC  0|TAMS 0x0000000081e00000, 0x0000000081e00000|
|  11|0x0000000081f00000, 0x0000000081f00000, 0x0000000082000000|  0%| F|  |TS  0|AC  0|TAMS 0x0000000081f00000, 0x0000000081f00000|
|  12|0x0000000082000000, 0x0000000082000000, 0x0000000082100000|  0%| F|  |TS  0|AC  0|TAMS 0x0000000082000000, 0x0000000082000000|
|  13|0x0000000082100000, 0x0000000082100000, 0x0000000082200000|  0%| F|  |TS  0|AC  0|TAMS 0x0000000082100000, 0x0000000082100000|
|  14|0x0000000082200000, 0x0000000082200000, 0x0000000082300000|  0%| F|  |TS  0|AC  0|TAMS 0x0000000082200000, 0x0000000082200000|
|  15|0x0000000082300000, 0x0000000082300000, 0x0000000082400000|  0%| F|  |TS  0|AC  0|TAMS 0x0000000082300000, 0x0000000082300000|
|  16|0x0000000082400000, 0x0000000082400000, 0x0000000082500000|  0%| F|  |TS  0|AC  0|TAMS 0x0000000082400000, 0x0000000082400000|
|  17|0x0000000082500000, 0x0000000082500000, 0x0000000082600000|  0%| F|  |TS  0|AC  0|TAMS 0x0000000082500000, 0x0000000082500000|
|  18|0x0000000082600000, 0x0000000082600000, 0x0000000082700000|  0%| F|  |TS  0|AC  0|TAMS 0x0000000082600000, 0x0000000082600000|
|  19|0x0000000082700000, 0x0000000082700000, 0x0000000082800000|  0%| F|  |TS  0|AC  0|TAMS 0x0000000082700000, 0x0000000082700000|
|  20|0x0000000082800000, 0x0000000082800000, 0x0000000082900000|  0%| F|  |TS  0|AC  0|TAMS 0x0000000082800000, 0x0000000082800000|
|  21|0x0000000082900000, 0x0000000082900000, 0x0000000082a00000|  0%| F|  |TS  0|AC  0|TAMS 0x0000000082900000, 0x0000000082900000|
|  22|0x0000000082a00000, 0x0000000082a00000, 0x0000000082b00000|  0%| F|  |TS  0|AC  0|TAMS 0x0000000082a00000, 0x0000000082a00000|
|  23|0x0000000082b00000, 0x0000000082b00000, 0x0000000082c00000|  0%| F|  |TS  0|AC  0|TAMS 0x0000000082b00000, 0x0000000082b00000|
|  24|0x0000000082c00000, 0x0000000082c00000, 0x0000000082d00000|  0%| F|  |TS  0|AC  0|TAMS 0x0000000082c00000, 0x0000000082c00000|
|  25|0x0000000082d00000, 0x0000000082d00000, 0x0000000082e00000|  0%| F|  |TS  0|AC  0|TAMS 0x0000000082d00000, 0x0000000082d00000|
|  26|0x0000000082e00000, 0x0000000082e00000, 0x0000000082f00000|  0%| F|  |TS  0|AC  0|TAMS 0x0000000082e00000, 0x0000000082e00000|
|  27|0x0000000082f00000, 0x0000000082f00000, 0x0000000083000000|  0%| F|  |TS  0|AC  0|TAMS 0x0000000082f00000, 0x0000000082f00000|
|  28|0x0000000083000000, 0x0000000083000000, 0x0000000083100000|  0%| F|  |TS  0|AC  0|TAMS 0x0000000083000000, 0x0000000083000000|
|  29|0x0000000083100000, 0x0000000083100000, 0x0000000083200000|  0%| F|  |TS  0|AC  0|TAMS 0x0000000083100000, 0x0000000083100000|
|  30|0x0000000083200000, 0x0000000083200000, 0x0000000083300000|  0%| F|  |TS  0|AC  0|TAMS 0x0000000083200000, 0x0000000083200000|
|  31|0x0000000083300000, 0x0000000083300000, 0x0000000083400000|  0%| F|  |TS  0|AC  0|TAMS 0x0000000083300000, 0x0000000083300000|
|  32|0x0000000083400000, 0x0000000083400000, 0x0000000083500000|  0%| F|  |TS  0|AC  0|TAMS 0x0000000083400000, 0x0000000083400000|
|  33|0x0000000083500000, 0x0000000083500000, 0x0000000083600000|  0%| F|  |TS  0|AC  0|TAMS 0x0000000083500000, 0x0000000083500000|
|  34|0x0000000083600000, 0x0000000083600000, 0x0000000083700000|  0%| F|  |TS  0|AC  0|TAMS 0x0000000083600000, 0x0000000083600000|
|  35|0x0000000083700000, 0x0000000083700000, 0x0000000083800000|  0%| F|  |TS  0|AC  0|TAMS 0x0000000083700000, 0x0000000083700000|
|  36|0x0000000083800000, 0x0000000083800000, 0x0000000083900000|  0%| F|  |TS  0|AC  0|TAMS 0x0000000083800000, 0x0000000083800000|
|  37|0x0000000083900000, 0x0000000083900000, 0x0000000083a00000|  0%| F|  |TS  0|AC  0|TAMS 0x0000000083900000, 0x0000000083900000|
|  38|0x0000000083a00000, 0x0000000083a00000, 0x0000000083b00000|  0%| F|  |TS  0|AC  0|TAMS 0x0000000083a00000, 0x0000000083a00000|
|  39|0x0000000083b00000, 0x0000000083b00000, 0x0000000083c00000|  0%| F|  |TS  0|AC  0|TAMS 0x0000000083b00000, 0x0000000083b00000|
|  40|0x0000000083c00000, 0x0000000083c00000, 0x0000000083d00000|  0%| F|  |TS  0|AC  0|TAMS 0x0000000083c00000, 0x0000000083c00000|
|  41|0x0000000083d00000, 0x0000000083d00000, 0x0000000083e00000|  0%| F|  |TS  0|AC  0|TAMS 0x0000000083d00000, 0x0000000083d00000|
|  42|0x0000000083e00000, 0x0000000083e00000, 0x0000000083f00000|  0%| F|  |TS  0|AC  0|TAMS 0x0000000083e00000, 0x0000000083e00000|
|  43|0x0000000083f00000, 0x0000000083f00000, 0x0000000084000000|  0%| F|  |TS  0|AC  0|TAMS 0x0000000083f00000, 0x0000000083f00000|
|  44|0x0000000084000000, 0x0000000084000000, 0x0000000084100000|  0%| F|  |TS  0|AC  0|TAMS 0x0000000084000000, 0x0000000084000000|
|  45|0x0000000084100000, 0x0000000084100000, 0x0000000084200000|  0%| F|  |TS  0|AC  0|TAMS 0x0000000084100000, 0x0000000084100000|
|  46|0x0000000084200000, 0x0000000084200000, 0x0000000084300000|  0%| F|  |TS  0|AC  0|TAMS 0x0000000084200000, 0x0000000084200000|
|  47|0x0000000084300000, 0x0000000084300000, 0x0000000084400000|  0%| F|  |TS  0|AC  0|TAMS 0x0000000084300000, 0x0000000084300000|
|  48|0x0000000084400000, 0x0000000084400000, 0x0000000084500000|  0%| F|  |TS  0|AC  0|TAMS 0x0000000084400000, 0x0000000084400000|
|  49|0x0000000084500000, 0x0000000084500000, 0x0000000084600000|  0%| F|  |TS  0|AC  0|TAMS 0x0000000084500000, 0x0000000084500000|
|  50|0x0000000084600000, 0x0000000084600000, 0x0000000084700000|  0%| F|  |TS  0|AC  0|TAMS 0x0000000084600000, 0x0000000084600000|
|  51|0x0000000084700000, 0x0000000084700000, 0x0000000084800000|  0%| F|  |TS  0|AC  0|TAMS 0x0000000084700000, 0x0000000084700000|
|  52|0x0000000084800000, 0x0000000084800000, 0x0000000084900000|  0%| F|  |TS  0|AC  0|TAMS 0x0000000084800000, 0x0000000084800000|
|  53|0x0000000084900000, 0x0000000084900000, 0x0000000084a00000|  0%| F|  |TS  0|AC  0|TAMS 0x0000000084900000, 0x0000000084900000|
|  54|0x0000000084a00000, 0x0000000084a00000, 0x0000000084b00000|  0%| F|  |TS  0|AC  0|TAMS 0x0000000084a00000, 0x0000000084a00000|
|  55|0x0000000084b00000, 0x0000000084b00000, 0x0000000084c00000|  0%| F|  |TS  0|AC  0|TAMS 0x0000000084b00000, 0x0000000084b00000|
|  56|0x0000000084c00000, 0x0000000084c00000, 0x0000000084d00000|  0%| F|  |TS  0|AC  0|TAMS 0x0000000084c00000, 0x0000000084c00000|
|  57|0x0000000084d00000, 0x0000000084d00000, 0x0000000084e00000|  0%| F|  |TS  0|AC  0|TAMS 0x0000000084d00000, 0x0000000084d00000|
|  58|0x0000000084e00000, 0x0000000084e00000, 0x0000000084f00000|  0%| F|  |TS  0|AC  0|TAMS 0x0000000084e00000, 0x0000000084e00000|
|  59|0x0000000084f00000, 0x0000000084f00000, 0x0000000085000000|  0%| F|  |TS  0|AC  0|TAMS 0x0000000084f00000, 0x0000000084f00000|
|  60|0x0000000085000000, 0x0000000085000000, 0x0000000085100000|  0%| F|  |TS  0|AC  0|TAMS 0x0000000085000000, 0x0000000085000000|
|  61|0x0000000085100000, 0x0000000085100000, 0x0000000085200000|  0%| F|  |TS  0|AC  0|TAMS 0x0000000085100000, 0x0000000085100000|
|  62|0x0000000085200000, 0x0000000085200000, 0x0000000085300000|  0%| F|  |TS  0|AC  0|TAMS 0x0000000085200000, 0x0000000085200000|
|  63|0x0000000085300000, 0x0000000085300000, 0x0000000085400000|  0%| F|  |TS  0|AC  0|TAMS 0x0000000085300000, 0x0000000085300000|
|  64|0x0000000085400000, 0x0000000085400000, 0x0000000085500000|  0%| F|  |TS  0|AC  0|TAMS 0x0000000085400000, 0x0000000085400000|
|  65|0x0000000085500000, 0x0000000085500000, 0x0000000085600000|  0%| F|  |TS  0|AC  0|TAMS 0x0000000085500000, 0x0000000085500000|
|  66|0x0000000085600000, 0x0000000085600000, 0x0000000085700000|  0%| F|  |TS  0|AC  0|TAMS 0x0000000085600000, 0x0000000085600000|
|  67|0x0000000085700000, 0x0000000085700000, 0x0000000085800000|  0%| F|  |TS  0|AC  0|TAMS 0x0000000085700000, 0x0000000085700000|
|  68|0x0000000085800000, 0x0000000085800000, 0x0000000085900000|  0%| F|  |TS  0|AC  0|TAMS 0x0000000085800000, 0x0000000085800000|
|  69|0x0000000085900000, 0x0000000085900000, 0x0000000085a00000|  0%| F|  |TS  0|AC  0|TAMS 0x0000000085900000, 0x0000000085900000|
|  70|0x0000000085a00000, 0x0000000085a00000, 0x0000000085b00000|  0%| F|  |TS  0|AC  0|TAMS 0x0000000085a00000, 0x0000000085a00000|
|  71|0x0000000085b00000, 0x0000000085b00000, 0x0000000085c00000|  0%| F|  |TS  0|AC  0|TAMS 0x0000000085b00000, 0x0000000085b00000|
|  72|0x0000000085c00000, 0x0000000085c00000, 0x0000000085d00000|  0%| F|  |TS  0|AC  0|TAMS 0x0000000085c00000, 0x0000000085c00000|
|  73|0x0000000085d00000, 0x0000000085d00000, 0x0000000085e00000|  0%| F|  |TS  0|AC  0|TAMS 0x0000000085d00000, 0x0000000085d00000|
|  74|0x0000000085e00000, 0x0000000085e00000, 0x0000000085f00000|  0%| F|  |TS  0|AC  0|TAMS 0x0000000085e00000, 0x0000000085e00000|
|  75|0x0000000085f00000, 0x0000000085f00000, 0x0000000086000000|  0%| F|  |TS  0|AC  0|TAMS 0x0000000085f00000, 0x0000000085f00000|
|  76|0x0000000086000000, 0x0000000086000000, 0x0000000086100000|  0%| F|  |TS  0|AC  0|TAMS 0x0000000086000000, 0x0000000086000000|
|  77|0x0000000086100000, 0x0000000086100000, 0x0000000086200000|  0%| F|  |TS  0|AC  0|TAMS 0x0000000086100000, 0x0000000086100000|
|  78|0x0000000086200000, 0x0000000086200000, 0x0000000086300000|  0%| F|  |TS  0|AC  0|TAMS 0x0000000086200000, 0x0000000086200000|
|  79|0x0000000086300000, 0x0000000086300000, 0x0000000086400000|  0%| F|  |TS  0|AC  0|TAMS 0x0000000086300000, 0x0000000086300000|
|  80|0x0000000086400000, 0x0000000086400000, 0x0000000086500000|  0%| F|  |TS  0|AC  0|TAMS 0x0000000086400000, 0x0000000086400000|
|  81|0x0000000086500000, 0x0000000086500000, 0x0000000086600000|  0%| F|  |TS  0|AC  0|TAMS 0x0000000086500000, 0x0000000086500000|
|  82|0x0000000086600000, 0x0000000086600000, 0x0000000086700000|  0%| F|  |TS  0|AC  0|TAMS 0x0000000086600000, 0x0000000086600000|
|  83|0x0000000086700000, 0x0000000086700000, 0x0000000086800000|  0%| F|  |TS  0|AC  0|TAMS 0x0000000086700000, 0x0000000086700000|
|  84|0x0000000086800000, 0x0000000086800000, 0x0000000086900000|  0%| F|  |TS  0|AC  0|TAMS 0x0000000086800000, 0x0000000086800000|
|  85|0x0000000086900000, 0x0000000086900000, 0x0000000086a00000|  0%| F|  |TS  0|AC  0|TAMS 0x0000000086900000, 0x0000000086900000|
|  86|0x0000000086a00000, 0x0000000086a00000, 0x0000000086b00000|  0%| F|  |TS  0|AC  0|TAMS 0x0000000086a00000, 0x0000000086a00000|
|  87|0x0000000086b00000, 0x0000000086b00000, 0x0000000086c00000|  0%| F|  |TS  0|AC  0|TAMS 0x0000000086b00000, 0x0000000086b00000|
|  88|0x0000000086c00000, 0x0000000086c00000, 0x0000000086d00000|  0%| F|  |TS  0|AC  0|TAMS 0x0000000086c00000, 0x0000000086c00000|
|  89|0x0000000086d00000, 0x0000000086d00000, 0x0000000086e00000|  0%| F|  |TS  0|AC  0|TAMS 0x0000000086d00000, 0x0000000086d00000|
|  90|0x0000000086e00000, 0x0000000086e00000, 0x0000000086f00000|  0%| F|  |TS  0|AC  0|TAMS 0x0000000086e00000, 0x0000000086e00000|
|  91|0x0000000086f00000, 0x0000000086f00000, 0x0000000087000000|  0%| F|  |TS  0|AC  0|TAMS 0x0000000086f00000, 0x0000000086f00000|
|  92|0x0000000087000000, 0x0000000087000000, 0x0000000087100000|  0%| F|  |TS  0|AC  0|TAMS 0x0000000087000000, 0x0000000087000000|
|  93|0x0000000087100000, 0x0000000087100000, 0x0000000087200000|  0%| F|  |TS  0|AC  0|TAMS 0x0000000087100000, 0x0000000087100000|
|  94|0x0000000087200000, 0x0000000087200000, 0x0000000087300000|  0%| F|  |TS  0|AC  0|TAMS 0x0000000087200000, 0x0000000087200000|
|  95|0x0000000087300000, 0x0000000087300000, 0x0000000087400000|  0%| F|  |TS  0|AC  0|TAMS 0x0000000087300000, 0x0000000087300000|
|  96|0x0000000087400000, 0x0000000087400000, 0x0000000087500000|  0%| F|  |TS  0|AC  0|TAMS 0x0000000087400000, 0x0000000087400000|
|  97|0x0000000087500000, 0x0000000087500000, 0x0000000087600000|  0%| F|  |TS  0|AC  0|TAMS 0x0000000087500000, 0x0000000087500000|
|  98|0x0000000087600000, 0x0000000087600000, 0x0000000087700000|  0%| F|  |TS  0|AC  0|TAMS 0x0000000087600000, 0x0000000087600000|
|  99|0x0000000087700000, 0x0000000087700000, 0x0000000087800000|  0%| F|  |TS  0|AC  0|TAMS 0x0000000087700000, 0x0000000087700000|
| 100|0x0000000087800000, 0x0000000087800000, 0x0000000087900000|  0%| F|  |TS  0|AC  0|TAMS 0x0000000087800000, 0x0000000087800000|
| 101|0x0000000087900000, 0x0000000087900000, 0x0000000087a00000|  0%| F|  |TS  0|AC  0|TAMS 0x0000000087900000, 0x0000000087900000|
| 102|0x0000000087a00000, 0x0000000087a00000, 0x0000000087b00000|  0%| F|  |TS  0|AC  0|TAMS 0x0000000087a00000, 0x0000000087a00000|
| 103|0x0000000087b00000, 0x0000000087b92100, 0x0000000087c00000| 57%| S|CS|TS  0|AC  0|TAMS 0x0000000087b00000, 0x0000000087b00000|
| 104|0x0000000087c00000, 0x0000000087d00000, 0x0000000087d00000|100%| S|CS|TS  0|AC  0|TAMS 0x0000000087c00000, 0x0000000087c00000|
| 105|0x0000000087d00000, 0x0000000087e00000, 0x0000000087e00000|100%| S|CS|TS  0|AC  0|TAMS 0x0000000087d00000, 0x0000000087d00000|
| 106|0x0000000087e00000, 0x0000000087f00000, 0x0000000087f00000|100%| S|CS|TS  0|AC  0|TAMS 0x0000000087e00000, 0x0000000087e00000|
| 107|0x0000000087f00000, 0x0000000088000000, 0x0000000088000000|100%| S|CS|TS  0|AC  0|TAMS 0x0000000087f00000, 0x0000000087f00000|
| 108|0x0000000088000000, 0x0000000088000000, 0x0000000088100000|  0%| F|  |TS  0|AC  0|TAMS 0x0000000088000000, 0x0000000088000000|
| 109|0x0000000088100000, 0x0000000088100000, 0x0000000088200000|  0%| F|  |TS  0|AC  0|TAMS 0x0000000088100000, 0x0000000088100000|
| 110|0x0000000088200000, 0x0000000088200000, 0x0000000088300000|  0%| F|  |TS  0|AC  0|TAMS 0x0000000088200000, 0x0000000088200000|
| 111|0x0000000088300000, 0x0000000088300000, 0x0000000088400000|  0%| F|  |TS  0|AC  0|TAMS 0x0000000088300000, 0x0000000088300000|
| 112|0x0000000088400000, 0x000000008844f648, 0x0000000088500000| 31%| E|  |TS  0|AC  0|TAMS 0x0000000088400000, 0x0000000088400000|
| 113|0x0000000088500000, 0x0000000088600000, 0x0000000088600000|100%| E|CS|TS  0|AC  0|TAMS 0x0000000088500000, 0x0000000088500000|
| 114|0x0000000088600000, 0x0000000088700000, 0x0000000088700000|100%| E|CS|TS  0|AC  0|TAMS 0x0000000088600000, 0x0000000088600000|
| 115|0x0000000088700000, 0x0000000088800000, 0x0000000088800000|100%| E|CS|TS  0|AC  0|TAMS 0x0000000088700000, 0x0000000088700000|
| 116|0x0000000088800000, 0x0000000088900000, 0x0000000088900000|100%| E|CS|TS  0|AC  0|TAMS 0x0000000088800000, 0x0000000088800000|
| 117|0x0000000088900000, 0x0000000088a00000, 0x0000000088a00000|100%| E|CS|TS  0|AC  0|TAMS 0x0000000088900000, 0x0000000088900000|
| 118|0x0000000088a00000, 0x0000000088b00000, 0x0000000088b00000|100%| E|CS|TS  0|AC  0|TAMS 0x0000000088a00000, 0x0000000088a00000|
| 119|0x0000000088b00000, 0x0000000088c00000, 0x0000000088c00000|100%| E|CS|TS  0|AC  0|TAMS 0x0000000088b00000, 0x0000000088b00000|
| 120|0x0000000088c00000, 0x0000000088d00000, 0x0000000088d00000|100%| E|CS|TS  0|AC  0|TAMS 0x0000000088c00000, 0x0000000088c00000|
| 121|0x0000000088d00000, 0x0000000088e00000, 0x0000000088e00000|100%| E|CS|TS  0|AC  0|TAMS 0x0000000088d00000, 0x0000000088d00000|
| 122|0x0000000088e00000, 0x0000000088f00000, 0x0000000088f00000|100%| E|CS|TS  0|AC  0|TAMS 0x0000000088e00000, 0x0000000088e00000|
| 123|0x0000000088f00000, 0x0000000089000000, 0x0000000089000000|100%| E|CS|TS  0|AC  0|TAMS 0x0000000088f00000, 0x0000000088f00000|
| 124|0x0000000089000000, 0x0000000089100000, 0x0000000089100000|100%| E|CS|TS  0|AC  0|TAMS 0x0000000089000000, 0x0000000089000000|
| 125|0x0000000089100000, 0x0000000089200000, 0x0000000089200000|100%| E|CS|TS  0|AC  0|TAMS 0x0000000089100000, 0x0000000089100000|
| 126|0x0000000089200000, 0x0000000089300000, 0x0000000089300000|100%| E|CS|TS  0|AC  0|TAMS 0x0000000089200000, 0x0000000089200000|
| 127|0x0000000089300000, 0x0000000089400000, 0x0000000089400000|100%| E|CS|TS  0|AC  0|TAMS 0x0000000089300000, 0x0000000089300000|

Card table byte_map: [0x0000020262710000,0x0000020262b10000] byte_map_base: 0x0000020262306000

Marking Bits (Prev, Next): (CMBitMap*) 0x0000020246986b38, (CMBitMap*) 0x0000020246986b00
 Prev Bits: [0x0000020264ec0000, 0x0000020266e70000)
 Next Bits: [0x0000020262f10000, 0x0000020264ec0000)

Polling page: 0x0000020244820000

CodeHeap 'non-profiled nmethods': size=120064Kb used=1432Kb max_used=1432Kb free=118631Kb
 bounds [0x000002025a390000, 0x000002025a600000, 0x00000202618d0000]
CodeHeap 'profiled nmethods': size=120000Kb used=6351Kb max_used=6351Kb free=113648Kb
 bounds [0x0000020252e60000, 0x00000202534a0000, 0x000002025a390000]
CodeHeap 'non-nmethods': size=5696Kb used=1466Kb max_used=1511Kb free=4229Kb
 bounds [0x00000202528d0000, 0x0000020252b40000, 0x0000020252e60000]
 total_blobs=4436 nmethods=3144 adapters=654
 compilation: enabled

Compilation events (10 events):
Event: 66.575 Thread 0x0000020269df8800 3140       3       javafx.scene.control.Labeled::getText (20 bytes)
Event: 66.576 Thread 0x0000020269df8800 nmethod 3140 0x0000020253492590 code [0x0000020253492760, 0x0000020253492bb0]
Event: 66.576 Thread 0x0000020269df8800 3141       1       com.sun.javafx.tk.quantum.GlassScene::getDepthBuffer (5 bytes)
Event: 66.577 Thread 0x0000020269df8800 nmethod 3141 0x000002025a4f5c10 code [0x000002025a4f5dc0, 0x000002025a4f5ed8]
Event: 66.577 Thread 0x0000020269df8800 3142       1       com.sun.javafx.tk.quantum.SceneState::getCamera (5 bytes)
Event: 66.577 Thread 0x0000020269df8800 nmethod 3142 0x000002025a4f5f90 code [0x000002025a4f6140, 0x000002025a4f6258]
Event: 66.578 Thread 0x0000020269df8800 3143       3       com.sun.prism.d3d.D3DShader::setConstant (22 bytes)
Event: 66.579 Thread 0x0000020269df8800 nmethod 3143 0x0000020253492c90 code [0x0000020253492ec0, 0x00000202534936d0]
Event: 66.587 Thread 0x0000020269df8800 3144       3       com.sun.scenario.animation.AbstractMasterTimer$MainLoop::updateAnimationRunnable (61 bytes)
Event: 66.588 Thread 0x0000020269df8800 nmethod 3144 0x0000020253493910 code [0x0000020253493ae0, 0x0000020253493e70]

GC Heap History (4 events):
Event: 3.034 GC heap before
{Heap before GC invocations=0 (full 0):
 garbage-first heap   total 131072K, used 14336K [0x0000000081400000, 0x0000000081500400, 0x0000000100000000)
  region size 1024K, 14 young (14336K), 0 survivors (0K)
 Metaspace       used 10993K, capacity 11590K, committed 11776K, reserved 1060864K
  class space    used 1144K, capacity 1271K, committed 1280K, reserved 1048576K
}
Event: 3.044 GC heap after
{Heap after GC invocations=1 (full 0):
 garbage-first heap   total 131072K, used 2850K [0x0000000081400000, 0x0000000081500400, 0x0000000100000000)
  region size 1024K, 2 young (2048K), 2 survivors (2048K)
 Metaspace       used 10993K, capacity 11590K, committed 11776K, reserved 1060864K
  class space    used 1144K, capacity 1271K, committed 1280K, reserved 1048576K
}
Event: 4.842 GC heap before
{Heap before GC invocations=1 (full 0):
 garbage-first heap   total 131072K, used 20258K [0x0000000081400000, 0x0000000081500400, 0x0000000100000000)
  region size 1024K, 20 young (20480K), 2 survivors (2048K)
 Metaspace       used 19244K, capacity 21214K, committed 21296K, reserved 1067008K
  class space    used 2532K, capacity 2836K, committed 2864K, reserved 1048576K
}
Event: 4.857 GC heap after
{Heap after GC invocations=2 (full 0):
 garbage-first heap   total 131072K, used 5482K [0x0000000081400000, 0x0000000081500400, 0x0000000100000000)
  region size 1024K, 5 young (5120K), 5 survivors (5120K)
 Metaspace       used 19244K, capacity 21214K, committed 21296K, reserved 1067008K
  class space    used 2532K, capacity 2836K, committed 2864K, reserved 1048576K
}

Deoptimization events (10 events):
Event: 24.583 Thread 0x000002026a4b6000 Uncommon trap: reason=array_check action=maybe_recompile pc=0x000002025a4a9994 method=javafx.css.SimpleSelector.applies(Ljavafx/css/Styleable;[Ljava/util/Set;I)Z @ 37 c2
Event: 24.583 Thread 0x000002026a4b6000 Uncommon trap: reason=array_check action=maybe_recompile pc=0x000002025a4a9994 method=javafx.css.SimpleSelector.applies(Ljavafx/css/Styleable;[Ljava/util/Set;I)Z @ 37 c2
Event: 24.583 Thread 0x000002026a4b6000 Uncommon trap: reason=array_check action=maybe_recompile pc=0x000002025a4a9994 method=javafx.css.SimpleSelector.applies(Ljavafx/css/Styleable;[Ljava/util/Set;I)Z @ 37 c2
Event: 24.584 Thread 0x000002026a4b6000 Uncommon trap: reason=array_check action=maybe_recompile pc=0x000002025a4a9994 method=javafx.css.SimpleSelector.applies(Ljavafx/css/Styleable;[Ljava/util/Set;I)Z @ 37 c2
Event: 24.593 Thread 0x000002026a4b6000 Uncommon trap: reason=unstable_if action=reinterpret pc=0x000002025a439d50 method=com.sun.javafx.css.BitSet.add(Ljava/lang/Object;)Z @ 91 c2
Event: 24.737 Thread 0x000002026a4b6000 Uncommon trap: reason=array_check action=maybe_recompile pc=0x000002025a4b8bc4 method=javafx.css.SimpleSelector.applies(Ljavafx/css/Styleable;[Ljava/util/Set;I)Z @ 37 c2
Event: 24.787 Thread 0x000002026a3a4000 Uncommon trap: reason=unstable_if action=reinterpret pc=0x000002025a4bbc24 method=com.sun.javafx.geom.RectBounds.isEmpty()Z @ 21 c2
Event: 48.807 Thread 0x000002026a4b6000 Uncommon trap: reason=unstable_if action=reinterpret pc=0x000002025a3c94c4 method=java.lang.AbstractStringBuilder.append(Ljava/lang/String;)Ljava/lang/AbstractStringBuilder; @ 1 c2
Event: 63.073 Thread 0x000002026a4b6000 Uncommon trap: reason=unstable_if action=reinterpret pc=0x000002025a42511c method=java.util.concurrent.ConcurrentHashMap.putVal(Ljava/lang/Object;Ljava/lang/Object;Z)Ljava/lang/Object; @ 231 c2
Event: 66.632 Thread 0x000002026a4b6000 Uncommon trap: reason=unstable_if action=reinterpret pc=0x000002025a4cfd04 method=java.lang.ThreadLocal$ThreadLocalMap.getEntry(Ljava/lang/ThreadLocal;)Ljava/lang/ThreadLocal$ThreadLocalMap$Entry; @ 21 c2

Classes redefined (0 events):
No events

Internal exceptions (10 events):
Event: 24.487 Thread 0x000002026a4b6000 Exception <a 'java/lang/NoSuchMethodError'{0x0000000088a909c0}: method resolution failed> (0x0000000088a909c0) thrown at [t:/workspace/hotspot/src/share/vm/prims/methodHandles.cpp, line 1256]
Event: 24.489 Thread 0x000002026a4b6000 Exception <a 'java/lang/NoSuchMethodError'{0x0000000088a96ae8}: java.lang.invoke.DirectMethodHandle$Holder.invokeStatic(Ljava/lang/Object;Ljava/lang/Object;J)Ljava/lang/Object;> (0x0000000088a96ae8) thrown at [t:/workspace/hotspot/src/share/vm/interpreter
Event: 24.490 Thread 0x000002026a4b6000 Exception <a 'java/lang/NoSuchMethodError'{0x0000000088a9a0e0}: method resolution failed> (0x0000000088a9a0e0) thrown at [t:/workspace/hotspot/src/share/vm/prims/methodHandles.cpp, line 1256]
Event: 24.765 Thread 0x000002026a3a4000 Exception <a 'java/lang/NoSuchMethodError'{0x0000000088bb27b0}: java.lang.invoke.DirectMethodHandle$Holder.invokeStaticInit(Ljava/lang/Object;I)Ljava/lang/Object;> (0x0000000088bb27b0) thrown at [t:/workspace/hotspot/src/share/vm/interpreter/linkResolver.
Event: 48.807 Thread 0x000002026a4b6000 Implicit null exception at 0x000002025a3c8ff4 to 0x000002025a3c94ad
Event: 48.809 Thread 0x000002026a4b6000 Exception <a 'java/io/FileNotFoundException'{0x0000000088711a58}> (0x0000000088711a58) thrown at [t:/workspace/hotspot/src/share/vm/prims/jni.cpp, line 604]
Event: 48.820 Thread 0x000002026a4b6000 Exception <a 'java/io/FileNotFoundException'{0x0000000088723910}> (0x0000000088723910) thrown at [t:/workspace/hotspot/src/share/vm/prims/jni.cpp, line 604]
Event: 48.823 Thread 0x000002026a4b6000 Exception <a 'java/io/FileNotFoundException'{0x0000000088733848}> (0x0000000088733848) thrown at [t:/workspace/hotspot/src/share/vm/prims/jni.cpp, line 604]
Event: 48.828 Thread 0x000002026a4b6000 Exception <a 'java/io/FileNotFoundException'{0x0000000088745280}> (0x0000000088745280) thrown at [t:/workspace/hotspot/src/share/vm/prims/jni.cpp, line 604]
Event: 66.632 Thread 0x000002026a4b6000 Implicit null exception at 0x000002025a4cfbf8 to 0x000002025a4cfce5

Events (10 events):
Event: 63.133 loading class java/text/StringCharacterIterator done
Event: 63.158 loading class com/sun/prism/impl/ps/CachingShapeRepState$CacheEntry
Event: 63.158 loading class com/sun/prism/impl/ps/CachingShapeRepState$CacheEntry done
Event: 63.159 loading class com/sun/prism/impl/ps/CachingShapeRepState$CacheEntry
Event: 63.159 loading class com/sun/prism/impl/ps/CachingShapeRepState$CacheEntry done
Event: 64.116 loading class com/sun/javafx/tk/quantum/GlassViewEventHandler
Event: 64.116 loading class com/sun/javafx/tk/quantum/GlassViewEventHandler done
Event: 66.632 Thread 0x000002026a4b6000 Uncommon trap: trap_request=0xffffff5d fr.pc=0x000002025a4cfd04 relative=0x0000000000000164
Event: 66.632 Thread 0x000002026a4b6000 DEOPT PACKING pc=0x000002025a4cfd04 sp=0x00000099e47faaf0
Event: 66.632 Thread 0x000002026a4b6000 DEOPT UNPACKING pc=0x000002025291df29 sp=0x00000099e47fa9d0 mode 2


Dynamic libraries:
0x00007ff61cf70000 - 0x00007ff61cfae000 	C:\Program Files\Java\jdk-9.0.1\bin\java.exe
0x00007ffa4d010000 - 0x00007ffa4d1f0000 	C:\WINDOWS\SYSTEM32\ntdll.dll
0x00007ffa4ce30000 - 0x00007ffa4cede000 	C:\WINDOWS\System32\KERNEL32.DLL
0x00007ffa49f00000 - 0x00007ffa4a166000 	C:\WINDOWS\System32\KERNELBASE.dll
0x00007ffa4c1c0000 - 0x00007ffa4c261000 	C:\WINDOWS\System32\ADVAPI32.dll
0x00007ffa4c2e0000 - 0x00007ffa4c37d000 	C:\WINDOWS\System32\msvcrt.dll
0x00007ffa4c8f0000 - 0x00007ffa4c94b000 	C:\WINDOWS\System32\sechost.dll
0x00007ffa4bf00000 - 0x00007ffa4c01f000 	C:\WINDOWS\System32\RPCRT4.dll
0x00007ffa4c760000 - 0x00007ffa4c8ef000 	C:\WINDOWS\System32\USER32.dll
0x00007ffa49e10000 - 0x00007ffa49e30000 	C:\WINDOWS\System32\win32u.dll
0x00007ffa4a720000 - 0x00007ffa4a748000 	C:\WINDOWS\System32\GDI32.dll
0x00007ffa4a170000 - 0x00007ffa4a303000 	C:\WINDOWS\System32\gdi32full.dll
0x00007ffa49d70000 - 0x00007ffa49e0b000 	C:\WINDOWS\System32\msvcp_win.dll
0x00007ffa49b60000 - 0x00007ffa49c56000 	C:\WINDOWS\System32\ucrtbase.dll
0x00007ffa383b0000 - 0x00007ffa38619000 	C:\WINDOWS\WinSxS\amd64_microsoft.windows.common-controls_6595b64144ccf1df_6.0.16299.192_none_15c8cdae9364c23b\COMCTL32.dll
0x00007ffa3d810000 - 0x00007ffa3d81a000 	C:\WINDOWS\SYSTEM32\VERSION.dll
0x00007ffa4c380000 - 0x00007ffa4c688000 	C:\WINDOWS\System32\combase.dll
0x00007ffa49e80000 - 0x00007ffa49ef2000 	C:\WINDOWS\System32\bcryptPrimitives.dll
0x00007ffa4bd60000 - 0x00007ffa4bd8d000 	C:\WINDOWS\System32\IMM32.DLL
0x00007ffa36210000 - 0x00007ffa362ff000 	C:\Program Files\Java\jdk-9.0.1\bin\msvcr120.dll
0x00007ffa27940000 - 0x00007ffa279e6000 	C:\Program Files\Java\jdk-9.0.1\bin\msvcp120.dll
0x00000000715b0000 - 0x0000000071fd4000 	C:\Program Files\Java\jdk-9.0.1\bin\server\jvm.dll
0x00007ffa4ce10000 - 0x00007ffa4ce18000 	C:\WINDOWS\System32\PSAPI.DLL
0x00007ffa45270000 - 0x00007ffa45279000 	C:\WINDOWS\SYSTEM32\WSOCK32.dll
0x00007ffa4c270000 - 0x00007ffa4c2dc000 	C:\WINDOWS\System32\WS2_32.dll
0x00007ffa474e0000 - 0x00007ffa47503000 	C:\WINDOWS\SYSTEM32\WINMM.dll
0x00007ffa474b0000 - 0x00007ffa474da000 	C:\WINDOWS\SYSTEM32\WINMMBASE.dll
0x00007ffa49e30000 - 0x00007ffa49e7a000 	C:\WINDOWS\System32\cfgmgr32.dll
0x00007ffa45fe0000 - 0x00007ffa45fef000 	C:\Program Files\Java\jdk-9.0.1\bin\verify.dll
0x00007ffa3e760000 - 0x00007ffa3e787000 	C:\Program Files\Java\jdk-9.0.1\bin\java.dll
0x00007ffa396b0000 - 0x00007ffa396da000 	C:\Program Files\Java\jdk-9.0.1\bin\instrument.dll
0x00007ffa3e6a0000 - 0x00007ffa3e6b6000 	C:\Program Files\Java\jdk-9.0.1\bin\zip.dll
0x00007ffa438d0000 - 0x00007ffa438da000 	C:\Program Files\Java\jdk-9.0.1\bin\jimage.dll
0x00007ffa4a920000 - 0x00007ffa4bd56000 	C:\WINDOWS\System32\SHELL32.dll
0x00007ffa4a670000 - 0x00007ffa4a716000 	C:\WINDOWS\System32\shcore.dll
0x00007ffa49410000 - 0x00007ffa49b57000 	C:\WINDOWS\System32\windows.storage.dll
0x00007ffa4cee0000 - 0x00007ffa4cf31000 	C:\WINDOWS\System32\shlwapi.dll
0x00007ffa493a0000 - 0x00007ffa493b1000 	C:\WINDOWS\System32\kernel.appcore.dll
0x00007ffa493c0000 - 0x00007ffa4940c000 	C:\WINDOWS\System32\powrprof.dll
0x00007ffa49360000 - 0x00007ffa4937b000 	C:\WINDOWS\System32\profapi.dll
0x00007ffa3e650000 - 0x00007ffa3e66a000 	C:\Program Files\Java\jdk-9.0.1\bin\net.dll
0x00007ffa435d0000 - 0x00007ffa436ae000 	C:\WINDOWS\SYSTEM32\WINHTTP.dll
0x00007ffa48bf0000 - 0x00007ffa48c56000 	C:\WINDOWS\system32\mswsock.dll
0x00007ffa396e0000 - 0x00007ffa396f1000 	C:\Program Files\Java\jdk-9.0.1\bin\nio.dll
0x00007ffa3cab0000 - 0x00007ffa3caca000 	C:\Program Files\JetBrains\IntelliJ IDEA Community Edition 2017.3.4\bin\breakgen64.dll
0x000002026ab50000 - 0x000002026ab53000 	C:\Program Files\Java\jdk-9.0.1\bin\api-ms-win-core-console-l1-1-0.dll
0x000002026ab60000 - 0x000002026ab63000 	C:\Program Files\Java\jdk-9.0.1\bin\api-ms-win-core-datetime-l1-1-0.dll
0x000002026ab70000 - 0x000002026ab73000 	C:\Program Files\Java\jdk-9.0.1\bin\api-ms-win-core-debug-l1-1-0.dll
0x000002026ab80000 - 0x000002026ab83000 	C:\Program Files\Java\jdk-9.0.1\bin\api-ms-win-core-errorhandling-l1-1-0.dll
0x000002026ab90000 - 0x000002026ab94000 	C:\Program Files\Java\jdk-9.0.1\bin\api-ms-win-core-file-l1-1-0.dll
0x000002026aba0000 - 0x000002026aba3000 	C:\Program Files\Java\jdk-9.0.1\bin\api-ms-win-core-file-l1-2-0.dll
0x000002026abb0000 - 0x000002026abb3000 	C:\Program Files\Java\jdk-9.0.1\bin\api-ms-win-core-file-l2-1-0.dll
0x000002026abc0000 - 0x000002026abc3000 	C:\Program Files\Java\jdk-9.0.1\bin\api-ms-win-core-handle-l1-1-0.dll
0x000002026abd0000 - 0x000002026abd3000 	C:\Program Files\Java\jdk-9.0.1\bin\api-ms-win-core-heap-l1-1-0.dll
0x000002026abe0000 - 0x000002026abe3000 	C:\Program Files\Java\jdk-9.0.1\bin\api-ms-win-core-interlocked-l1-1-0.dll
0x000002026abf0000 - 0x000002026abf3000 	C:\Program Files\Java\jdk-9.0.1\bin\api-ms-win-core-libraryloader-l1-1-0.dll
0x000002026ac00000 - 0x000002026ac03000 	C:\Program Files\Java\jdk-9.0.1\bin\api-ms-win-core-localization-l1-2-0.dll
0x000002026ac10000 - 0x000002026ac13000 	C:\Program Files\Java\jdk-9.0.1\bin\api-ms-win-core-memory-l1-1-0.dll
0x000002026ac20000 - 0x000002026ac23000 	C:\Program Files\Java\jdk-9.0.1\bin\api-ms-win-core-namedpipe-l1-1-0.dll
0x000002026ac30000 - 0x000002026ac33000 	C:\Program Files\Java\jdk-9.0.1\bin\api-ms-win-core-processenvironment-l1-1-0.dll
0x000002026ac40000 - 0x000002026ac43000 	C:\Program Files\Java\jdk-9.0.1\bin\api-ms-win-core-processthreads-l1-1-0.dll
0x000002026ac50000 - 0x000002026ac53000 	C:\Program Files\Java\jdk-9.0.1\bin\api-ms-win-core-processthreads-l1-1-1.dll
0x000002026ac60000 - 0x000002026ac63000 	C:\Program Files\Java\jdk-9.0.1\bin\api-ms-win-core-profile-l1-1-0.dll
0x000002026ac70000 - 0x000002026ac73000 	C:\Program Files\Java\jdk-9.0.1\bin\api-ms-win-core-rtlsupport-l1-1-0.dll
0x000002026ac80000 - 0x000002026ac83000 	C:\Program Files\Java\jdk-9.0.1\bin\api-ms-win-core-string-l1-1-0.dll
0x000002026ac90000 - 0x000002026ac93000 	C:\Program Files\Java\jdk-9.0.1\bin\api-ms-win-core-synch-l1-1-0.dll
0x000002026aca0000 - 0x000002026aca3000 	C:\Program Files\Java\jdk-9.0.1\bin\api-ms-win-core-synch-l1-2-0.dll
0x000002026acb0000 - 0x000002026acb3000 	C:\Program Files\Java\jdk-9.0.1\bin\api-ms-win-core-sysinfo-l1-1-0.dll
0x000002026acc0000 - 0x000002026acc3000 	C:\Program Files\Java\jdk-9.0.1\bin\api-ms-win-core-timezone-l1-1-0.dll
0x000002026acd0000 - 0x000002026acd3000 	C:\Program Files\Java\jdk-9.0.1\bin\api-ms-win-core-util-l1-1-0.dll
0x000002026ace0000 - 0x000002026ace3000 	C:\Program Files\Java\jdk-9.0.1\bin\api-ms-win-crt-conio-l1-1-0.dll
0x000002026acf0000 - 0x000002026acf4000 	C:\Program Files\Java\jdk-9.0.1\bin\api-ms-win-crt-convert-l1-1-0.dll
0x000002026ad00000 - 0x000002026ad03000 	C:\Program Files\Java\jdk-9.0.1\bin\api-ms-win-crt-environment-l1-1-0.dll
0x000002026ad10000 - 0x000002026ad13000 	C:\Program Files\Java\jdk-9.0.1\bin\api-ms-win-crt-filesystem-l1-1-0.dll
0x000002026ad20000 - 0x000002026ad23000 	C:\Program Files\Java\jdk-9.0.1\bin\api-ms-win-crt-heap-l1-1-0.dll
0x000002026ad30000 - 0x000002026ad33000 	C:\Program Files\Java\jdk-9.0.1\bin\api-ms-win-crt-locale-l1-1-0.dll
0x000002026ad40000 - 0x000002026ad45000 	C:\Program Files\Java\jdk-9.0.1\bin\api-ms-win-crt-math-l1-1-0.dll
0x000002026ad50000 - 0x000002026ad55000 	C:\Program Files\Java\jdk-9.0.1\bin\api-ms-win-crt-multibyte-l1-1-0.dll
0x000002026ad60000 - 0x000002026ad70000 	C:\Program Files\Java\jdk-9.0.1\bin\api-ms-win-crt-private-l1-1-0.dll
0x000002026ad70000 - 0x000002026ad73000 	C:\Program Files\Java\jdk-9.0.1\bin\api-ms-win-crt-process-l1-1-0.dll
0x000002026ad80000 - 0x000002026ad84000 	C:\Program Files\Java\jdk-9.0.1\bin\api-ms-win-crt-runtime-l1-1-0.dll
0x000002026ad90000 - 0x000002026ad94000 	C:\Program Files\Java\jdk-9.0.1\bin\api-ms-win-crt-stdio-l1-1-0.dll
0x000002026ada0000 - 0x000002026ada4000 	C:\Program Files\Java\jdk-9.0.1\bin\api-ms-win-crt-string-l1-1-0.dll
0x000002026adb0000 - 0x000002026adb3000 	C:\Program Files\Java\jdk-9.0.1\bin\api-ms-win-crt-time-l1-1-0.dll
0x000002026adc0000 - 0x000002026adc3000 	C:\Program Files\Java\jdk-9.0.1\bin\api-ms-win-crt-utility-l1-1-0.dll
0x00007ffa21720000 - 0x00007ffa21816000 	C:\Program Files\Java\jdk-9.0.1\bin\ucrtbase.dll
0x00007ffa39010000 - 0x00007ffa39026000 	C:\Program Files\Java\jdk-9.0.1\bin\vcruntime140.dll
0x00007ffa280d0000 - 0x00007ffa2816c000 	C:\Program Files\Java\jdk-9.0.1\bin\msvcp140.dll
0x00007ffa334b0000 - 0x00007ffa33501000 	C:\Program Files\Java\jdk-9.0.1\bin\concrt140.dll
0x00007ffa33e70000 - 0x00007ffa33e93000 	C:\Program Files\Java\jdk-9.0.1\bin\prism_d3d.dll
0x00007ffa21230000 - 0x00007ffa213c5000 	C:\WINDOWS\system32\d3d9.dll
0x00007ffa47c80000 - 0x00007ffa47caa000 	C:\WINDOWS\SYSTEM32\dwmapi.dll
0x00007ffa47b20000 - 0x00007ffa47bb5000 	C:\WINDOWS\system32\uxtheme.dll
0x00007ffa0b010000 - 0x00007ffa0d54d000 	C:\WINDOWS\SYSTEM32\igdumdim64.dll
0x00007ffa4c690000 - 0x00007ffa4c755000 	C:\WINDOWS\System32\OLEAUT32.dll
0x00007ffa4a7d0000 - 0x00007ffa4a919000 	C:\WINDOWS\System32\ole32.dll
0x00007ffa4c9b0000 - 0x00007ffa4cdfe000 	C:\WINDOWS\System32\SETUPAPI.dll
0x00007ffa30f20000 - 0x00007ffa30f6a000 	C:\Program Files\Java\jdk-9.0.1\bin\glass.dll
0x00007ffa4a4e0000 - 0x00007ffa4a5ea000 	C:\WINDOWS\System32\COMDLG32.dll
0x00007ffa4bd90000 - 0x00007ffa4bef7000 	C:\WINDOWS\System32\MSCTF.dll
0x00007ffa24920000 - 0x00007ffa2494c000 	C:\PROGRA~2\RAPTRI~1\Raptr\ltc_help64-119906.dll
0x00007ffa49c60000 - 0x00007ffa49cb8000 	C:\WINDOWS\System32\WINTRUST.dll
0x00007ffa49380000 - 0x00007ffa49392000 	C:\WINDOWS\System32\MSASN1.dll
0x00007ffa4a310000 - 0x00007ffa4a4de000 	C:\WINDOWS\System32\CRYPT32.dll
0x00007ffa36e50000 - 0x00007ffa3788f000 	C:\WINDOWS\SYSTEM32\igdusc64.dll
0x00007ffa285e0000 - 0x00007ffa285f9000 	C:\Program Files (x86)\Smadav\SmadHook64.dll
0x00007ffa33730000 - 0x00007ffa33744000 	C:\Program Files\Java\jdk-9.0.1\bin\javafx_font.dll
0x00007ffa1d660000 - 0x00007ffa1d7f9000 	C:\Program Files\Java\jdk-9.0.1\bin\awt.dll
0x00007ffa46e10000 - 0x00007ffa473c8000 	C:\WINDOWS\SYSTEM32\d2d1.dll
0x00007ffa47910000 - 0x00007ffa47998000 	C:\WINDOWS\SYSTEM32\apphelp.dll
0x00007ffa21f00000 - 0x00007ffa21f9d000 	C:\Program Files\Java\jdk-9.0.1\bin\fontmanager.dll
0x00007ffa36b40000 - 0x00007ffa36e4f000 	C:\WINDOWS\SYSTEM32\dwrite.dll
0x00007ffa4cf40000 - 0x00007ffa4cfde000 	C:\WINDOWS\System32\clbcatq.dll
0x00007ffa42630000 - 0x00007ffa427db000 	C:\WINDOWS\SYSTEM32\WindowsCodecs.dll
0x00007ffa36930000 - 0x00007ffa3697f000 	C:\WINDOWS\system32\dataexchange.dll
0x00007ffa46a10000 - 0x00007ffa46cf1000 	C:\WINDOWS\system32\d3d11.dll
0x00007ffa46870000 - 0x00007ffa469b2000 	C:\WINDOWS\system32\dcomp.dll
0x00007ffa48180000 - 0x00007ffa4822f000 	C:\WINDOWS\system32\dxgi.dll
0x00007ffa47cb0000 - 0x00007ffa47e2b000 	C:\WINDOWS\system32\twinapi.appcore.dll
0x00007ffa47c60000 - 0x00007ffa47c80000 	C:\WINDOWS\system32\RMCLIENT.dll
0x00007ffa48ec0000 - 0x00007ffa48ee5000 	C:\WINDOWS\system32\bcrypt.dll
0x00007ffa30f70000 - 0x00007ffa30fa4000 	C:\Program Files\Common Files\Microsoft Shared\Ink\rtscom.dll
0x00007ffa45960000 - 0x00007ffa459f8000 	C:\WINDOWS\System32\TextInputFramework.dll
0x00007ffa46d30000 - 0x00007ffa46e0c000 	C:\WINDOWS\System32\CoreMessaging.dll
0x00007ffa40640000 - 0x00007ffa4092e000 	C:\WINDOWS\System32\CoreUIComponents.dll
0x00007ffa484d0000 - 0x00007ffa48501000 	C:\WINDOWS\SYSTEM32\ntmarta.dll
0x00007ffa460f0000 - 0x00007ffa46226000 	C:\WINDOWS\SYSTEM32\wintypes.dll
0x00007ffa30c00000 - 0x00007ffa30c12000 	C:\Program Files\Java\jdk-9.0.1\bin\prism_common.dll

VM Arguments:
jvm_args: -javaagent:C:\Program Files\JetBrains\IntelliJ IDEA Community Edition 2017.3.4\lib\idea_rt.jar=56934:C:\Program Files\JetBrains\IntelliJ IDEA Community Edition 2017.3.4\bin -Dfile.encoding=UTF-8 
java_command: Program.MainClass
java_class_path (initial): C:\Program Files\Java\jdk-9.0.1;E:\Documents\Java Projects\GCS Serial Port\out\production\Serial Port;E:\Documents\Java Projects\GCS Serial Port\library\jssc-2.8.0.jar;E:\Documents\Java Projects\GCS Serial Port\library\RXTXcomm.jar;E:\Documents\Java Projects\GCS Serial Port\library\rxtx-2.1.7.jar
Launcher Type: SUN_STANDARD

Logging:
Log output configuration:
#0: stdout all=warning uptime,level,tags
#1: stderr all=off uptime,level,tags

Environment Variables:
PATH=C:\ProgramData\Oracle\Java\javapath;C:\WINDOWS\system32;C:\WINDOWS;C:\WINDOWS\System32\Wbem;C:\WINDOWS\System32\WindowsPowerShell\v1.0\;C:\Program Files\Microsoft SQL Server\130\Tools\Binn\;C:\Program Files\Git\cmd;C:\Program Files\PuTTY\;C:\Program Files\Java\jdk-9.0.1\bin;C:\Users\User\AppData\Local\Microsoft\WindowsApps;
USERNAME=Aldian Putra
OS=Windows_NT
PROCESSOR_IDENTIFIER=Intel64 Family 6 Model 61 Stepping 4, GenuineIntel



---------------  S Y S T E M  ---------------

OS: Windows 10 , 64 bit Build 16299 (10.0.16299.15)

CPU:total 4 (initial active 4) (2 cores per cpu, 2 threads per core) family 6 model 61 stepping 4, cmov, cx8, fxsr, mmx, sse, sse2, sse3, ssse3, sse4.1, sse4.2, popcnt, avx, avx2, aes, clmul, erms, 3dnowpref, lzcnt, ht, tsc, tscinvbit, bmi1, bmi2, adx, fma

Memory: 4k page, physical 8305600k(3083596k free), swap 10837040k(2360176k free)

vm_info: Java HotSpot(TM) 64-Bit Server VM (9.0.1+11) for windows-amd64 JRE (9.0.1+11), built on Sep 28 2017 04:54:03 by "mach5one" with MS VC++ 12.0 (VS2013)

END.
